  {
    "event_id": "END-000055",
    "timestamp": "2020-11-02T04:13:01.085Z",
    "sector": "endpoint",
    "source_dataset": "mordor_endpoint_powershell_httplistener",
    "asset": "WORKSTATION5",
    "event_type": "endpoint_command_execution",
    "severity": "medium",
    "confidence": 0.72,
    "label": "endpoint_event",
    "endpoint": {
      "hostname": "WORKSTATION5",
      "event_id": 10,
      "source_name": "Microsoft-Windows-Sysmon",
      "channel": "Microsoft-Windows-Sysmon/Operational",
      "level": "4",
      "message": "Process accessed:\r\nRuleName: -\r\nUtcTime: 2020-11-02 09:13:01.071\r\nSourceProcessGUID: {39e4a257-f1b3-5f8b-a700-000000000700}\r\nSourceProcessId: 1072\r\nSourceThreadId: 4688\r\nSourceImage: C:\\windows\\Explorer.EXE\r\nTargetProcessGUID: {39e4a257-f247-5f8b-d300-000000000700}\r\nTargetProcessId: 4368\r\nTargetImage: C:\\Windows\\SystemApps\\InputApp_cw5n1h2txyewy\\WindowsInternal.ComposableShell.Experiences.TextInput.InputApp.exe\r\nGrantedAccess: 0x2000\r\nCallTrace: C:\\windows\\SYSTEM32\\ntdll.dll+9c584|C:\\windows\\System32\\KERNELBASE.dll+305fe|C:\\windows\\system32\\twinui.dll+72a89|C:\\windows\\system32\\twinui.dll+785b2|C:\\windows\\system32\\twinui.dll+1780b|C:\\windows\\system32\\twinui.dll+1734c|C:\\windows\\system32\\twinui.dll+68f7a|C:\\windows\\system32\\twinui.dll+16e09|C:\\windows\\system32\\twinui.dll+16f4b|C:\\windows\\system32\\twinui.dll+16ecd|C:\\windows\\System32\\USER32.dll+15c1d|C:\\windows\\System32\\USER32.dll+15612|C:\\Windows\\System32\\windows.immersiveshell.serviceprovider.dll+45f0|C:\\Windows\\System32\\windows.immersiveshell.serviceprovider.dll+41b9|C:\\Windows\\System32\\windows.immersiveshell.serviceprovider.dll+3e4f|C:\\windows\\System32\\KERNEL32.DLL+17c24|C:\\windows\\SYSTEM32\\ntdll.dll+6cea1",
      "signals": [
        "process_or_command_activity"
      ]
    },
    "evidence_ref": {
      "source_file": "psh_powershell_httplistener_2020-11-0204130683.json",
      "row_id": 55,
      "columns": [
        "Message",
        "EventID",
        "SourceName",
        "Hostname",
        "@timestamp",
        "Channel"
      ]
    }
  },
  {
    "event_id": "END-000056",
    "timestamp": "2020-11-02T04:13:01.086Z",
    "sector": "endpoint",
    "source_dataset": "mordor_endpoint_powershell_httplistener",
    "asset": "WORKSTATION5",
    "event_type": "endpoint_powershell_activity",
    "severity": "medium",
    "confidence": 0.78,
    "label": "endpoint_event",
    "endpoint": {
      "hostname": "WORKSTATION5",
      "event_id": 10,
      "source_name": "Microsoft-Windows-Sysmon",
      "channel": "Microsoft-Windows-Sysmon/Operational",
      "level": "4",
      "message": "Process accessed:\r\nRuleName: -\r\nUtcTime: 2020-11-02 09:13:01.071\r\nSourceProcessGUID: {39e4a257-f1b3-5f8b-a700-000000000700}\r\nSourceProcessId: 1072\r\nSourceThreadId: 4688\r\nSourceImage: C:\\windows\\Explorer.EXE\r\nTargetProcessGUID: {39e4a257-cd82-5f9f-f949-000000000700}\r\nTargetProcessId: 10668\r\nTargetImage: C:\\Windows\\System32\\WindowsPowerShell\\v1.0\\powershell.exe\r\nGrantedAccess: 0x2000\r\nCallTrace: C:\\windows\\SYSTEM32\\ntdll.dll+9c584|C:\\windows\\System32\\KERNELBASE.dll+305fe|C:\\windows\\system32\\twinui.dll+72a89|C:\\windows\\system32\\twinui.dll+785b2|C:\\windows\\system32\\twinui.dll+1780b|C:\\windows\\system32\\twinui.dll+1734c|C:\\windows\\system32\\twinui.dll+68f7a|C:\\windows\\system32\\twinui.dll+16e09|C:\\windows\\system32\\twinui.dll+16f4b|C:\\windows\\system32\\twinui.dll+16ecd|C:\\windows\\System32\\USER32.dll+15c1d|C:\\windows\\System32\\USER32.dll+15612|C:\\Windows\\System32\\windows.immersiveshell.serviceprovider.dll+45f0|C:\\Windows\\System32\\windows.immersiveshell.serviceprovider.dll+41b9|C:\\Windows\\System32\\windows.immersiveshell.serviceprovider.dll+3e4f|C:\\windows\\System32\\KERNEL32.DLL+17c24|C:\\windows\\SYSTEM32\\ntdll.dll+6cea1",
      "signals": [
        "powershell_activity",
        "process_or_command_activity"
      ]
    },
    "evidence_ref": {
      "source_file": "psh_powershell_httplistener_2020-11-0204130683.json",
      "row_id": 56,
      "columns": [
        "Message",
        "EventID",
        "SourceName",
        "Hostname",
        "@timestamp",
        "Channel"
      ]
    }
  },
  {
    "event_id": "END-000057",
    "timestamp": "2020-11-02T04:13:01.091Z",
    "sector": "endpoint",
    "source_dataset": "mordor_endpoint_powershell_httplistener",
    "asset": "WORKSTATION5",
    "event_type": "endpoint_powershell_activity",
    "severity": "medium",
    "confidence": 0.78,
    "label": "endpoint_event",
    "endpoint": {
      "hostname": "WORKSTATION5",
      "event_id": 10,
      "source_name": "Microsoft-Windows-Sysmon",
      "channel": "Microsoft-Windows-Sysmon/Operational",
      "level": "4",
      "message": "Process accessed:\r\nRuleName: -\r\nUtcTime: 2020-11-02 09:13:01.071\r\nSourceProcessGUID: {39e4a257-f1b3-5f8b-a700-000000000700}\r\nSourceProcessId: 1072\r\nSourceThreadId: 4688\r\nSourceImage: C:\\windows\\Explorer.EXE\r\nTargetProcessGUID: {39e4a257-41a0-5f9a-2d36-000000000700}\r\nTargetProcessId: 13264\r\nTargetImage: C:\\Windows\\System32\\WindowsPowerShell\\v1.0\\powershell.exe\r\nGrantedAccess: 0x2000\r\nCallTrace: C:\\windows\\SYSTEM32\\ntdll.dll+9c584|C:\\windows\\System32\\KERNELBASE.dll+305fe|C:\\windows\\system32\\twinui.dll+72a89|C:\\windows\\system32\\twinui.dll+785b2|C:\\windows\\system32\\twinui.dll+1780b|C:\\windows\\system32\\twinui.dll+1734c|C:\\windows\\system32\\twinui.dll+68f7a|C:\\windows\\system32\\twinui.dll+16e09|C:\\windows\\system32\\twinui.dll+16f4b|C:\\windows\\system32\\twinui.dll+16ecd|C:\\windows\\System32\\USER32.dll+15c1d|C:\\windows\\System32\\USER32.dll+15612|C:\\Windows\\System32\\windows.immersiveshell.serviceprovider.dll+45f0|C:\\Windows\\System32\\windows.immersiveshell.serviceprovider.dll+41b9|C:\\Windows\\System32\\windows.immersiveshell.serviceprovider.dll+3e4f|C:\\windows\\System32\\KERNEL32.DLL+17c24|C:\\windows\\SYSTEM32\\ntdll.dll+6cea1",
      "signals": [
        "powershell_activity",
        "process_or_command_activity"
      ]
    },
    "evidence_ref": {
      "source_file": "psh_powershell_httplistener_2020-11-0204130683.json",
      "row_id": 57,
      "columns": [
        "Message",
        "EventID",
        "SourceName",
        "Hostname",
        "@timestamp",
        "Channel"
      ]
    }
  },
  {
    "event_id": "END-000058",
    "timestamp": "2020-11-02T04:13:01.091Z",
    "sector": "endpoint",
    "source_dataset": "mordor_endpoint_powershell_httplistener",
    "asset": "WORKSTATION5",
    "event_type": "endpoint_powershell_activity",
    "severity": "medium",
    "confidence": 0.78,
    "label": "endpoint_event",
    "endpoint": {
      "hostname": "WORKSTATION5",
      "event_id": 10,
      "source_name": "Microsoft-Windows-Sysmon",
      "channel": "Microsoft-Windows-Sysmon/Operational",
      "level": "4",
      "message": "Process accessed:\r\nRuleName: -\r\nUtcTime: 2020-11-02 09:13:01.071\r\nSourceProcessGUID: {39e4a257-f1b3-5f8b-a700-000000000700}\r\nSourceProcessId: 1072\r\nSourceThreadId: 10552\r\nSourceImage: C:\\windows\\Explorer.EXE\r\nTargetProcessGUID: {39e4a257-cd82-5f9f-f949-000000000700}\r\nTargetProcessId: 10668\r\nTargetImage: C:\\Windows\\System32\\WindowsPowerShell\\v1.0\\powershell.exe\r\nGrantedAccess: 0x1000\r\nCallTrace: C:\\windows\\SYSTEM32\\ntdll.dll+9c584|C:\\windows\\System32\\KERNELBASE.dll+305fe|C:\\Windows\\System32\\TaskFlowDataEngine.dll+cf160|C:\\Windows\\System32\\TaskFlowDataEngine.dll+9827b|C:\\Windows\\System32\\TaskFlowDataEngine.dll+978ff|C:\\Windows\\System32\\TaskFlowDataEngine.dll+973f9|C:\\Windows\\System32\\TaskFlowDataEngine.dll+96e25|C:\\Windows\\System32\\TaskFlowDataEngine.dll+94c85|C:\\Windows\\System32\\TaskFlowDataEngine.dll+93658|C:\\Windows\\System32\\TaskFlowDataEngine.dll+9dfb1|C:\\windows\\System32\\shcore.dll+c540|C:\\windows\\System32\\shcore.dll+c1c8|C:\\windows\\System32\\shcore.dll+ac61|C:\\windows\\System32\\KERNEL32.DLL+17c24|C:\\windows\\SYSTEM32\\ntdll.dll+6cea1",
      "signals": [
        "powershell_activity",
        "process_or_command_activity"
      ]
    },
    "evidence_ref": {
      "source_file": "psh_powershell_httplistener_2020-11-0204130683.json",
      "row_id": 58,
      "columns": [
        "Message",
        "EventID",
        "SourceName",
        "Hostname",
        "@timestamp",
        "Channel"
      ]
    }
  },
  {
    "event_id": "END-000059",
    "timestamp": "2020-11-02T04:13:01.091Z",
    "sector": "endpoint",
    "source_dataset": "mordor_endpoint_powershell_httplistener",
    "asset": "WORKSTATION5",
    "event_type": "endpoint_powershell_activity",
    "severity": "medium",
    "confidence": 0.78,
    "label": "endpoint_event",
    "endpoint": {
      "hostname": "WORKSTATION5",
      "event_id": 10,
      "source_name": "Microsoft-Windows-Sysmon",
      "channel": "Microsoft-Windows-Sysmon/Operational",
      "level": "4",
      "message": "Process accessed:\r\nRuleName: -\r\nUtcTime: 2020-11-02 09:13:01.071\r\nSourceProcessGUID: {39e4a257-f1b3-5f8b-a700-000000000700}\r\nSourceProcessId: 1072\r\nSourceThreadId: 7496\r\nSourceImage: C:\\windows\\Explorer.EXE\r\nTargetProcessGUID: {39e4a257-cd82-5f9f-f949-000000000700}\r\nTargetProcessId: 10668\r\nTargetImage: C:\\Windows\\System32\\WindowsPowerShell\\v1.0\\powershell.exe\r\nGrantedAccess: 0x1000\r\nCallTrace: C:\\windows\\SYSTEM32\\ntdll.dll+9c584|C:\\windows\\System32\\KERNELBASE.dll+305fe|C:\\windows\\System32\\NPSMDesktopProvider.dll+1dbfa|C:\\windows\\System32\\NPSMDesktopProvider.dll+139e2|C:\\windows\\System32\\NPSMDesktopProvider.dll+1415b|C:\\windows\\System32\\shcore.dll+c540|C:\\windows\\System32\\shcore.dll+c1c8|C:\\windows\\System32\\shcore.dll+ac61|C:\\windows\\System32\\KERNEL32.DLL+17c24|C:\\windows\\SYSTEM32\\ntdll.dll+6cea1",
      "signals": [
        "powershell_activity",
        "process_or_command_activity"
      ]
    },
    "evidence_ref": {
      "source_file": "psh_powershell_httplistener_2020-11-0204130683.json",
      "row_id": 59,
      "columns": [
        "Message",
        "EventID",
        "SourceName",
        "Hostname",
        "@timestamp",
        "Channel"
      ]
    }
  },
  {
    "event_id": "END-000060",
    "timestamp": "2020-11-02T04:13:01.149Z",
    "sector": "endpoint",
    "source_dataset": "mordor_endpoint_powershell_httplistener",
    "asset": "WORKSTATION5",
    "event_type": "endpoint_command_execution",
    "severity": "medium",
    "confidence": 0.72,
    "label": "endpoint_event",
    "endpoint": {
      "hostname": "WORKSTATION5",
      "event_id": 12,
      "source_name": "Microsoft-Windows-Sysmon",
      "channel": "Microsoft-Windows-Sysmon/Operational",
      "level": "4",
      "message": "Registry object added or deleted:\r\nRuleName: -\r\nEventType: CreateKey\r\nUtcTime: 2020-11-02 09:13:01.149\r\nProcessGuid: {39e4a257-f1b3-5f8b-a700-000000000700}\r\nProcessId: 1072\r\nImage: C:\\windows\\Explorer.EXE\r\nTargetObject: HKU\\S-1-5-21-3940915590-64593676-1414006259-500\\Software\\Microsoft\\Windows\\CurrentVersion\\Explorer\\SessionInfo\\2\\ApplicationViewManagement\\W32:00000000004902B2",
      "signals": [
        "process_or_command_activity"
      ]
    },
    "evidence_ref": {
      "source_file": "psh_powershell_httplistener_2020-11-0204130683.json",
      "row_id": 60,
      "columns": [
        "Message",
        "EventID",
        "SourceName",
        "Hostname",
        "@timestamp",
        "Channel"
      ]
    }
  },
  {
    "event_id": "END-000061",
    "timestamp": "2020-11-02T04:13:01.150Z",
    "sector": "endpoint",
    "source_dataset": "mordor_endpoint_powershell_httplistener",
    "asset": "WORKSTATION5",
    "event_type": "endpoint_command_execution",
    "severity": "medium",
    "confidence": 0.72,
    "label": "endpoint_event",
    "endpoint": {
      "hostname": "WORKSTATION5",
      "event_id": 13,
      "source_name": "Microsoft-Windows-Sysmon",
      "channel": "Microsoft-Windows-Sysmon/Operational",
      "level": "4",
      "message": "Registry value set:\r\nRuleName: -\r\nEventType: SetValue\r\nUtcTime: 2020-11-02 09:13:01.149\r\nProcessGuid: {39e4a257-f1b3-5f8b-a700-000000000700}\r\nProcessId: 1072\r\nImage: C:\\windows\\Explorer.EXE\r\nTargetObject: HKU\\S-1-5-21-3940915590-64593676-1414006259-500\\Software\\Microsoft\\Windows\\CurrentVersion\\Explorer\\SessionInfo\\2\\ApplicationViewManagement\\W32:00000000004902B2\\VirtualDesktop\r\nDetails: Binary Data",
      "signals": [
        "process_or_command_activity"
      ]
    },
    "evidence_ref": {
      "source_file": "psh_powershell_httplistener_2020-11-0204130683.json",
      "row_id": 61,
      "columns": [
        "Message",
        "EventID",
        "SourceName",
        "Hostname",
        "@timestamp",
        "Channel"
      ]
    }
  },
  {
    "event_id": "END-000062",
    "timestamp": "2020-11-02T04:13:01.576Z",
    "sector": "endpoint",
    "source_dataset": "mordor_endpoint_powershell_httplistener",
    "asset": "WORKSTATION5",
    "event_type": "endpoint_command_execution",
    "severity": "medium",
    "confidence": 0.72,
    "label": "endpoint_event",
    "endpoint": {
      "hostname": "WORKSTATION5",
      "event_id": 7,
      "source_name": "Microsoft-Windows-Sysmon",
      "channel": "Microsoft-Windows-Sysmon/Operational",
      "level": "4",
      "message": "Image loaded:\r\nRuleName: -\r\nUtcTime: 2020-11-02 09:13:01.571\r\nProcessGuid: {39e4a257-cd82-5f9f-fa49-000000000700}\r\nProcessId: 12692\r\nImage: C:\\Windows\\System32\\conhost.exe\r\nImageLoaded: C:\\Windows\\System32\\edputil.dll\r\nFileVersion: 10.0.18362.1 (WinBuild.160101.0800)\r\nDescription: EDP util\r\nProduct: Microsoft\u00ae Windows\u00ae Operating System\r\nCompany: Microsoft Corporation\r\nOriginalFileName: EDPUTIL.DLL\r\nHashes: SHA1=13D34F2596A43A2467CFC901CEEBE8457B7F195F,MD5=85B87A7B4F529EC541818C241B8C0F43,SHA256=2505CBAB7459C0ECD8EDDCD3E2C09827B08D718BAF197AB24BB4E69B3948A27F,IMPHASH=3173150472840D83979F027AE2D1081C\r\nSigned: true\r\nSignature: Microsoft Windows\r\nSignatureStatus: Valid",
      "signals": [
        "process_or_command_activity"
      ]
    },
    "evidence_ref": {
      "source_file": "psh_powershell_httplistener_2020-11-0204130683.json",
      "row_id": 62,
      "columns": [
        "Message",
        "EventID",
        "SourceName",
        "Hostname",
        "@timestamp",
        "Channel"
      ]
    }
  },
  {
    "event_id": "END-000063",
    "timestamp": "2020-11-02T04:13:01.711Z",
    "sector": "endpoint",
    "source_dataset": "mordor_endpoint_powershell_httplistener",
    "asset": "WORKSTATION5",
    "event_type": "endpoint_powershell_activity",
    "severity": "medium",
    "confidence": 0.78,
    "label": "endpoint_event",
    "endpoint": {
      "hostname": "WORKSTATION5",
      "event_id": 7,
      "source_name": "Microsoft-Windows-Sysmon",
      "channel": "Microsoft-Windows-Sysmon/Operational",
      "level": "4",
      "message": "Image loaded:\r\nRuleName: -\r\nUtcTime: 2020-11-02 09:13:01.695\r\nProcessGuid: {39e4a257-cd82-5f9f-f949-000000000700}\r\nProcessId: 10668\r\nImage: C:\\Windows\\System32\\WindowsPowerShell\\v1.0\\powershell.exe\r\nImageLoaded: C:\\Windows\\System32\\httpapi.dll\r\nFileVersion: 10.0.18362.1 (WinBuild.160101.0800)\r\nDescription: HTTP Protocol Stack API\r\nProduct: Microsoft\u00ae Windows\u00ae Operating System\r\nCompany: Microsoft Corporation\r\nOriginalFileName: httpapi.dll\r\nHashes: SHA1=C608B077806D8B905C50FC023B8A4666CC35A1B3,MD5=38AFA52FD7161B95F3927CC6B95896B6,SHA256=5B47DBE7FFF515409EC916AEB152503798CE453871BE34823870BD50C38643F0,IMPHASH=CC2E69927A5241B7E666C7698B40F6AE\r\nSigned: true\r\nSignature: Microsoft Windows\r\nSignatureStatus: Valid",
      "signals": [
        "powershell_activity",
        "process_or_command_activity"
      ]
    },
    "evidence_ref": {
      "source_file": "psh_powershell_httplistener_2020-11-0204130683.json",
      "row_id": 63,
      "columns": [
        "Message",
        "EventID",
        "SourceName",
        "Hostname",
        "@timestamp",
        "Channel"
      ]
    }
  },
  {
    "event_id": "END-000064",
    "timestamp": "2020-11-02T04:13:01.798Z",
    "sector": "endpoint",
    "source_dataset": "mordor_endpoint_powershell_httplistener",
    "asset": "WORKSTATION5",
    "event_type": "endpoint_powershell_activity",
    "severity": "medium",
    "confidence": 0.78,
    "label": "endpoint_event",
    "endpoint": {
      "hostname": "WORKSTATION5",
      "event_id": 7,
      "source_name": "Microsoft-Windows-Sysmon",
      "channel": "Microsoft-Windows-Sysmon/Operational",
      "level": "4",
      "message": "Image loaded:\r\nRuleName: -\r\nUtcTime: 2020-11-02 09:13:01.790\r\nProcessGuid: {39e4a257-cd82-5f9f-f949-000000000700}\r\nProcessId: 10668\r\nImage: C:\\Windows\\System32\\WindowsPowerShell\\v1.0\\powershell.exe\r\nImageLoaded: C:\\Windows\\System32\\mswsock.dll\r\nFileVersion: 10.0.18362.815 (WinBuild.160101.0800)\r\nDescription: Microsoft Windows Sockets 2.0 Service Provider\r\nProduct: Microsoft\u00ae Windows\u00ae Operating System\r\nCompany: Microsoft Corporation\r\nOriginalFileName: mswsock.dll\r\nHashes: SHA1=2E03CA141D735D13491049B4D6C2DC2B928B4C01,MD5=8578F1F72C6550CF62965D520FA7C6E9,SHA256=20008AAB6285FB2B24DE1E72D11654316FF601918FD05B7DF2F9894C64A16956,IMPHASH=E5E26C86BC73F56D7EDD17D98802AA21\r\nSigned: true\r\nSignature: Microsoft Windows\r\nSignatureStatus: Valid",
      "signals": [
        "powershell_activity",
        "process_or_command_activity"
      ]
    },
    "evidence_ref": {
      "source_file": "psh_powershell_httplistener_2020-11-0204130683.json",
      "row_id": 64,
      "columns": [
        "Message",
        "EventID",
        "SourceName",
        "Hostname",
        "@timestamp",
        "Channel"
      ]
    }
  },
  {
    "event_id": "END-000065",
    "timestamp": "2020-11-02T04:13:01.801Z",
    "sector": "endpoint",
    "source_dataset": "mordor_endpoint_powershell_httplistener",
    "asset": "WORKSTATION5",
    "event_type": "endpoint_powershell_activity",
    "severity": "medium",
    "confidence": 0.78,
    "label": "endpoint_event",
    "endpoint": {
      "hostname": "WORKSTATION5",
      "event_id": 7,
      "source_name": "Microsoft-Windows-Sysmon",
      "channel": "Microsoft-Windows-Sysmon/Operational",
      "level": "4",
      "message": "Image loaded:\r\nRuleName: -\r\nUtcTime: 2020-11-02 09:13:01.790\r\nProcessGuid: {39e4a257-cd82-5f9f-f949-000000000700}\r\nProcessId: 10668\r\nImage: C:\\Windows\\System32\\WindowsPowerShell\\v1.0\\powershell.exe\r\nImageLoaded: C:\\Windows\\System32\\dnsapi.dll\r\nFileVersion: 10.0.18362.1082 (WinBuild.160101.0800)\r\nDescription: DNS Client API DLL\r\nProduct: Microsoft\u00ae Windows\u00ae Operating System\r\nCompany: Microsoft Corporation\r\nOriginalFileName: dnsapi\r\nHashes: SHA1=F1909EDE6F17B5B31AFA580DFE3C28485CAA2037,MD5=F1286919D541FF93F1174B0B1F1CF7FD,SHA256=3453BD57B23A211FD45A1BBA0EF84FD3B61E174112D16974B9481A0818C372E5,IMPHASH=D8803D749EB329542778B6CC38924BBA\r\nSigned: true\r\nSignature: Microsoft Windows\r\nSignatureStatus: Valid",
      "signals": [
        "powershell_activity",
        "process_or_command_activity"
      ]
    },
    "evidence_ref": {
      "source_file": "psh_powershell_httplistener_2020-11-0204130683.json",
      "row_id": 65,
      "columns": [
        "Message",
        "EventID",
        "SourceName",
        "Hostname",
        "@timestamp",
        "Channel"
      ]
    }
  },
  {
    "event_id": "END-000066",
    "timestamp": "2020-11-02T04:13:01.802Z",
    "sector": "endpoint",
    "source_dataset": "mordor_endpoint_powershell_httplistener",
    "asset": "WORKSTATION5",
    "event_type": "endpoint_powershell_activity",
    "severity": "medium",
    "confidence": 0.78,
    "label": "endpoint_event",
    "endpoint": {
      "hostname": "WORKSTATION5",
      "event_id": 7,
      "source_name": "Microsoft-Windows-Sysmon",
      "channel": "Microsoft-Windows-Sysmon/Operational",
      "level": "4",
      "message": "Image loaded:\r\nRuleName: -\r\nUtcTime: 2020-11-02 09:13:01.790\r\nProcessGuid: {39e4a257-cd82-5f9f-f949-000000000700}\r\nProcessId: 10668\r\nImage: C:\\Windows\\System32\\WindowsPowerShell\\v1.0\\powershell.exe\r\nImageLoaded: C:\\Windows\\System32\\nsi.dll\r\nFileVersion: 10.0.18362.449 (WinBuild.160101.0800)\r\nDescription: NSI User-mode interface DLL\r\nProduct: Microsoft\u00ae Windows\u00ae Operating System\r\nCompany: Microsoft Corporation\r\nOriginalFileName: nsi.dll\r\nHashes: SHA1=4118D7E1C3531A1A01FB8924E1A1D470066EEA3F,MD5=9EB93B389D055FA045FC91D2B763B3AC,SHA256=AB620EE31FB65F1A51B2FA28F30BC31329966CB27E3570812138DF99E4D7CC8D,IMPHASH=DEFB8C5BB37FCD63DC790B55724FDE42\r\nSigned: true\r\nSignature: Microsoft Windows\r\nSignatureStatus: Valid",
      "signals": [
        "powershell_activity",
        "process_or_command_activity"
      ]
    },
    "evidence_ref": {
      "source_file": "psh_powershell_httplistener_2020-11-0204130683.json",
      "row_id": 66,
      "columns": [
        "Message",
        "EventID",
        "SourceName",
        "Hostname",
        "@timestamp",
        "Channel"
      ]
    }
  },
  {
    "event_id": "END-000067",
    "timestamp": "2020-11-02T04:13:01.802Z",
    "sector": "endpoint",
    "source_dataset": "mordor_endpoint_powershell_httplistener",
    "asset": "WORKSTATION5",
    "event_type": "endpoint_powershell_activity",
    "severity": "medium",
    "confidence": 0.78,
    "label": "endpoint_event",
    "endpoint": {
      "hostname": "WORKSTATION5",
      "event_id": 7,
      "source_name": "Microsoft-Windows-Sysmon",
      "channel": "Microsoft-Windows-Sysmon/Operational",
      "level": "4",
      "message": "Image loaded:\r\nRuleName: -\r\nUtcTime: 2020-11-02 09:13:01.790\r\nProcessGuid: {39e4a257-cd82-5f9f-f949-000000000700}\r\nProcessId: 10668\r\nImage: C:\\Windows\\System32\\WindowsPowerShell\\v1.0\\powershell.exe\r\nImageLoaded: C:\\Windows\\System32\\IPHLPAPI.DLL\r\nFileVersion: 10.0.18362.1 (WinBuild.160101.0800)\r\nDescription: IP Helper API\r\nProduct: Microsoft\u00ae Windows\u00ae Operating System\r\nCompany: Microsoft Corporation\r\nOriginalFileName: iphlpapi.dll\r\nHashes: SHA1=9414EC114C3389E0A7BC2FD986E00946E1A2A299,MD5=3929147A2A34B0902152C7D0F241B02A,SHA256=AD1C5309AA873F6A284EABE382812868E20C3D3D64197F3E6EF9D015EA060CAA,IMPHASH=6EC28633CC4ECB9F457795DD7E00B34B\r\nSigned: true\r\nSignature: Microsoft Windows\r\nSignatureStatus: Valid",
      "signals": [
        "powershell_activity",
        "process_or_command_activity"
      ]
    },
    "evidence_ref": {
      "source_file": "psh_powershell_httplistener_2020-11-0204130683.json",
      "row_id": 67,
      "columns": [
        "Message",
        "EventID",
        "SourceName",
        "Hostname",
        "@timestamp",
        "Channel"
      ]
    }
  },
  {
    "event_id": "END-000068",
    "timestamp": "2020-11-02T04:13:01.802Z",
    "sector": "endpoint",
    "source_dataset": "mordor_endpoint_powershell_httplistener",
    "asset": "WORKSTATION5",
    "event_type": "endpoint_powershell_activity",
    "severity": "medium",
    "confidence": 0.78,
    "label": "endpoint_event",
    "endpoint": {
      "hostname": "WORKSTATION5",
      "event_id": 12,
      "source_name": "Microsoft-Windows-Sysmon",
      "channel": "Microsoft-Windows-Sysmon/Operational",
      "level": "4",
      "message": "Registry object added or deleted:\r\nRuleName: -\r\nEventType: CreateKey\r\nUtcTime: 2020-11-02 09:13:01.790\r\nProcessGuid: {39e4a257-cd82-5f9f-f949-000000000700}\r\nProcessId: 10668\r\nImage: C:\\Windows\\System32\\WindowsPowerShell\\v1.0\\powershell.exe\r\nTargetObject: HKLM\\System\\CurrentControlSet\\Services\\Tcpip\\Parameters",
      "signals": [
        "powershell_activity",
        "process_or_command_activity"
      ]
    },
    "evidence_ref": {
      "source_file": "psh_powershell_httplistener_2020-11-0204130683.json",
      "row_id": 68,
      "columns": [
        "Message",
        "EventID",
        "SourceName",
        "Hostname",
        "@timestamp",
        "Channel"
      ]
    }
  },
  {
    "event_id": "END-000069",
    "timestamp": "2020-11-02T04:13:01.802Z",
    "sector": "endpoint",
    "source_dataset": "mordor_endpoint_powershell_httplistener",
    "asset": "WORKSTATION5",
    "event_type": "endpoint_powershell_activity",
    "severity": "medium",
    "confidence": 0.78,
    "label": "endpoint_event",
    "endpoint": {
      "hostname": "WORKSTATION5",
      "event_id": 12,
      "source_name": "Microsoft-Windows-Sysmon",
      "channel": "Microsoft-Windows-Sysmon/Operational",
      "level": "4",
      "message": "Registry object added or deleted:\r\nRuleName: -\r\nEventType: CreateKey\r\nUtcTime: 2020-11-02 09:13:01.790\r\nProcessGuid: {39e4a257-cd82-5f9f-f949-000000000700}\r\nProcessId: 10668\r\nImage: C:\\Windows\\System32\\WindowsPowerShell\\v1.0\\powershell.exe\r\nTargetObject: HKLM\\System\\CurrentControlSet\\Services\\Tcpip\\Parameters",
      "signals": [
        "powershell_activity",
        "process_or_command_activity"
      ]
    },
    "evidence_ref": {
      "source_file": "psh_powershell_httplistener_2020-11-0204130683.json",
      "row_id": 69,
      "columns": [
        "Message",
        "EventID",
        "SourceName",
        "Hostname",
        "@timestamp",
        "Channel"
      ]
    }
  },
  {
    "event_id": "END-000070",
    "timestamp": "2020-11-02T04:13:01.803Z",
    "sector": "endpoint",
    "source_dataset": "mordor_endpoint_powershell_httplistener",
    "asset": "WORKSTATION5",
    "event_type": "endpoint_powershell_activity",
    "severity": "medium",
    "confidence": 0.78,
    "label": "endpoint_event",
    "endpoint": {
      "hostname": "WORKSTATION5",
      "event_id": 12,
      "source_name": "Microsoft-Windows-Sysmon",
      "channel": "Microsoft-Windows-Sysmon/Operational",
      "level": "4",
      "message": "Registry object added or deleted:\r\nRuleName: -\r\nEventType: CreateKey\r\nUtcTime: 2020-11-02 09:13:01.790\r\nProcessGuid: {39e4a257-cd82-5f9f-f949-000000000700}\r\nProcessId: 10668\r\nImage: C:\\Windows\\System32\\WindowsPowerShell\\v1.0\\powershell.exe\r\nTargetObject: HKLM\\System\\CurrentControlSet\\Services\\Tcpip\\Parameters",
      "signals": [
        "powershell_activity",
        "process_or_command_activity"
      ]
    },
    "evidence_ref": {
      "source_file": "psh_powershell_httplistener_2020-11-0204130683.json",
      "row_id": 70,
      "columns": [
        "Message",
        "EventID",
        "SourceName",
        "Hostname",
        "@timestamp",
        "Channel"
      ]
    }
  },
  {
    "event_id": "END-000071",
    "timestamp": "2020-11-02T04:13:01.803Z",
    "sector": "endpoint",
    "source_dataset": "mordor_endpoint_powershell_httplistener",
    "asset": "WORKSTATION5",
    "event_type": "endpoint_powershell_activity",
    "severity": "medium",
    "confidence": 0.78,
    "label": "endpoint_event",
    "endpoint": {
      "hostname": "WORKSTATION5",
      "event_id": 12,
      "source_name": "Microsoft-Windows-Sysmon",
      "channel": "Microsoft-Windows-Sysmon/Operational",
      "level": "4",
      "message": "Registry object added or deleted:\r\nRuleName: -\r\nEventType: CreateKey\r\nUtcTime: 2020-11-02 09:13:01.790\r\nProcessGuid: {39e4a257-cd82-5f9f-f949-000000000700}\r\nProcessId: 10668\r\nImage: C:\\Windows\\System32\\WindowsPowerShell\\v1.0\\powershell.exe\r\nTargetObject: HKLM\\System\\CurrentControlSet\\Services\\Tcpip\\Parameters",
      "signals": [
        "powershell_activity",
        "process_or_command_activity"
      ]
    },
    "evidence_ref": {
      "source_file": "psh_powershell_httplistener_2020-11-0204130683.json",
      "row_id": 71,
      "columns": [
        "Message",
        "EventID",
        "SourceName",
        "Hostname",
        "@timestamp",
        "Channel"
      ]
    }
  },
  {
    "event_id": "END-000072",
    "timestamp": "2020-11-02T04:13:01.803Z",
    "sector": "endpoint",
    "source_dataset": "mordor_endpoint_powershell_httplistener",
    "asset": "WORKSTATION5",
    "event_type": "endpoint_powershell_activity",
    "severity": "medium",
    "confidence": 0.78,
    "label": "endpoint_event",
    "endpoint": {
      "hostname": "WORKSTATION5",
      "event_id": 7,
      "source_name": "Microsoft-Windows-Sysmon",
      "channel": "Microsoft-Windows-Sysmon/Operational",
      "level": "4",
      "message": "Image loaded:\r\nRuleName: -\r\nUtcTime: 2020-11-02 09:13:01.790\r\nProcessGuid: {39e4a257-cd82-5f9f-f949-000000000700}\r\nProcessId: 10668\r\nImage: C:\\Windows\\System32\\WindowsPowerShell\\v1.0\\powershell.exe\r\nImageLoaded: C:\\Windows\\System32\\rasadhlp.dll\r\nFileVersion: 10.0.18362.1 (WinBuild.160101.0800)\r\nDescription: Remote Access AutoDial Helper\r\nProduct: Microsoft\u00ae Windows\u00ae Operating System\r\nCompany: Microsoft Corporation\r\nOriginalFileName: rasadhlp.dll\r\nHashes: SHA1=1BC9FA692CFFE0F829EF0093FC1EC1A7CDE0FEDF,MD5=285EB69E85F9C587B55DDD5816B827A4,SHA256=B009AF1CFFE8441149B1903B7841DA14B15BEE931F6709C20655668F2019F9D8,IMPHASH=FEAF8EF2A61D5237FD324D1624A3894B\r\nSigned: true\r\nSignature: Microsoft Windows\r\nSignatureStatus: Valid",
      "signals": [
        "powershell_activity",
        "process_or_command_activity"
      ]
    },
    "evidence_ref": {
      "source_file": "psh_powershell_httplistener_2020-11-0204130683.json",
      "row_id": 72,
      "columns": [
        "Message",
        "EventID",
        "SourceName",
        "Hostname",
        "@timestamp",
        "Channel"
      ]
    }
  },
  {
    "event_id": "END-000073",
    "timestamp": "2020-11-02T04:13:01.803Z",
    "sector": "endpoint",
    "source_dataset": "mordor_endpoint_powershell_httplistener",
    "asset": "WORKSTATION5",
    "event_type": "endpoint_powershell_activity",
    "severity": "medium",
    "confidence": 0.78,
    "label": "endpoint_event",
    "endpoint": {
      "hostname": "WORKSTATION5",
      "event_id": 12,
      "source_name": "Microsoft-Windows-Sysmon",
      "channel": "Microsoft-Windows-Sysmon/Operational",
      "level": "4",
      "message": "Registry object added or deleted:\r\nRuleName: -\r\nEventType: CreateKey\r\nUtcTime: 2020-11-02 09:13:01.790\r\nProcessGuid: {39e4a257-cd82-5f9f-f949-000000000700}\r\nProcessId: 10668\r\nImage: C:\\Windows\\System32\\WindowsPowerShell\\v1.0\\powershell.exe\r\nTargetObject: HKLM\\System\\CurrentControlSet\\Services\\Tcpip\\Parameters",
      "signals": [
        "powershell_activity",
        "process_or_command_activity"
      ]
    },
    "evidence_ref": {
      "source_file": "psh_powershell_httplistener_2020-11-0204130683.json",
      "row_id": 73,
      "columns": [
        "Message",
        "EventID",
        "SourceName",
        "Hostname",
        "@timestamp",
        "Channel"
      ]
    }
  },
  {
    "event_id": "END-000074",
    "timestamp": "2020-11-02T04:13:01.803Z",
    "sector": "endpoint",
    "source_dataset": "mordor_endpoint_powershell_httplistener",
    "asset": "WORKSTATION5",
    "event_type": "endpoint_powershell_activity",
    "severity": "medium",
    "confidence": 0.78,
    "label": "endpoint_event",
    "endpoint": {
      "hostname": "WORKSTATION5",
      "event_id": 12,
      "source_name": "Microsoft-Windows-Sysmon",
      "channel": "Microsoft-Windows-Sysmon/Operational",
      "level": "4",
      "message": "Registry object added or deleted:\r\nRuleName: -\r\nEventType: CreateKey\r\nUtcTime: 2020-11-02 09:13:01.790\r\nProcessGuid: {39e4a257-cd82-5f9f-f949-000000000700}\r\nProcessId: 10668\r\nImage: C:\\Windows\\System32\\WindowsPowerShell\\v1.0\\powershell.exe\r\nTargetObject: HKLM\\System\\CurrentControlSet\\Services\\Tcpip\\Parameters",
      "signals": [
        "powershell_activity",
        "process_or_command_activity"
      ]
    },
    "evidence_ref": {
      "source_file": "psh_powershell_httplistener_2020-11-0204130683.json",
      "row_id": 74,
      "columns": [
        "Message",
        "EventID",
        "SourceName",
        "Hostname",
        "@timestamp",
        "Channel"
      ]
    }
  },
  {
    "event_id": "END-000075",
    "timestamp": "2020-11-02T04:13:01.804Z",
    "sector": "endpoint",
    "source_dataset": "mordor_endpoint_powershell_httplistener",
    "asset": "WORKSTATION5",
    "event_type": "endpoint_powershell_activity",
    "severity": "medium",
    "confidence": 0.78,
    "label": "endpoint_event",
    "endpoint": {
      "hostname": "WORKSTATION5",
      "event_id": 12,
      "source_name": "Microsoft-Windows-Sysmon",
      "channel": "Microsoft-Windows-Sysmon/Operational",
      "level": "4",
      "message": "Registry object added or deleted:\r\nRuleName: -\r\nEventType: CreateKey\r\nUtcTime: 2020-11-02 09:13:01.790\r\nProcessGuid: {39e4a257-cd82-5f9f-f949-000000000700}\r\nProcessId: 10668\r\nImage: C:\\Windows\\System32\\WindowsPowerShell\\v1.0\\powershell.exe\r\nTargetObject: HKLM\\System\\CurrentControlSet\\Services\\Tcpip\\Parameters",
      "signals": [
        "powershell_activity",
        "process_or_command_activity"
      ]
    },
    "evidence_ref": {
      "source_file": "psh_powershell_httplistener_2020-11-0204130683.json",
      "row_id": 75,
      "columns": [
        "Message",
        "EventID",
        "SourceName",
        "Hostname",
        "@timestamp",
        "Channel"
      ]
    }
  },
  {
    "event_id": "END-000076",
    "timestamp": "2020-11-02T04:13:01.804Z",
    "sector": "endpoint",
    "source_dataset": "mordor_endpoint_powershell_httplistener",
    "asset": "WORKSTATION5",
    "event_type": "endpoint_powershell_activity",
    "severity": "medium",
    "confidence": 0.78,
    "label": "endpoint_event",
    "endpoint": {
      "hostname": "WORKSTATION5",
      "event_id": 12,
      "source_name": "Microsoft-Windows-Sysmon",
      "channel": "Microsoft-Windows-Sysmon/Operational",
      "level": "4",
      "message": "Registry object added or deleted:\r\nRuleName: -\r\nEventType: CreateKey\r\nUtcTime: 2020-11-02 09:13:01.790\r\nProcessGuid: {39e4a257-cd82-5f9f-f949-000000000700}\r\nProcessId: 10668\r\nImage: C:\\Windows\\System32\\WindowsPowerShell\\v1.0\\powershell.exe\r\nTargetObject: HKLM\\System\\CurrentControlSet\\Services\\Tcpip\\Parameters",
      "signals": [
        "powershell_activity",
        "process_or_command_activity"
      ]
    },
    "evidence_ref": {
      "source_file": "psh_powershell_httplistener_2020-11-0204130683.json",
      "row_id": 76,
      "columns": [
        "Message",
        "EventID",
        "SourceName",
        "Hostname",
        "@timestamp",
        "Channel"
      ]
    }
  },
  {
    "event_id": "END-000077",
    "timestamp": "2020-11-02T04:13:01.805Z",
    "sector": "endpoint",
    "source_dataset": "mordor_endpoint_powershell_httplistener",
    "asset": "WORKSTATION5",
    "event_type": "endpoint_powershell_activity",
    "severity": "medium",
    "confidence": 0.78,
    "label": "endpoint_event",
    "endpoint": {
      "hostname": "WORKSTATION5",
      "event_id": 7,
      "source_name": "Microsoft-Windows-Sysmon",
      "channel": "Microsoft-Windows-Sysmon/Operational",
      "level": "4",
      "message": "Image loaded:\r\nRuleName: -\r\nUtcTime: 2020-11-02 09:13:01.790\r\nProcessGuid: {39e4a257-cd82-5f9f-f949-000000000700}\r\nProcessId: 10668\r\nImage: C:\\Windows\\System32\\WindowsPowerShell\\v1.0\\powershell.exe\r\nImageLoaded: C:\\Windows\\System32\\FWPUCLNT.DLL\r\nFileVersion: 10.0.18362.1110 (WinBuild.160101.0800)\r\nDescription: FWP/IPsec User-Mode API\r\nProduct: Microsoft\u00ae Windows\u00ae Operating System\r\nCompany: Microsoft Corporation\r\nOriginalFileName: fwpuclnt.dll\r\nHashes: SHA1=A28C972B02687B3B4AC7B03A0B275580039D130B,MD5=B09AEAF6E34557F371609E8C5349CEED,SHA256=EF6A74EBB63FE5B8108BE3B296C86C0C3AE14E240110B78D27E7D3EA491B1F9D,IMPHASH=AFD4C9F86C7354898594DD6BBF32C51F\r\nSigned: true\r\nSignature: Microsoft Windows\r\nSignatureStatus: Valid",
      "signals": [
        "powershell_activity",
        "process_or_command_activity"
      ]
    },
    "evidence_ref": {
      "source_file": "psh_powershell_httplistener_2020-11-0204130683.json",
      "row_id": 77,
      "columns": [
        "Message",
        "EventID",
        "SourceName",
        "Hostname",
        "@timestamp",
        "Channel"
      ]
    }
  },
  {
    "event_id": "END-000078",
    "timestamp": "2020-11-02T04:13:01.995Z",
    "sector": "endpoint",
    "source_dataset": "mordor_endpoint_powershell_httplistener",
    "asset": "WORKSTATION5",
    "event_type": "endpoint_command_execution",
    "severity": "medium",
    "confidence": 0.72,
    "label": "endpoint_event",
    "endpoint": {
      "hostname": "WORKSTATION5",
      "event_id": 10,
      "source_name": "Microsoft-Windows-Sysmon",
      "channel": "Microsoft-Windows-Sysmon/Operational",
      "level": "4",
      "message": "Process accessed:\r\nRuleName: -\r\nUtcTime: 2020-11-02 09:13:01.992\r\nSourceProcessGUID: {39e4a257-f132-5f8b-1000-000000000700}\r\nSourceProcessId: 944\r\nSourceThreadId: 1060\r\nSourceImage: C:\\windows\\system32\\svchost.exe\r\nTargetProcessGUID: {39e4a257-f247-5f8b-d300-000000000700}\r\nTargetProcessId: 4368\r\nTargetImage: C:\\Windows\\SystemApps\\InputApp_cw5n1h2txyewy\\WindowsInternal.ComposableShell.Experiences.TextInput.InputApp.exe\r\nGrantedAccess: 0x1000\r\nCallTrace: C:\\windows\\SYSTEM32\\ntdll.dll+9c584|C:\\windows\\SYSTEM32\\psmserviceexthost.dll+222a3|C:\\windows\\SYSTEM32\\psmserviceexthost.dll+37ea0|C:\\windows\\SYSTEM32\\psmserviceexthost.dll+37929|C:\\windows\\SYSTEM32\\psmserviceexthost.dll+686f8|C:\\windows\\SYSTEM32\\psmserviceexthost.dll+6e84a|C:\\windows\\SYSTEM32\\psmserviceexthost.dll+6f700|C:\\windows\\SYSTEM32\\psmserviceexthost.dll+34be4|C:\\windows\\SYSTEM32\\psmserviceexthost.dll+6f63e|C:\\windows\\SYSTEM32\\psmserviceexthost.dll+713b5|C:\\windows\\SYSTEM32\\psmserviceexthost.dll+50bda|C:\\windows\\SYSTEM32\\psmserviceexthost.dll+4500a|C:\\windows\\System32\\KERNEL32.DLL+17c24|C:\\windows\\SYSTEM32\\ntdll.dll+6cea1",
      "signals": [
        "process_or_command_activity"
      ]
    },
    "evidence_ref": {
      "source_file": "psh_powershell_httplistener_2020-11-0204130683.json",
      "row_id": 78,
      "columns": [
        "Message",
        "EventID",
        "SourceName",
        "Hostname",
        "@timestamp",
        "Channel"
      ]
    }
  },
  {
    "event_id": "END-000079",
    "timestamp": "2020-11-02T04:13:01.995Z",
    "sector": "endpoint",
    "source_dataset": "mordor_endpoint_powershell_httplistener",
    "asset": "WORKSTATION5",
    "event_type": "endpoint_command_execution",
    "severity": "medium",
    "confidence": 0.72,
    "label": "endpoint_event",
    "endpoint": {
      "hostname": "WORKSTATION5",
      "event_id": 10,
      "source_name": "Microsoft-Windows-Sysmon",
      "channel": "Microsoft-Windows-Sysmon/Operational",
      "level": "4",
      "message": "Process accessed:\r\nRuleName: -\r\nUtcTime: 2020-11-02 09:13:01.992\r\nSourceProcessGUID: {39e4a257-f132-5f8b-1000-000000000700}\r\nSourceProcessId: 944\r\nSourceThreadId: 1060\r\nSourceImage: C:\\windows\\system32\\svchost.exe\r\nTargetProcessGUID: {39e4a257-cd84-5f9f-fb49-000000000700}\r\nTargetProcessId: 14064\r\nTargetImage: C:\\windows\\system32\\backgroundTaskHost.exe\r\nGrantedAccess: 0x1000\r\nCallTrace: C:\\windows\\SYSTEM32\\ntdll.dll+9c584|C:\\windows\\SYSTEM32\\psmserviceexthost.dll+222a3|C:\\windows\\SYSTEM32\\psmserviceexthost.dll+37ea0|C:\\windows\\SYSTEM32\\psmserviceexthost.dll+37929|C:\\windows\\SYSTEM32\\psmserviceexthost.dll+686f8|C:\\windows\\SYSTEM32\\psmserviceexthost.dll+6e84a|C:\\windows\\SYSTEM32\\psmserviceexthost.dll+6f700|C:\\windows\\SYSTEM32\\psmserviceexthost.dll+34be4|C:\\windows\\SYSTEM32\\psmserviceexthost.dll+6f63e|C:\\windows\\SYSTEM32\\psmserviceexthost.dll+713b5|C:\\windows\\SYSTEM32\\psmserviceexthost.dll+50bda|C:\\windows\\SYSTEM32\\psmserviceexthost.dll+4500a|C:\\windows\\System32\\KERNEL32.DLL+17c24|C:\\windows\\SYSTEM32\\ntdll.dll+6cea1",
      "signals": [
        "process_or_command_activity"
      ]
    },
    "evidence_ref": {
      "source_file": "psh_powershell_httplistener_2020-11-0204130683.json",
      "row_id": 79,
      "columns": [
        "Message",
        "EventID",
        "SourceName",
        "Hostname",
        "@timestamp",
        "Channel"
      ]
    }
  },
  {
    "event_id": "END-000080",
    "timestamp": "2020-11-02T04:13:02.994Z",
    "sector": "endpoint",
    "source_dataset": "mordor_endpoint_powershell_httplistener",
    "asset": "WORKSTATION5",
    "event_type": "endpoint_command_execution",
    "severity": "medium",
    "confidence": 0.72,
    "label": "endpoint_event",
    "endpoint": {
      "hostname": "WORKSTATION5",
      "event_id": 10,
      "source_name": "Microsoft-Windows-Sysmon",
      "channel": "Microsoft-Windows-Sysmon/Operational",
      "level": "4",
      "message": "Process accessed:\r\nRuleName: -\r\nUtcTime: 2020-11-02 09:13:02.992\r\nSourceProcessGUID: {39e4a257-f132-5f8b-1000-000000000700}\r\nSourceProcessId: 944\r\nSourceThreadId: 1060\r\nSourceImage: C:\\windows\\system32\\svchost.exe\r\nTargetProcessGUID: {39e4a257-f247-5f8b-d300-000000000700}\r\nTargetProcessId: 4368\r\nTargetImage: C:\\Windows\\SystemApps\\InputApp_cw5n1h2txyewy\\WindowsInternal.ComposableShell.Experiences.TextInput.InputApp.exe\r\nGrantedAccess: 0x1000\r\nCallTrace: C:\\windows\\SYSTEM32\\ntdll.dll+9c584|C:\\windows\\SYSTEM32\\psmserviceexthost.dll+222a3|C:\\windows\\SYSTEM32\\psmserviceexthost.dll+37ea0|C:\\windows\\SYSTEM32\\psmserviceexthost.dll+37929|C:\\windows\\SYSTEM32\\psmserviceexthost.dll+686f8|C:\\windows\\SYSTEM32\\psmserviceexthost.dll+6e84a|C:\\windows\\SYSTEM32\\psmserviceexthost.dll+6f700|C:\\windows\\SYSTEM32\\psmserviceexthost.dll+34be4|C:\\windows\\SYSTEM32\\psmserviceexthost.dll+6f63e|C:\\windows\\SYSTEM32\\psmserviceexthost.dll+713b5|C:\\windows\\SYSTEM32\\psmserviceexthost.dll+50bda|C:\\windows\\SYSTEM32\\psmserviceexthost.dll+4500a|C:\\windows\\System32\\KERNEL32.DLL+17c24|C:\\windows\\SYSTEM32\\ntdll.dll+6cea1",
      "signals": [
        "process_or_command_activity"
      ]
    },
    "evidence_ref": {
      "source_file": "psh_powershell_httplistener_2020-11-0204130683.json",
      "row_id": 80,
      "columns": [
        "Message",
        "EventID",
        "SourceName",
        "Hostname",
        "@timestamp",
        "Channel"
      ]
    }
  },
  {
    "event_id": "END-000081",
    "timestamp": "2020-11-02T04:13:02.994Z",
    "sector": "endpoint",
    "source_dataset": "mordor_endpoint_powershell_httplistener",
    "asset": "WORKSTATION5",
    "event_type": "endpoint_command_execution",
    "severity": "medium",
    "confidence": 0.72,
    "label": "endpoint_event",
    "endpoint": {
      "hostname": "WORKSTATION5",
      "event_id": 10,
      "source_name": "Microsoft-Windows-Sysmon",
      "channel": "Microsoft-Windows-Sysmon/Operational",
      "level": "4",
      "message": "Process accessed:\r\nRuleName: -\r\nUtcTime: 2020-11-02 09:13:02.992\r\nSourceProcessGUID: {39e4a257-f132-5f8b-1000-000000000700}\r\nSourceProcessId: 944\r\nSourceThreadId: 1060\r\nSourceImage: C:\\windows\\system32\\svchost.exe\r\nTargetProcessGUID: {39e4a257-cd84-5f9f-fb49-000000000700}\r\nTargetProcessId: 14064\r\nTargetImage: C:\\windows\\system32\\backgroundTaskHost.exe\r\nGrantedAccess: 0x1000\r\nCallTrace: C:\\windows\\SYSTEM32\\ntdll.dll+9c584|C:\\windows\\SYSTEM32\\psmserviceexthost.dll+222a3|C:\\windows\\SYSTEM32\\psmserviceexthost.dll+37ea0|C:\\windows\\SYSTEM32\\psmserviceexthost.dll+37929|C:\\windows\\SYSTEM32\\psmserviceexthost.dll+686f8|C:\\windows\\SYSTEM32\\psmserviceexthost.dll+6e84a|C:\\windows\\SYSTEM32\\psmserviceexthost.dll+6f700|C:\\windows\\SYSTEM32\\psmserviceexthost.dll+34be4|C:\\windows\\SYSTEM32\\psmserviceexthost.dll+6f63e|C:\\windows\\SYSTEM32\\psmserviceexthost.dll+713b5|C:\\windows\\SYSTEM32\\psmserviceexthost.dll+50bda|C:\\windows\\SYSTEM32\\psmserviceexthost.dll+4500a|C:\\windows\\System32\\KERNEL32.DLL+17c24|C:\\windows\\SYSTEM32\\ntdll.dll+6cea1",
      "signals": [
        "process_or_command_activity"
      ]
    },
    "evidence_ref": {
      "source_file": "psh_powershell_httplistener_2020-11-0204130683.json",
      "row_id": 81,
      "columns": [
        "Message",
        "EventID",
        "SourceName",
        "Hostname",
        "@timestamp",
        "Channel"
      ]
    }
  },
  {
    "event_id": "END-000082",
    "timestamp": "2020-11-02T04:13:03.806Z",
    "sector": "endpoint",
    "source_dataset": "mordor_endpoint_powershell_httplistener",
    "asset": "WORKSTATION5",
    "event_type": "endpoint_powershell_activity",
    "severity": "medium",
    "confidence": 0.78,
    "label": "endpoint_event",
    "endpoint": {
      "hostname": "WORKSTATION5",
      "event_id": 22,
      "source_name": "Microsoft-Windows-Sysmon",
      "channel": "Microsoft-Windows-Sysmon/Operational",
      "level": "4",
      "message": "Dns query:\r\nRuleName: -\r\nUtcTime: 2020-11-02 09:12:57.391\r\nProcessGuid: {39e4a257-cd82-5f9f-f949-000000000700}\r\nProcessId: 10668\r\nQueryName: WORKSTATION5\r\nQueryStatus: 0\r\nQueryResults: fe80::90e:17af:263c:5209;::ffff:192.168.2.5;\r\nImage: C:\\Windows\\System32\\WindowsPowerShell\\v1.0\\powershell.exe",
      "signals": [
        "powershell_activity",
        "process_or_command_activity"
      ]
    },
    "evidence_ref": {
      "source_file": "psh_powershell_httplistener_2020-11-0204130683.json",
      "row_id": 82,
      "columns": [
        "Message",
        "EventID",
        "SourceName",
        "Hostname",
        "@timestamp",
        "Channel"
      ]
    }
  },
  {
    "event_id": "END-000083",
    "timestamp": "2020-11-02T04:13:03.995Z",
    "sector": "endpoint",
    "source_dataset": "mordor_endpoint_powershell_httplistener",
    "asset": "WORKSTATION5",
    "event_type": "endpoint_command_execution",
    "severity": "medium",
    "confidence": 0.72,
    "label": "endpoint_event",
    "endpoint": {
      "hostname": "WORKSTATION5",
      "event_id": 10,
      "source_name": "Microsoft-Windows-Sysmon",
      "channel": "Microsoft-Windows-Sysmon/Operational",
      "level": "4",
      "message": "Process accessed:\r\nRuleName: -\r\nUtcTime: 2020-11-02 09:13:03.993\r\nSourceProcessGUID: {39e4a257-f132-5f8b-1000-000000000700}\r\nSourceProcessId: 944\r\nSourceThreadId: 1060\r\nSourceImage: C:\\windows\\system32\\svchost.exe\r\nTargetProcessGUID: {39e4a257-f247-5f8b-d300-000000000700}\r\nTargetProcessId: 4368\r\nTargetImage: C:\\Windows\\SystemApps\\InputApp_cw5n1h2txyewy\\WindowsInternal.ComposableShell.Experiences.TextInput.InputApp.exe\r\nGrantedAccess: 0x1000\r\nCallTrace: C:\\windows\\SYSTEM32\\ntdll.dll+9c584|C:\\windows\\SYSTEM32\\psmserviceexthost.dll+222a3|C:\\windows\\SYSTEM32\\psmserviceexthost.dll+37ea0|C:\\windows\\SYSTEM32\\psmserviceexthost.dll+37929|C:\\windows\\SYSTEM32\\psmserviceexthost.dll+686f8|C:\\windows\\SYSTEM32\\psmserviceexthost.dll+6e84a|C:\\windows\\SYSTEM32\\psmserviceexthost.dll+6f700|C:\\windows\\SYSTEM32\\psmserviceexthost.dll+34be4|C:\\windows\\SYSTEM32\\psmserviceexthost.dll+6f63e|C:\\windows\\SYSTEM32\\psmserviceexthost.dll+713b5|C:\\windows\\SYSTEM32\\psmserviceexthost.dll+50bda|C:\\windows\\SYSTEM32\\psmserviceexthost.dll+4500a|C:\\windows\\System32\\KERNEL32.DLL+17c24|C:\\windows\\SYSTEM32\\ntdll.dll+6cea1",
      "signals": [
        "process_or_command_activity"
      ]
    },
    "evidence_ref": {
      "source_file": "psh_powershell_httplistener_2020-11-0204130683.json",
      "row_id": 83,
      "columns": [
        "Message",
        "EventID",
        "SourceName",
        "Hostname",
        "@timestamp",
        "Channel"
      ]
    }
  },
  {
    "event_id": "END-000084",
    "timestamp": "2020-11-02T04:13:03.995Z",
    "sector": "endpoint",
    "source_dataset": "mordor_endpoint_powershell_httplistener",
    "asset": "WORKSTATION5",
    "event_type": "endpoint_command_execution",
    "severity": "medium",
    "confidence": 0.72,
    "label": "endpoint_event",
    "endpoint": {
      "hostname": "WORKSTATION5",
      "event_id": 10,
      "source_name": "Microsoft-Windows-Sysmon",
      "channel": "Microsoft-Windows-Sysmon/Operational",
      "level": "4",
      "message": "Process accessed:\r\nRuleName: -\r\nUtcTime: 2020-11-02 09:13:03.993\r\nSourceProcessGUID: {39e4a257-f132-5f8b-1000-000000000700}\r\nSourceProcessId: 944\r\nSourceThreadId: 1060\r\nSourceImage: C:\\windows\\system32\\svchost.exe\r\nTargetProcessGUID: {39e4a257-cd84-5f9f-fb49-000000000700}\r\nTargetProcessId: 14064\r\nTargetImage: C:\\windows\\system32\\backgroundTaskHost.exe\r\nGrantedAccess: 0x1000\r\nCallTrace: C:\\windows\\SYSTEM32\\ntdll.dll+9c584|C:\\windows\\SYSTEM32\\psmserviceexthost.dll+222a3|C:\\windows\\SYSTEM32\\psmserviceexthost.dll+37ea0|C:\\windows\\SYSTEM32\\psmserviceexthost.dll+37929|C:\\windows\\SYSTEM32\\psmserviceexthost.dll+686f8|C:\\windows\\SYSTEM32\\psmserviceexthost.dll+6e84a|C:\\windows\\SYSTEM32\\psmserviceexthost.dll+6f700|C:\\windows\\SYSTEM32\\psmserviceexthost.dll+34be4|C:\\windows\\SYSTEM32\\psmserviceexthost.dll+6f63e|C:\\windows\\SYSTEM32\\psmserviceexthost.dll+713b5|C:\\windows\\SYSTEM32\\psmserviceexthost.dll+50bda|C:\\windows\\SYSTEM32\\psmserviceexthost.dll+4500a|C:\\windows\\System32\\KERNEL32.DLL+17c24|C:\\windows\\SYSTEM32\\ntdll.dll+6cea1",
      "signals": [
        "process_or_command_activity"
      ]
    },
    "evidence_ref": {
      "source_file": "psh_powershell_httplistener_2020-11-0204130683.json",
      "row_id": 84,
      "columns": [
        "Message",
        "EventID",
        "SourceName",
        "Hostname",
        "@timestamp",
        "Channel"
      ]
    }
  },
