[
  {
    "event_id": "END-000000",
    "timestamp": "2020-11-02T04:12:58.211Z",
    "sector": "endpoint",
    "source_dataset": "mordor_endpoint_powershell_httplistener",
    "asset": "WORKSTATION5",
    "event_type": "endpoint_audit_log_cleared",
    "severity": "high",
    "confidence": 0.86,
    "label": "endpoint_event",
    "endpoint": {
      "hostname": "WORKSTATION5",
      "event_id": 1102,
      "source_name": "Microsoft-Windows-Eventlog",
      "channel": "Security",
      "level": "4",
      "message": "The audit log was cleared.\r\nSubject:\r\n\tSecurity ID:\tS-1-5-21-3940915590-64593676-1414006259-500\r\n\tAccount Name:\twardog\r\n\tDomain Name:\tWORKSTATION5\r\n\tLogon ID:\t0xC61D9",
      "signals": [
        "possible_defense_evasion",
        "audit_log_cleared"
      ]
    },
    "evidence_ref": {
      "source_file": "psh_powershell_httplistener_2020-11-0204130683.json",
      "row_id": 0,
      "columns": [
        "Message",
        "EventID",
        "SourceName",
        "Hostname",
        "@timestamp",
        "Channel"
      ]
    }
  },
  {
    "event_id": "END-000001",
    "timestamp": "2020-11-02T04:12:59.321Z",
    "sector": "endpoint",
    "source_dataset": "mordor_endpoint_powershell_httplistener",
    "asset": "WORKSTATION5",
    "event_type": "endpoint_command_execution",
    "severity": "medium",
    "confidence": 0.72,
    "label": "endpoint_event",
    "endpoint": {
      "hostname": "WORKSTATION5",
      "event_id": 5158,
      "source_name": "Microsoft-Windows-Security-Auditing",
      "channel": "Security",
      "level": "0",
      "message": "The Windows Filtering Platform has permitted a bind to a local port.\r\n\r\nApplication Information:\r\n\tProcess ID:\t\t3428\r\n\tApplication Name:\t\\device\\harddiskvolume2\\windowsazure\\guestagent_2.7.41491.993_2020-10-08_063613\\guestagent\\windowsazureguestagent.exe\r\n\r\nNetwork Information:\r\n\tSource Address:\t\t0.0.0.0\r\n\tSource Port:\t\t52625\r\n\tProtocol:\t\t6\r\n\r\nFilter Information:\r\n\tFilter Run-Time ID:\t0\r\n\tLayer Name:\t\tResource Assignment\r\n\tLayer Run-Time ID:\t36",
      "signals": [
        "process_or_command_activity"
      ]
    },
    "evidence_ref": {
      "source_file": "psh_powershell_httplistener_2020-11-0204130683.json",
      "row_id": 1,
      "columns": [
        "Message",
        "EventID",
        "SourceName",
        "Hostname",
        "@timestamp",
        "Channel"
      ]
    }
  },
  {
    "event_id": "END-000002",
    "timestamp": "2020-11-02T04:12:59.321Z",
    "sector": "endpoint",
    "source_dataset": "mordor_endpoint_powershell_httplistener",
    "asset": "WORKSTATION5",
    "event_type": "endpoint_command_execution",
    "severity": "medium",
    "confidence": 0.72,
    "label": "endpoint_event",
    "endpoint": {
      "hostname": "WORKSTATION5",
      "event_id": 5156,
      "source_name": "Microsoft-Windows-Security-Auditing",
      "channel": "Security",
      "level": "0",
      "message": "The Windows Filtering Platform has permitted a connection.\r\n\r\nApplication Information:\r\n\tProcess ID:\t\t3428\r\n\tApplication Name:\t\\device\\harddiskvolume2\\windowsazure\\guestagent_2.7.41491.993_2020-10-08_063613\\guestagent\\windowsazureguestagent.exe\r\n\r\nNetwork Information:\r\n\tDirection:\t\tOutbound\r\n\tSource Address:\t\t192.168.2.5\r\n\tSource Port:\t\t52625\r\n\tDestination Address:\t168.63.129.16\r\n\tDestination Port:\t\t80\r\n\tProtocol:\t\t6\r\n\r\nFilter Information:\r\n\tFilter Run-Time ID:\t69895\r\n\tLayer Name:\t\tConnect\r\n\tLayer Run-Time ID:\t48",
      "signals": [
        "process_or_command_activity"
      ]
    },
    "evidence_ref": {
      "source_file": "psh_powershell_httplistener_2020-11-0204130683.json",
      "row_id": 2,
      "columns": [
        "Message",
        "EventID",
        "SourceName",
        "Hostname",
        "@timestamp",
        "Channel"
      ]
    }
  },
  {
    "event_id": "END-000003",
    "timestamp": "2020-11-02T04:13:01.819Z",
    "sector": "endpoint",
    "source_dataset": "mordor_endpoint_powershell_httplistener",
    "asset": "WORKSTATION5",
    "event_type": "endpoint_command_execution",
    "severity": "medium",
    "confidence": 0.72,
    "label": "endpoint_event",
    "endpoint": {
      "hostname": "WORKSTATION5",
      "event_id": 5158,
      "source_name": "Microsoft-Windows-Security-Auditing",
      "channel": "Security",
      "level": "0",
      "message": "The Windows Filtering Platform has permitted a bind to a local port.\r\n\r\nApplication Information:\r\n\tProcess ID:\t\t4\r\n\tApplication Name:\tSystem\r\n\r\nNetwork Information:\r\n\tSource Address:\t\t::\r\n\tSource Port:\t\t8000\r\n\tProtocol:\t\t6\r\n\r\nFilter Information:\r\n\tFilter Run-Time ID:\t0\r\n\tLayer Name:\t\tResource Assignment\r\n\tLayer Run-Time ID:\t36",
      "signals": [
        "process_or_command_activity"
      ]
    },
    "evidence_ref": {
      "source_file": "psh_powershell_httplistener_2020-11-0204130683.json",
      "row_id": 3,
      "columns": [
        "Message",
        "EventID",
        "SourceName",
        "Hostname",
        "@timestamp",
        "Channel"
      ]
    }
  },
  {
    "event_id": "END-000004",
    "timestamp": "2020-11-02T04:13:01.819Z",
    "sector": "endpoint",
    "source_dataset": "mordor_endpoint_powershell_httplistener",
    "asset": "WORKSTATION5",
    "event_type": "endpoint_command_execution",
    "severity": "medium",
    "confidence": 0.72,
    "label": "endpoint_event",
    "endpoint": {
      "hostname": "WORKSTATION5",
      "event_id": 5158,
      "source_name": "Microsoft-Windows-Security-Auditing",
      "channel": "Security",
      "level": "0",
      "message": "The Windows Filtering Platform has permitted a bind to a local port.\r\n\r\nApplication Information:\r\n\tProcess ID:\t\t4\r\n\tApplication Name:\tSystem\r\n\r\nNetwork Information:\r\n\tSource Address:\t\t::\r\n\tSource Port:\t\t8000\r\n\tProtocol:\t\t6\r\n\r\nFilter Information:\r\n\tFilter Run-Time ID:\t0\r\n\tLayer Name:\t\tResource Assignment\r\n\tLayer Run-Time ID:\t38",
      "signals": [
        "process_or_command_activity"
      ]
    },
    "evidence_ref": {
      "source_file": "psh_powershell_httplistener_2020-11-0204130683.json",
      "row_id": 4,
      "columns": [
        "Message",
        "EventID",
        "SourceName",
        "Hostname",
        "@timestamp",
        "Channel"
      ]
    }
  },
  {
    "event_id": "END-000005",
    "timestamp": "2020-11-02T04:13:01.819Z",
    "sector": "endpoint",
    "source_dataset": "mordor_endpoint_powershell_httplistener",
    "asset": "WORKSTATION5",
    "event_type": "endpoint_command_execution",
    "severity": "medium",
    "confidence": 0.72,
    "label": "endpoint_event",
    "endpoint": {
      "hostname": "WORKSTATION5",
      "event_id": 5154,
      "source_name": "Microsoft-Windows-Security-Auditing",
      "channel": "Security",
      "level": "0",
      "message": "The Windows Filtering Platform has permitted an application or service to listen on a port for incoming connections.\r\n\r\nApplication Information:\r\n\tProcess ID:\t\t4\r\n\tApplication Name:\tSystem\r\n\r\nNetwork Information:\r\n\tSource Address:\t\t::\r\n\tSource Port:\t\t8000\r\n\tProtocol:\t\t6\r\n\r\nFilter Information:\r\n\tFilter Run-Time ID:\t0\r\n\tLayer Name:\t\tListen\r\n\tLayer Run-Time ID:\t42",
      "signals": [
        "process_or_command_activity"
      ]
    },
    "evidence_ref": {
      "source_file": "psh_powershell_httplistener_2020-11-0204130683.json",
      "row_id": 5,
      "columns": [
        "Message",
        "EventID",
        "SourceName",
        "Hostname",
        "@timestamp",
        "Channel"
      ]
    }
  },
  {
    "event_id": "END-000006",
    "timestamp": "2020-11-02T04:12:57.963Z",
    "sector": "endpoint",
    "source_dataset": "mordor_endpoint_powershell_httplistener",
    "asset": "WORKSTATION5",
    "event_type": "endpoint_command_execution",
    "severity": "medium",
    "confidence": 0.72,
    "label": "endpoint_event",
    "endpoint": {
      "hostname": "WORKSTATION5",
      "event_id": 10,
      "source_name": "Microsoft-Windows-Sysmon",
      "channel": "Microsoft-Windows-Sysmon/Operational",
      "level": "4",
      "message": "Process accessed:\r\nRuleName: -\r\nUtcTime: 2020-11-02 09:12:57.961\r\nSourceProcessGUID: {39e4a257-f132-5f8b-1000-000000000700}\r\nSourceProcessId: 944\r\nSourceThreadId: 1060\r\nSourceImage: C:\\windows\\system32\\svchost.exe\r\nTargetProcessGUID: {39e4a257-f247-5f8b-d300-000000000700}\r\nTargetProcessId: 4368\r\nTargetImage: C:\\Windows\\SystemApps\\InputApp_cw5n1h2txyewy\\WindowsInternal.ComposableShell.Experiences.TextInput.InputApp.exe\r\nGrantedAccess: 0x1000\r\nCallTrace: C:\\windows\\SYSTEM32\\ntdll.dll+9c584|C:\\windows\\SYSTEM32\\psmserviceexthost.dll+222a3|C:\\windows\\SYSTEM32\\psmserviceexthost.dll+37ea0|C:\\windows\\SYSTEM32\\psmserviceexthost.dll+37929|C:\\windows\\SYSTEM32\\psmserviceexthost.dll+686f8|C:\\windows\\SYSTEM32\\psmserviceexthost.dll+6e84a|C:\\windows\\SYSTEM32\\psmserviceexthost.dll+6f700|C:\\windows\\SYSTEM32\\psmserviceexthost.dll+34be4|C:\\windows\\SYSTEM32\\psmserviceexthost.dll+6f63e|C:\\windows\\SYSTEM32\\psmserviceexthost.dll+713b5|C:\\windows\\SYSTEM32\\psmserviceexthost.dll+50bda|C:\\windows\\SYSTEM32\\psmserviceexthost.dll+4500a|C:\\windows\\System32\\KERNEL32.DLL+17c24|C:\\windows\\SYSTEM32\\ntdll.dll+6cea1",
      "signals": [
        "process_or_command_activity"
      ]
    },
    "evidence_ref": {
      "source_file": "psh_powershell_httplistener_2020-11-0204130683.json",
      "row_id": 6,
      "columns": [
        "Message",
        "EventID",
        "SourceName",
        "Hostname",
        "@timestamp",
        "Channel"
      ]
    }
  },
  {
    "event_id": "END-000007",
    "timestamp": "2020-11-02T04:12:57.963Z",
    "sector": "endpoint",
    "source_dataset": "mordor_endpoint_powershell_httplistener",
    "asset": "WORKSTATION5",
    "event_type": "endpoint_command_execution",
    "severity": "medium",
    "confidence": 0.72,
    "label": "endpoint_event",
    "endpoint": {
      "hostname": "WORKSTATION5",
      "event_id": 10,
      "source_name": "Microsoft-Windows-Sysmon",
      "channel": "Microsoft-Windows-Sysmon/Operational",
      "level": "4",
      "message": "Process accessed:\r\nRuleName: -\r\nUtcTime: 2020-11-02 09:12:57.961\r\nSourceProcessGUID: {39e4a257-f132-5f8b-1000-000000000700}\r\nSourceProcessId: 944\r\nSourceThreadId: 1060\r\nSourceImage: C:\\windows\\system32\\svchost.exe\r\nTargetProcessGUID: {39e4a257-cd84-5f9f-fb49-000000000700}\r\nTargetProcessId: 14064\r\nTargetImage: C:\\windows\\system32\\backgroundTaskHost.exe\r\nGrantedAccess: 0x1000\r\nCallTrace: C:\\windows\\SYSTEM32\\ntdll.dll+9c584|C:\\windows\\SYSTEM32\\psmserviceexthost.dll+222a3|C:\\windows\\SYSTEM32\\psmserviceexthost.dll+37ea0|C:\\windows\\SYSTEM32\\psmserviceexthost.dll+37929|C:\\windows\\SYSTEM32\\psmserviceexthost.dll+686f8|C:\\windows\\SYSTEM32\\psmserviceexthost.dll+6e84a|C:\\windows\\SYSTEM32\\psmserviceexthost.dll+6f700|C:\\windows\\SYSTEM32\\psmserviceexthost.dll+34be4|C:\\windows\\SYSTEM32\\psmserviceexthost.dll+6f63e|C:\\windows\\SYSTEM32\\psmserviceexthost.dll+713b5|C:\\windows\\SYSTEM32\\psmserviceexthost.dll+50bda|C:\\windows\\SYSTEM32\\psmserviceexthost.dll+4500a|C:\\windows\\System32\\KERNEL32.DLL+17c24|C:\\windows\\SYSTEM32\\ntdll.dll+6cea1",
      "signals": [
        "process_or_command_activity"
      ]
    },
    "evidence_ref": {
      "source_file": "psh_powershell_httplistener_2020-11-0204130683.json",
      "row_id": 7,
      "columns": [
        "Message",
        "EventID",
        "SourceName",
        "Hostname",
        "@timestamp",
        "Channel"
      ]
    }
  },
  {
    "event_id": "END-000008",
    "timestamp": "2020-11-02T04:12:58.165Z",
    "sector": "endpoint",
    "source_dataset": "mordor_endpoint_powershell_httplistener",
    "asset": "WORKSTATION5",
    "event_type": "endpoint_command_execution",
    "severity": "medium",
    "confidence": 0.72,
    "label": "endpoint_event",
    "endpoint": {
      "hostname": "WORKSTATION5",
      "event_id": 13,
      "source_name": "Microsoft-Windows-Sysmon",
      "channel": "Microsoft-Windows-Sysmon/Operational",
      "level": "4",
      "message": "Registry value set:\r\nRuleName: -\r\nEventType: SetValue\r\nUtcTime: 2020-11-02 09:12:58.164\r\nProcessGuid: {39e4a257-f1b3-5f8b-a700-000000000700}\r\nProcessId: 1072\r\nImage: C:\\windows\\Explorer.EXE\r\nTargetObject: HKU\\S-1-5-21-3940915590-64593676-1414006259-500\\Software\\Microsoft\\Windows\\CurrentVersion\\Explorer\\UserAssist\\{CEBFF5CD-ACE2-4F4F-9178-9926F41749EA}\\Count\\{1NP14R77-02R7-4R5Q-O744-2RO1NR5198O7}\\JvaqbjfCbjreFuryy\\i1.0\\cbjrefuryy.rkr\r\nDetails: Binary Data",
      "signals": [
        "process_or_command_activity"
      ]
    },
    "evidence_ref": {
      "source_file": "psh_powershell_httplistener_2020-11-0204130683.json",
      "row_id": 8,
      "columns": [
        "Message",
        "EventID",
        "SourceName",
        "Hostname",
        "@timestamp",
        "Channel"
      ]
    }
  },
  {
    "event_id": "END-000009",
    "timestamp": "2020-11-02T04:12:58.165Z",
    "sector": "endpoint",
    "source_dataset": "mordor_endpoint_powershell_httplistener",
    "asset": "WORKSTATION5",
    "event_type": "endpoint_command_execution",
    "severity": "medium",
    "confidence": 0.72,
    "label": "endpoint_event",
    "endpoint": {
      "hostname": "WORKSTATION5",
      "event_id": 13,
      "source_name": "Microsoft-Windows-Sysmon",
      "channel": "Microsoft-Windows-Sysmon/Operational",
      "level": "4",
      "message": "Registry value set:\r\nRuleName: -\r\nEventType: SetValue\r\nUtcTime: 2020-11-02 09:12:58.164\r\nProcessGuid: {39e4a257-f1b3-5f8b-a700-000000000700}\r\nProcessId: 1072\r\nImage: C:\\windows\\Explorer.EXE\r\nTargetObject: HKU\\S-1-5-21-3940915590-64593676-1414006259-500\\Software\\Microsoft\\Windows\\CurrentVersion\\Explorer\\UserAssist\\{CEBFF5CD-ACE2-4F4F-9178-9926F41749EA}\\Count\\HRZR_PGYFRFFVBA\r\nDetails: Binary Data",
      "signals": [
        "process_or_command_activity"
      ]
    },
    "evidence_ref": {
      "source_file": "psh_powershell_httplistener_2020-11-0204130683.json",
      "row_id": 9,
      "columns": [
        "Message",
        "EventID",
        "SourceName",
        "Hostname",
        "@timestamp",
        "Channel"
      ]
    }
  },
  {
    "event_id": "END-000010",
    "timestamp": "2020-11-02T04:12:58.964Z",
    "sector": "endpoint",
    "source_dataset": "mordor_endpoint_powershell_httplistener",
    "asset": "WORKSTATION5",
    "event_type": "endpoint_command_execution",
    "severity": "medium",
    "confidence": 0.72,
    "label": "endpoint_event",
    "endpoint": {
      "hostname": "WORKSTATION5",
      "event_id": 10,
      "source_name": "Microsoft-Windows-Sysmon",
      "channel": "Microsoft-Windows-Sysmon/Operational",
      "level": "4",
      "message": "Process accessed:\r\nRuleName: -\r\nUtcTime: 2020-11-02 09:12:58.961\r\nSourceProcessGUID: {39e4a257-f132-5f8b-1000-000000000700}\r\nSourceProcessId: 944\r\nSourceThreadId: 1060\r\nSourceImage: C:\\windows\\system32\\svchost.exe\r\nTargetProcessGUID: {39e4a257-f247-5f8b-d300-000000000700}\r\nTargetProcessId: 4368\r\nTargetImage: C:\\Windows\\SystemApps\\InputApp_cw5n1h2txyewy\\WindowsInternal.ComposableShell.Experiences.TextInput.InputApp.exe\r\nGrantedAccess: 0x1000\r\nCallTrace: C:\\windows\\SYSTEM32\\ntdll.dll+9c584|C:\\windows\\SYSTEM32\\psmserviceexthost.dll+222a3|C:\\windows\\SYSTEM32\\psmserviceexthost.dll+37ea0|C:\\windows\\SYSTEM32\\psmserviceexthost.dll+37929|C:\\windows\\SYSTEM32\\psmserviceexthost.dll+686f8|C:\\windows\\SYSTEM32\\psmserviceexthost.dll+6e84a|C:\\windows\\SYSTEM32\\psmserviceexthost.dll+6f700|C:\\windows\\SYSTEM32\\psmserviceexthost.dll+34be4|C:\\windows\\SYSTEM32\\psmserviceexthost.dll+6f63e|C:\\windows\\SYSTEM32\\psmserviceexthost.dll+713b5|C:\\windows\\SYSTEM32\\psmserviceexthost.dll+50bda|C:\\windows\\SYSTEM32\\psmserviceexthost.dll+4500a|C:\\windows\\System32\\KERNEL32.DLL+17c24|C:\\windows\\SYSTEM32\\ntdll.dll+6cea1",
      "signals": [
        "process_or_command_activity"
      ]
    },
    "evidence_ref": {
      "source_file": "psh_powershell_httplistener_2020-11-0204130683.json",
      "row_id": 10,
      "columns": [
        "Message",
        "EventID",
        "SourceName",
        "Hostname",
        "@timestamp",
        "Channel"
      ]
    }
  },
  {
    "event_id": "END-000011",
    "timestamp": "2020-11-02T04:12:58.964Z",
    "sector": "endpoint",
    "source_dataset": "mordor_endpoint_powershell_httplistener",
    "asset": "WORKSTATION5",
    "event_type": "endpoint_command_execution",
    "severity": "medium",
    "confidence": 0.72,
    "label": "endpoint_event",
    "endpoint": {
      "hostname": "WORKSTATION5",
      "event_id": 10,
      "source_name": "Microsoft-Windows-Sysmon",
      "channel": "Microsoft-Windows-Sysmon/Operational",
      "level": "4",
      "message": "Process accessed:\r\nRuleName: -\r\nUtcTime: 2020-11-02 09:12:58.961\r\nSourceProcessGUID: {39e4a257-f132-5f8b-1000-000000000700}\r\nSourceProcessId: 944\r\nSourceThreadId: 1060\r\nSourceImage: C:\\windows\\system32\\svchost.exe\r\nTargetProcessGUID: {39e4a257-cd84-5f9f-fb49-000000000700}\r\nTargetProcessId: 14064\r\nTargetImage: C:\\windows\\system32\\backgroundTaskHost.exe\r\nGrantedAccess: 0x1000\r\nCallTrace: C:\\windows\\SYSTEM32\\ntdll.dll+9c584|C:\\windows\\SYSTEM32\\psmserviceexthost.dll+222a3|C:\\windows\\SYSTEM32\\psmserviceexthost.dll+37ea0|C:\\windows\\SYSTEM32\\psmserviceexthost.dll+37929|C:\\windows\\SYSTEM32\\psmserviceexthost.dll+686f8|C:\\windows\\SYSTEM32\\psmserviceexthost.dll+6e84a|C:\\windows\\SYSTEM32\\psmserviceexthost.dll+6f700|C:\\windows\\SYSTEM32\\psmserviceexthost.dll+34be4|C:\\windows\\SYSTEM32\\psmserviceexthost.dll+6f63e|C:\\windows\\SYSTEM32\\psmserviceexthost.dll+713b5|C:\\windows\\SYSTEM32\\psmserviceexthost.dll+50bda|C:\\windows\\SYSTEM32\\psmserviceexthost.dll+4500a|C:\\windows\\System32\\KERNEL32.DLL+17c24|C:\\windows\\SYSTEM32\\ntdll.dll+6cea1",
      "signals": [
        "process_or_command_activity"
      ]
    },
    "evidence_ref": {
      "source_file": "psh_powershell_httplistener_2020-11-0204130683.json",
      "row_id": 11,
      "columns": [
        "Message",
        "EventID",
        "SourceName",
        "Hostname",
        "@timestamp",
        "Channel"
      ]
    }
  },
  {
    "event_id": "END-000012",
    "timestamp": "2020-11-02T04:12:59.744Z",
    "sector": "endpoint",
    "source_dataset": "mordor_endpoint_powershell_httplistener",
    "asset": "WORKSTATION5",
    "event_type": "endpoint_command_execution",
    "severity": "medium",
    "confidence": 0.72,
    "label": "endpoint_event",
    "endpoint": {
      "hostname": "WORKSTATION5",
      "event_id": 10,
      "source_name": "Microsoft-Windows-Sysmon",
      "channel": "Microsoft-Windows-Sysmon/Operational",
      "level": "4",
      "message": "Process accessed:\r\nRuleName: -\r\nUtcTime: 2020-11-02 09:12:59.743\r\nSourceProcessGUID: {39e4a257-f1b3-5f8b-a700-000000000700}\r\nSourceProcessId: 1072\r\nSourceThreadId: 12740\r\nSourceImage: C:\\windows\\Explorer.EXE\r\nTargetProcessGUID: {39e4a257-f247-5f8b-d300-000000000700}\r\nTargetProcessId: 4368\r\nTargetImage: C:\\Windows\\SystemApps\\InputApp_cw5n1h2txyewy\\WindowsInternal.ComposableShell.Experiences.TextInput.InputApp.exe\r\nGrantedAccess: 0x2000\r\nCallTrace: C:\\windows\\SYSTEM32\\ntdll.dll+9c584|C:\\windows\\System32\\KERNELBASE.dll+305fe|C:\\windows\\system32\\twinui.dll+72a89|C:\\windows\\SYSTEM32\\ntdll.dll+30729|C:\\windows\\SYSTEM32\\ntdll.dll+345b4|C:\\windows\\System32\\KERNEL32.DLL+17c24|C:\\windows\\SYSTEM32\\ntdll.dll+6cea1",
      "signals": [
        "process_or_command_activity"
      ]
    },
    "evidence_ref": {
      "source_file": "psh_powershell_httplistener_2020-11-0204130683.json",
      "row_id": 12,
      "columns": [
        "Message",
        "EventID",
        "SourceName",
        "Hostname",
        "@timestamp",
        "Channel"
      ]
    }
  },
  {
    "event_id": "END-000013",
    "timestamp": "2020-11-02T04:12:59.744Z",
    "sector": "endpoint",
    "source_dataset": "mordor_endpoint_powershell_httplistener",
    "asset": "WORKSTATION5",
    "event_type": "endpoint_powershell_activity",
    "severity": "medium",
    "confidence": 0.78,
    "label": "endpoint_event",
    "endpoint": {
      "hostname": "WORKSTATION5",
      "event_id": 10,
      "source_name": "Microsoft-Windows-Sysmon",
      "channel": "Microsoft-Windows-Sysmon/Operational",
      "level": "4",
      "message": "Process accessed:\r\nRuleName: -\r\nUtcTime: 2020-11-02 09:12:59.743\r\nSourceProcessGUID: {39e4a257-f1b3-5f8b-a700-000000000700}\r\nSourceProcessId: 1072\r\nSourceThreadId: 12740\r\nSourceImage: C:\\windows\\Explorer.EXE\r\nTargetProcessGUID: {39e4a257-41a0-5f9a-2d36-000000000700}\r\nTargetProcessId: 13264\r\nTargetImage: C:\\Windows\\System32\\WindowsPowerShell\\v1.0\\powershell.exe\r\nGrantedAccess: 0x2000\r\nCallTrace: C:\\windows\\SYSTEM32\\ntdll.dll+9c584|C:\\windows\\System32\\KERNELBASE.dll+305fe|C:\\windows\\system32\\twinui.dll+72a89|C:\\windows\\SYSTEM32\\ntdll.dll+30729|C:\\windows\\SYSTEM32\\ntdll.dll+345b4|C:\\windows\\System32\\KERNEL32.DLL+17c24|C:\\windows\\SYSTEM32\\ntdll.dll+6cea1",
      "signals": [
        "powershell_activity",
        "process_or_command_activity"
      ]
    },
    "evidence_ref": {
      "source_file": "psh_powershell_httplistener_2020-11-0204130683.json",
      "row_id": 13,
      "columns": [
        "Message",
        "EventID",
        "SourceName",
        "Hostname",
        "@timestamp",
        "Channel"
      ]
    }
  },
  {
    "event_id": "END-000014",
    "timestamp": "2020-11-02T04:12:59.744Z",
    "sector": "endpoint",
    "source_dataset": "mordor_endpoint_powershell_httplistener",
    "asset": "WORKSTATION5",
    "event_type": "endpoint_powershell_activity",
    "severity": "medium",
    "confidence": 0.78,
    "label": "endpoint_event",
    "endpoint": {
      "hostname": "WORKSTATION5",
      "event_id": 10,
      "source_name": "Microsoft-Windows-Sysmon",
      "channel": "Microsoft-Windows-Sysmon/Operational",
      "level": "4",
      "message": "Process accessed:\r\nRuleName: -\r\nUtcTime: 2020-11-02 09:12:59.743\r\nSourceProcessGUID: {39e4a257-f1b3-5f8b-a700-000000000700}\r\nSourceProcessId: 1072\r\nSourceThreadId: 12740\r\nSourceImage: C:\\windows\\Explorer.EXE\r\nTargetProcessGUID: {39e4a257-cd82-5f9f-f949-000000000700}\r\nTargetProcessId: 10668\r\nTargetImage: C:\\Windows\\System32\\WindowsPowerShell\\v1.0\\powershell.exe\r\nGrantedAccess: 0x2000\r\nCallTrace: C:\\windows\\SYSTEM32\\ntdll.dll+9c584|C:\\windows\\System32\\KERNELBASE.dll+305fe|C:\\windows\\system32\\twinui.dll+72a89|C:\\windows\\SYSTEM32\\ntdll.dll+30729|C:\\windows\\SYSTEM32\\ntdll.dll+345b4|C:\\windows\\System32\\KERNEL32.DLL+17c24|C:\\windows\\SYSTEM32\\ntdll.dll+6cea1",
      "signals": [
        "powershell_activity",
        "process_or_command_activity"
      ]
    },
    "evidence_ref": {
      "source_file": "psh_powershell_httplistener_2020-11-0204130683.json",
      "row_id": 14,
      "columns": [
        "Message",
        "EventID",
        "SourceName",
        "Hostname",
        "@timestamp",
        "Channel"
      ]
    }
  },
  {
    "event_id": "END-000015",
    "timestamp": "2020-11-02T04:12:59.964Z",
    "sector": "endpoint",
    "source_dataset": "mordor_endpoint_powershell_httplistener",
    "asset": "WORKSTATION5",
    "event_type": "endpoint_command_execution",
    "severity": "medium",
    "confidence": 0.72,
    "label": "endpoint_event",
    "endpoint": {
      "hostname": "WORKSTATION5",
      "event_id": 10,
      "source_name": "Microsoft-Windows-Sysmon",
      "channel": "Microsoft-Windows-Sysmon/Operational",
      "level": "4",
      "message": "Process accessed:\r\nRuleName: -\r\nUtcTime: 2020-11-02 09:12:59.961\r\nSourceProcessGUID: {39e4a257-f132-5f8b-1000-000000000700}\r\nSourceProcessId: 944\r\nSourceThreadId: 1060\r\nSourceImage: C:\\windows\\system32\\svchost.exe\r\nTargetProcessGUID: {39e4a257-f247-5f8b-d300-000000000700}\r\nTargetProcessId: 4368\r\nTargetImage: C:\\Windows\\SystemApps\\InputApp_cw5n1h2txyewy\\WindowsInternal.ComposableShell.Experiences.TextInput.InputApp.exe\r\nGrantedAccess: 0x1000\r\nCallTrace: C:\\windows\\SYSTEM32\\ntdll.dll+9c584|C:\\windows\\SYSTEM32\\psmserviceexthost.dll+222a3|C:\\windows\\SYSTEM32\\psmserviceexthost.dll+37ea0|C:\\windows\\SYSTEM32\\psmserviceexthost.dll+37929|C:\\windows\\SYSTEM32\\psmserviceexthost.dll+686f8|C:\\windows\\SYSTEM32\\psmserviceexthost.dll+6e84a|C:\\windows\\SYSTEM32\\psmserviceexthost.dll+6f700|C:\\windows\\SYSTEM32\\psmserviceexthost.dll+34be4|C:\\windows\\SYSTEM32\\psmserviceexthost.dll+6f63e|C:\\windows\\SYSTEM32\\psmserviceexthost.dll+713b5|C:\\windows\\SYSTEM32\\psmserviceexthost.dll+50bda|C:\\windows\\SYSTEM32\\psmserviceexthost.dll+4500a|C:\\windows\\System32\\KERNEL32.DLL+17c24|C:\\windows\\SYSTEM32\\ntdll.dll+6cea1",
      "signals": [
        "process_or_command_activity"
      ]
    },
    "evidence_ref": {
      "source_file": "psh_powershell_httplistener_2020-11-0204130683.json",
      "row_id": 15,
      "columns": [
        "Message",
        "EventID",
        "SourceName",
        "Hostname",
        "@timestamp",
        "Channel"
      ]
    }
  },
  {
    "event_id": "END-000016",
    "timestamp": "2020-11-02T04:12:59.964Z",
    "sector": "endpoint",
    "source_dataset": "mordor_endpoint_powershell_httplistener",
    "asset": "WORKSTATION5",
    "event_type": "endpoint_command_execution",
    "severity": "medium",
    "confidence": 0.72,
    "label": "endpoint_event",
    "endpoint": {
      "hostname": "WORKSTATION5",
      "event_id": 10,
      "source_name": "Microsoft-Windows-Sysmon",
      "channel": "Microsoft-Windows-Sysmon/Operational",
      "level": "4",
      "message": "Process accessed:\r\nRuleName: -\r\nUtcTime: 2020-11-02 09:12:59.961\r\nSourceProcessGUID: {39e4a257-f132-5f8b-1000-000000000700}\r\nSourceProcessId: 944\r\nSourceThreadId: 1060\r\nSourceImage: C:\\windows\\system32\\svchost.exe\r\nTargetProcessGUID: {39e4a257-cd84-5f9f-fb49-000000000700}\r\nTargetProcessId: 14064\r\nTargetImage: C:\\windows\\system32\\backgroundTaskHost.exe\r\nGrantedAccess: 0x1000\r\nCallTrace: C:\\windows\\SYSTEM32\\ntdll.dll+9c584|C:\\windows\\SYSTEM32\\psmserviceexthost.dll+222a3|C:\\windows\\SYSTEM32\\psmserviceexthost.dll+37ea0|C:\\windows\\SYSTEM32\\psmserviceexthost.dll+37929|C:\\windows\\SYSTEM32\\psmserviceexthost.dll+686f8|C:\\windows\\SYSTEM32\\psmserviceexthost.dll+6e84a|C:\\windows\\SYSTEM32\\psmserviceexthost.dll+6f700|C:\\windows\\SYSTEM32\\psmserviceexthost.dll+34be4|C:\\windows\\SYSTEM32\\psmserviceexthost.dll+6f63e|C:\\windows\\SYSTEM32\\psmserviceexthost.dll+713b5|C:\\windows\\SYSTEM32\\psmserviceexthost.dll+50bda|C:\\windows\\SYSTEM32\\psmserviceexthost.dll+4500a|C:\\windows\\System32\\KERNEL32.DLL+17c24|C:\\windows\\SYSTEM32\\ntdll.dll+6cea1",
      "signals": [
        "process_or_command_activity"
      ]
    },
    "evidence_ref": {
      "source_file": "psh_powershell_httplistener_2020-11-0204130683.json",
      "row_id": 16,
      "columns": [
        "Message",
        "EventID",
        "SourceName",
        "Hostname",
        "@timestamp",
        "Channel"
      ]
    }
  },
  {
    "event_id": "END-000017",
    "timestamp": "2020-11-02T04:13:00.010Z",
    "sector": "endpoint",
    "source_dataset": "mordor_endpoint_powershell_httplistener",
    "asset": "WORKSTATION5",
    "event_type": "endpoint_command_execution",
    "severity": "medium",
    "confidence": 0.72,
    "label": "endpoint_event",
    "endpoint": {
      "hostname": "WORKSTATION5",
      "event_id": 10,
      "source_name": "Microsoft-Windows-Sysmon",
      "channel": "Microsoft-Windows-Sysmon/Operational",
      "level": "4",
      "message": "Process accessed:\r\nRuleName: -\r\nUtcTime: 2020-11-02 09:13:00.008\r\nSourceProcessGUID: {39e4a257-f132-5f8b-1200-000000000700}\r\nSourceProcessId: 404\r\nSourceThreadId: 12880\r\nSourceImage: C:\\windows\\system32\\svchost.exe\r\nTargetProcessGUID: {39e4a257-f137-5f8b-4c00-000000000700}\r\nTargetProcessId: 3172\r\nTargetImage: C:\\windows\\System32\\svchost.exe\r\nGrantedAccess: 0x1000\r\nCallTrace: C:\\windows\\SYSTEM32\\ntdll.dll+9c584|C:\\windows\\System32\\KERNELBASE.dll+6af15|c:\\windows\\system32\\lsm.dll+10225|C:\\windows\\System32\\RPCRT4.dll+76a63|C:\\windows\\System32\\RPCRT4.dll+da036|C:\\windows\\System32\\RPCRT4.dll+37b7c|C:\\windows\\System32\\RPCRT4.dll+549f8|C:\\windows\\System32\\RPCRT4.dll+2c9b1|C:\\windows\\System32\\RPCRT4.dll+2c26b|C:\\windows\\System32\\RPCRT4.dll+1a8cf|C:\\windows\\System32\\RPCRT4.dll+19d7a|C:\\windows\\System32\\RPCRT4.dll+19361|C:\\windows\\System32\\RPCRT4.dll+18dce|C:\\windows\\System32\\RPCRT4.dll+16a05|C:\\windows\\SYSTEM32\\ntdll.dll+333ed|C:\\windows\\SYSTEM32\\ntdll.dll+34142|C:\\windows\\System32\\KERNEL32.DLL+17c24|C:\\windows\\SYSTEM32\\ntdll.dll+6cea1",
      "signals": [
        "process_or_command_activity"
      ]
    },
    "evidence_ref": {
      "source_file": "psh_powershell_httplistener_2020-11-0204130683.json",
      "row_id": 17,
      "columns": [
        "Message",
        "EventID",
        "SourceName",
        "Hostname",
        "@timestamp",
        "Channel"
      ]
    }
  },
  {
    "event_id": "END-000018",
    "timestamp": "2020-11-02T04:13:00.010Z",
    "sector": "endpoint",
    "source_dataset": "mordor_endpoint_powershell_httplistener",
    "asset": "WORKSTATION5",
    "event_type": "endpoint_command_execution",
    "severity": "medium",
    "confidence": 0.72,
    "label": "endpoint_event",
    "endpoint": {
      "hostname": "WORKSTATION5",
      "event_id": 10,
      "source_name": "Microsoft-Windows-Sysmon",
      "channel": "Microsoft-Windows-Sysmon/Operational",
      "level": "4",
      "message": "Process accessed:\r\nRuleName: -\r\nUtcTime: 2020-11-02 09:13:00.008\r\nSourceProcessGUID: {39e4a257-f132-5f8b-1200-000000000700}\r\nSourceProcessId: 404\r\nSourceThreadId: 12880\r\nSourceImage: C:\\windows\\system32\\svchost.exe\r\nTargetProcessGUID: {39e4a257-f137-5f8b-4c00-000000000700}\r\nTargetProcessId: 3172\r\nTargetImage: C:\\windows\\System32\\svchost.exe\r\nGrantedAccess: 0x1000\r\nCallTrace: C:\\windows\\SYSTEM32\\ntdll.dll+9c584|C:\\windows\\System32\\KERNELBASE.dll+6af15|c:\\windows\\system32\\lsm.dll+108a0|C:\\windows\\System32\\RPCRT4.dll+76a63|C:\\windows\\System32\\RPCRT4.dll+da036|C:\\windows\\System32\\RPCRT4.dll+37b7c|C:\\windows\\System32\\RPCRT4.dll+549f8|C:\\windows\\System32\\RPCRT4.dll+2c9b1|C:\\windows\\System32\\RPCRT4.dll+2c26b|C:\\windows\\System32\\RPCRT4.dll+1a8cf|C:\\windows\\System32\\RPCRT4.dll+19d7a|C:\\windows\\System32\\RPCRT4.dll+19361|C:\\windows\\System32\\RPCRT4.dll+18dce|C:\\windows\\System32\\RPCRT4.dll+16a05|C:\\windows\\SYSTEM32\\ntdll.dll+333ed|C:\\windows\\SYSTEM32\\ntdll.dll+34142|C:\\windows\\System32\\KERNEL32.DLL+17c24|C:\\windows\\SYSTEM32\\ntdll.dll+6cea1",
      "signals": [
        "process_or_command_activity"
      ]
    },
    "evidence_ref": {
      "source_file": "psh_powershell_httplistener_2020-11-0204130683.json",
      "row_id": 18,
      "columns": [
        "Message",
        "EventID",
        "SourceName",
        "Hostname",
        "@timestamp",
        "Channel"
      ]
    }
  },
  {
    "event_id": "END-000019",
    "timestamp": "2020-11-02T04:13:00.010Z",
    "sector": "endpoint",
    "source_dataset": "mordor_endpoint_powershell_httplistener",
    "asset": "WORKSTATION5",
    "event_type": "endpoint_command_execution",
    "severity": "medium",
    "confidence": 0.72,
    "label": "endpoint_event",
    "endpoint": {
      "hostname": "WORKSTATION5",
      "event_id": 10,
      "source_name": "Microsoft-Windows-Sysmon",
      "channel": "Microsoft-Windows-Sysmon/Operational",
      "level": "4",
      "message": "Process accessed:\r\nRuleName: -\r\nUtcTime: 2020-11-02 09:13:00.008\r\nSourceProcessGUID: {39e4a257-f132-5f8b-1200-000000000700}\r\nSourceProcessId: 404\r\nSourceThreadId: 12880\r\nSourceImage: C:\\windows\\system32\\svchost.exe\r\nTargetProcessGUID: {39e4a257-f137-5f8b-4c00-000000000700}\r\nTargetProcessId: 3172\r\nTargetImage: C:\\windows\\System32\\svchost.exe\r\nGrantedAccess: 0x1000\r\nCallTrace: C:\\windows\\SYSTEM32\\ntdll.dll+9c584|C:\\windows\\System32\\KERNELBASE.dll+6af15|c:\\windows\\system32\\lsm.dll+106fe|C:\\windows\\System32\\RPCRT4.dll+76a63|C:\\windows\\System32\\RPCRT4.dll+da036|C:\\windows\\System32\\RPCRT4.dll+37b7c|C:\\windows\\System32\\RPCRT4.dll+549f8|C:\\windows\\System32\\RPCRT4.dll+2c9b1|C:\\windows\\System32\\RPCRT4.dll+2c26b|C:\\windows\\System32\\RPCRT4.dll+1a8cf|C:\\windows\\System32\\RPCRT4.dll+19d7a|C:\\windows\\System32\\RPCRT4.dll+19361|C:\\windows\\System32\\RPCRT4.dll+18dce|C:\\windows\\System32\\RPCRT4.dll+16a05|C:\\windows\\SYSTEM32\\ntdll.dll+333ed|C:\\windows\\SYSTEM32\\ntdll.dll+34142|C:\\windows\\System32\\KERNEL32.DLL+17c24|C:\\windows\\SYSTEM32\\ntdll.dll+6cea1",
      "signals": [
        "process_or_command_activity"
      ]
    },
    "evidence_ref": {
      "source_file": "psh_powershell_httplistener_2020-11-0204130683.json",
      "row_id": 19,
      "columns": [
        "Message",
        "EventID",
        "SourceName",
        "Hostname",
        "@timestamp",
        "Channel"
      ]
    }
  },
  {
    "event_id": "END-000020",
    "timestamp": "2020-11-02T04:13:00.010Z",
    "sector": "endpoint",
    "source_dataset": "mordor_endpoint_powershell_httplistener",
    "asset": "WORKSTATION5",
    "event_type": "endpoint_command_execution",
    "severity": "medium",
    "confidence": 0.72,
    "label": "endpoint_event",
    "endpoint": {
      "hostname": "WORKSTATION5",
      "event_id": 10,
      "source_name": "Microsoft-Windows-Sysmon",
      "channel": "Microsoft-Windows-Sysmon/Operational",
      "level": "4",
      "message": "Process accessed:\r\nRuleName: -\r\nUtcTime: 2020-11-02 09:13:00.008\r\nSourceProcessGUID: {39e4a257-f132-5f8b-1200-000000000700}\r\nSourceProcessId: 404\r\nSourceThreadId: 6188\r\nSourceImage: C:\\windows\\system32\\svchost.exe\r\nTargetProcessGUID: {39e4a257-f137-5f8b-4c00-000000000700}\r\nTargetProcessId: 3172\r\nTargetImage: C:\\windows\\System32\\svchost.exe\r\nGrantedAccess: 0x1000\r\nCallTrace: C:\\windows\\SYSTEM32\\ntdll.dll+9c584|C:\\windows\\System32\\KERNELBASE.dll+6af15|c:\\windows\\system32\\lsm.dll+f6ba|C:\\windows\\System32\\RPCRT4.dll+76a63|C:\\windows\\System32\\RPCRT4.dll+da036|C:\\windows\\System32\\RPCRT4.dll+37b7c|C:\\windows\\System32\\RPCRT4.dll+549f8|C:\\windows\\System32\\RPCRT4.dll+2c9b1|C:\\windows\\System32\\RPCRT4.dll+2c26b|C:\\windows\\System32\\RPCRT4.dll+1a8cf|C:\\windows\\System32\\RPCRT4.dll+19d7a|C:\\windows\\System32\\RPCRT4.dll+19361|C:\\windows\\System32\\RPCRT4.dll+18dce|C:\\windows\\System32\\RPCRT4.dll+16a05|C:\\windows\\SYSTEM32\\ntdll.dll+333ed|C:\\windows\\SYSTEM32\\ntdll.dll+34142|C:\\windows\\System32\\KERNEL32.DLL+17c24|C:\\windows\\SYSTEM32\\ntdll.dll+6cea1",
      "signals": [
        "process_or_command_activity"
      ]
    },
    "evidence_ref": {
      "source_file": "psh_powershell_httplistener_2020-11-0204130683.json",
      "row_id": 20,
      "columns": [
        "Message",
        "EventID",
        "SourceName",
        "Hostname",
        "@timestamp",
        "Channel"
      ]
    }
  },
  {
    "event_id": "END-000021",
    "timestamp": "2020-11-02T04:13:00.010Z",
    "sector": "endpoint",
    "source_dataset": "mordor_endpoint_powershell_httplistener",
    "asset": "WORKSTATION5",
    "event_type": "endpoint_command_execution",
    "severity": "medium",
    "confidence": 0.72,
    "label": "endpoint_event",
    "endpoint": {
      "hostname": "WORKSTATION5",
      "event_id": 10,
      "source_name": "Microsoft-Windows-Sysmon",
      "channel": "Microsoft-Windows-Sysmon/Operational",
      "level": "4",
      "message": "Process accessed:\r\nRuleName: -\r\nUtcTime: 2020-11-02 09:13:00.008\r\nSourceProcessGUID: {39e4a257-f132-5f8b-1200-000000000700}\r\nSourceProcessId: 404\r\nSourceThreadId: 6188\r\nSourceImage: C:\\windows\\system32\\svchost.exe\r\nTargetProcessGUID: {39e4a257-f137-5f8b-4c00-000000000700}\r\nTargetProcessId: 3172\r\nTargetImage: C:\\windows\\System32\\svchost.exe\r\nGrantedAccess: 0x1000\r\nCallTrace: C:\\windows\\SYSTEM32\\ntdll.dll+9c584|C:\\windows\\System32\\KERNELBASE.dll+6af15|c:\\windows\\system32\\lsm.dll+f97f|c:\\windows\\system32\\lsm.dll+f7ad|C:\\windows\\System32\\RPCRT4.dll+76a63|C:\\windows\\System32\\RPCRT4.dll+da036|C:\\windows\\System32\\RPCRT4.dll+37b7c|C:\\windows\\System32\\RPCRT4.dll+549f8|C:\\windows\\System32\\RPCRT4.dll+2c9b1|C:\\windows\\System32\\RPCRT4.dll+2c26b|C:\\windows\\System32\\RPCRT4.dll+1a8cf|C:\\windows\\System32\\RPCRT4.dll+19d7a|C:\\windows\\System32\\RPCRT4.dll+19361|C:\\windows\\System32\\RPCRT4.dll+18dce|C:\\windows\\System32\\RPCRT4.dll+16a05|C:\\windows\\SYSTEM32\\ntdll.dll+333ed|C:\\windows\\SYSTEM32\\ntdll.dll+34142|C:\\windows\\System32\\KERNEL32.DLL+17c24|C:\\windows\\SYSTEM32\\ntdll.dll+6cea1",
      "signals": [
        "process_or_command_activity"
      ]
    },
    "evidence_ref": {
      "source_file": "psh_powershell_httplistener_2020-11-0204130683.json",
      "row_id": 21,
      "columns": [
        "Message",
        "EventID",
        "SourceName",
        "Hostname",
        "@timestamp",
        "Channel"
      ]
    }
  },
  {
    "event_id": "END-000022",
    "timestamp": "2020-11-02T04:13:00.011Z",
    "sector": "endpoint",
    "source_dataset": "mordor_endpoint_powershell_httplistener",
    "asset": "WORKSTATION5",
    "event_type": "endpoint_command_execution",
    "severity": "medium",
    "confidence": 0.72,
    "label": "endpoint_event",
    "endpoint": {
      "hostname": "WORKSTATION5",
      "event_id": 10,
      "source_name": "Microsoft-Windows-Sysmon",
      "channel": "Microsoft-Windows-Sysmon/Operational",
      "level": "4",
      "message": "Process accessed:\r\nRuleName: -\r\nUtcTime: 2020-11-02 09:13:00.008\r\nSourceProcessGUID: {39e4a257-f132-5f8b-1200-000000000700}\r\nSourceProcessId: 404\r\nSourceThreadId: 6188\r\nSourceImage: C:\\windows\\system32\\svchost.exe\r\nTargetProcessGUID: {39e4a257-f137-5f8b-4c00-000000000700}\r\nTargetProcessId: 3172\r\nTargetImage: C:\\windows\\System32\\svchost.exe\r\nGrantedAccess: 0x1000\r\nCallTrace: C:\\windows\\SYSTEM32\\ntdll.dll+9c584|C:\\windows\\System32\\KERNELBASE.dll+6af15|c:\\windows\\system32\\lsm.dll+f6ba|C:\\windows\\System32\\RPCRT4.dll+76a63|C:\\windows\\System32\\RPCRT4.dll+da036|C:\\windows\\System32\\RPCRT4.dll+37b7c|C:\\windows\\System32\\RPCRT4.dll+549f8|C:\\windows\\System32\\RPCRT4.dll+2c9b1|C:\\windows\\System32\\RPCRT4.dll+2c26b|C:\\windows\\System32\\RPCRT4.dll+1a8cf|C:\\windows\\System32\\RPCRT4.dll+19d7a|C:\\windows\\System32\\RPCRT4.dll+19361|C:\\windows\\System32\\RPCRT4.dll+18dce|C:\\windows\\System32\\RPCRT4.dll+16a05|C:\\windows\\SYSTEM32\\ntdll.dll+333ed|C:\\windows\\SYSTEM32\\ntdll.dll+34142|C:\\windows\\System32\\KERNEL32.DLL+17c24|C:\\windows\\SYSTEM32\\ntdll.dll+6cea1",
      "signals": [
        "process_or_command_activity"
      ]
    },
    "evidence_ref": {
      "source_file": "psh_powershell_httplistener_2020-11-0204130683.json",
      "row_id": 22,
      "columns": [
        "Message",
        "EventID",
        "SourceName",
        "Hostname",
        "@timestamp",
        "Channel"
      ]
    }
  },
  {
    "event_id": "END-000023",
    "timestamp": "2020-11-02T04:13:00.011Z",
    "sector": "endpoint",
    "source_dataset": "mordor_endpoint_powershell_httplistener",
    "asset": "WORKSTATION5",
    "event_type": "endpoint_command_execution",
    "severity": "medium",
    "confidence": 0.72,
    "label": "endpoint_event",
    "endpoint": {
      "hostname": "WORKSTATION5",
      "event_id": 10,
      "source_name": "Microsoft-Windows-Sysmon",
      "channel": "Microsoft-Windows-Sysmon/Operational",
      "level": "4",
      "message": "Process accessed:\r\nRuleName: -\r\nUtcTime: 2020-11-02 09:13:00.008\r\nSourceProcessGUID: {39e4a257-f132-5f8b-1200-000000000700}\r\nSourceProcessId: 404\r\nSourceThreadId: 6188\r\nSourceImage: C:\\windows\\system32\\svchost.exe\r\nTargetProcessGUID: {39e4a257-f137-5f8b-4c00-000000000700}\r\nTargetProcessId: 3172\r\nTargetImage: C:\\windows\\System32\\svchost.exe\r\nGrantedAccess: 0x1000\r\nCallTrace: C:\\windows\\SYSTEM32\\ntdll.dll+9c584|C:\\windows\\System32\\KERNELBASE.dll+6af15|c:\\windows\\system32\\lsm.dll+f97f|c:\\windows\\system32\\lsm.dll+f7ad|C:\\windows\\System32\\RPCRT4.dll+76a63|C:\\windows\\System32\\RPCRT4.dll+da036|C:\\windows\\System32\\RPCRT4.dll+37b7c|C:\\windows\\System32\\RPCRT4.dll+549f8|C:\\windows\\System32\\RPCRT4.dll+2c9b1|C:\\windows\\System32\\RPCRT4.dll+2c26b|C:\\windows\\System32\\RPCRT4.dll+1a8cf|C:\\windows\\System32\\RPCRT4.dll+19d7a|C:\\windows\\System32\\RPCRT4.dll+19361|C:\\windows\\System32\\RPCRT4.dll+18dce|C:\\windows\\System32\\RPCRT4.dll+16a05|C:\\windows\\SYSTEM32\\ntdll.dll+333ed|C:\\windows\\SYSTEM32\\ntdll.dll+34142|C:\\windows\\System32\\KERNEL32.DLL+17c24|C:\\windows\\SYSTEM32\\ntdll.dll+6cea1",
      "signals": [
        "process_or_command_activity"
      ]
    },
    "evidence_ref": {
      "source_file": "psh_powershell_httplistener_2020-11-0204130683.json",
      "row_id": 23,
      "columns": [
        "Message",
        "EventID",
        "SourceName",
        "Hostname",
        "@timestamp",
        "Channel"
      ]
    }
  },
  {
    "event_id": "END-000024",
    "timestamp": "2020-11-02T04:13:00.011Z",
    "sector": "endpoint",
    "source_dataset": "mordor_endpoint_powershell_httplistener",
    "asset": "WORKSTATION5",
    "event_type": "endpoint_command_execution",
    "severity": "medium",
    "confidence": 0.72,
    "label": "endpoint_event",
    "endpoint": {
      "hostname": "WORKSTATION5",
      "event_id": 10,
      "source_name": "Microsoft-Windows-Sysmon",
      "channel": "Microsoft-Windows-Sysmon/Operational",
      "level": "4",
      "message": "Process accessed:\r\nRuleName: -\r\nUtcTime: 2020-11-02 09:13:00.008\r\nSourceProcessGUID: {39e4a257-f132-5f8b-1200-000000000700}\r\nSourceProcessId: 404\r\nSourceThreadId: 12880\r\nSourceImage: C:\\windows\\system32\\svchost.exe\r\nTargetProcessGUID: {39e4a257-f137-5f8b-4c00-000000000700}\r\nTargetProcessId: 3172\r\nTargetImage: C:\\windows\\System32\\svchost.exe\r\nGrantedAccess: 0x1000\r\nCallTrace: C:\\windows\\SYSTEM32\\ntdll.dll+9c584|C:\\windows\\System32\\KERNELBASE.dll+6af15|c:\\windows\\system32\\lsm.dll+111b6|C:\\windows\\System32\\RPCRT4.dll+76a63|C:\\windows\\System32\\RPCRT4.dll+da036|C:\\windows\\System32\\RPCRT4.dll+37b7c|C:\\windows\\System32\\RPCRT4.dll+549f8|C:\\windows\\System32\\RPCRT4.dll+2c9b1|C:\\windows\\System32\\RPCRT4.dll+2c26b|C:\\windows\\System32\\RPCRT4.dll+1a8cf|C:\\windows\\System32\\RPCRT4.dll+19d7a|C:\\windows\\System32\\RPCRT4.dll+19361|C:\\windows\\System32\\RPCRT4.dll+18dce|C:\\windows\\System32\\RPCRT4.dll+16a05|C:\\windows\\SYSTEM32\\ntdll.dll+333ed|C:\\windows\\SYSTEM32\\ntdll.dll+34142|C:\\windows\\System32\\KERNEL32.DLL+17c24|C:\\windows\\SYSTEM32\\ntdll.dll+6cea1",
      "signals": [
        "process_or_command_activity"
      ]
    },
    "evidence_ref": {
      "source_file": "psh_powershell_httplistener_2020-11-0204130683.json",
      "row_id": 24,
      "columns": [
        "Message",
        "EventID",
        "SourceName",
        "Hostname",
        "@timestamp",
        "Channel"
      ]
    }
  },
  {
    "event_id": "END-000025",
    "timestamp": "2020-11-02T04:13:00.012Z",
    "sector": "endpoint",
    "source_dataset": "mordor_endpoint_powershell_httplistener",
    "asset": "WORKSTATION5",
    "event_type": "endpoint_command_execution",
    "severity": "medium",
    "confidence": 0.72,
    "label": "endpoint_event",
    "endpoint": {
      "hostname": "WORKSTATION5",
      "event_id": 10,
      "source_name": "Microsoft-Windows-Sysmon",
      "channel": "Microsoft-Windows-Sysmon/Operational",
      "level": "4",
      "message": "Process accessed:\r\nRuleName: -\r\nUtcTime: 2020-11-02 09:13:00.008\r\nSourceProcessGUID: {39e4a257-f132-5f8b-1200-000000000700}\r\nSourceProcessId: 404\r\nSourceThreadId: 12880\r\nSourceImage: C:\\windows\\system32\\svchost.exe\r\nTargetProcessGUID: {39e4a257-f132-5f8b-1600-000000000700}\r\nTargetProcessId: 1040\r\nTargetImage: C:\\windows\\System32\\svchost.exe\r\nGrantedAccess: 0x40\r\nCallTrace: C:\\windows\\SYSTEM32\\ntdll.dll+9c584|C:\\windows\\System32\\KERNELBASE.dll+305fe|c:\\windows\\system32\\lsm.dll+1a207|C:\\windows\\System32\\RPCRT4.dll+76a63|C:\\windows\\System32\\RPCRT4.dll+da036|C:\\windows\\System32\\RPCRT4.dll+383b9|C:\\windows\\System32\\combase.dll+a5cff|C:\\windows\\System32\\combase.dll+8d0e3|C:\\windows\\System32\\combase.dll+8ced3|C:\\windows\\System32\\combase.dll+a9556|C:\\windows\\System32\\combase.dll+8a4fa|C:\\windows\\System32\\combase.dll+a47ed|C:\\windows\\System32\\combase.dll+401ac|C:\\windows\\System32\\combase.dll+40a11|C:\\windows\\System32\\combase.dll+421b8|C:\\windows\\System32\\RPCRT4.dll+549f8|C:\\windows\\System32\\RPCRT4.dll+2c9b1|C:\\windows\\System32\\RPCRT4.dll+2c500|C:\\windows\\System32\\RPCRT4.dll+1a71f|C:\\windows\\System32\\RPCRT4.dll+19d7a|C:\\windows\\System32\\RPCRT4.dll+19361|C:\\windows\\System32\\RPCRT4.dll+18dce|C:\\windows\\System32\\RPCRT4.dll+16a05|C:\\windows\\SYSTEM32\\ntdll.dll+333ed",
      "signals": [
        "process_or_command_activity"
      ]
    },
    "evidence_ref": {
      "source_file": "psh_powershell_httplistener_2020-11-0204130683.json",
      "row_id": 25,
      "columns": [
        "Message",
        "EventID",
        "SourceName",
        "Hostname",
        "@timestamp",
        "Channel"
      ]
    }
  },
  {
    "event_id": "END-000026",
    "timestamp": "2020-11-02T04:13:00.012Z",
    "sector": "endpoint",
    "source_dataset": "mordor_endpoint_powershell_httplistener",
    "asset": "WORKSTATION5",
    "event_type": "endpoint_command_execution",
    "severity": "medium",
    "confidence": 0.72,
    "label": "endpoint_event",
    "endpoint": {
      "hostname": "WORKSTATION5",
      "event_id": 10,
      "source_name": "Microsoft-Windows-Sysmon",
      "channel": "Microsoft-Windows-Sysmon/Operational",
      "level": "4",
      "message": "Process accessed:\r\nRuleName: -\r\nUtcTime: 2020-11-02 09:13:00.008\r\nSourceProcessGUID: {39e4a257-f132-5f8b-1200-000000000700}\r\nSourceProcessId: 404\r\nSourceThreadId: 12880\r\nSourceImage: C:\\windows\\system32\\svchost.exe\r\nTargetProcessGUID: {39e4a257-f137-5f8b-4c00-000000000700}\r\nTargetProcessId: 3172\r\nTargetImage: C:\\windows\\System32\\svchost.exe\r\nGrantedAccess: 0x1000\r\nCallTrace: C:\\windows\\SYSTEM32\\ntdll.dll+9c584|C:\\windows\\System32\\KERNELBASE.dll+6af15|c:\\windows\\system32\\lsm.dll+111b6|C:\\windows\\System32\\RPCRT4.dll+76a63|C:\\windows\\System32\\RPCRT4.dll+da036|C:\\windows\\System32\\RPCRT4.dll+37b7c|C:\\windows\\System32\\RPCRT4.dll+549f8|C:\\windows\\System32\\RPCRT4.dll+2c9b1|C:\\windows\\System32\\RPCRT4.dll+2c26b|C:\\windows\\System32\\RPCRT4.dll+1a8cf|C:\\windows\\System32\\RPCRT4.dll+19d7a|C:\\windows\\System32\\RPCRT4.dll+19361|C:\\windows\\System32\\RPCRT4.dll+18dce|C:\\windows\\System32\\RPCRT4.dll+16a05|C:\\windows\\SYSTEM32\\ntdll.dll+333ed|C:\\windows\\SYSTEM32\\ntdll.dll+34142|C:\\windows\\System32\\KERNEL32.DLL+17c24|C:\\windows\\SYSTEM32\\ntdll.dll+6cea1",
      "signals": [
        "process_or_command_activity"
      ]
    },
    "evidence_ref": {
      "source_file": "psh_powershell_httplistener_2020-11-0204130683.json",
      "row_id": 26,
      "columns": [
        "Message",
        "EventID",
        "SourceName",
        "Hostname",
        "@timestamp",
        "Channel"
      ]
    }
  },
