  {
    "event_id": "END-000027",
    "timestamp": "2020-11-02T04:13:00.013Z",
    "sector": "endpoint",
    "source_dataset": "mordor_endpoint_powershell_httplistener",
    "asset": "WORKSTATION5",
    "event_type": "endpoint_command_execution",
    "severity": "medium",
    "confidence": 0.72,
    "label": "endpoint_event",
    "endpoint": {
      "hostname": "WORKSTATION5",
      "event_id": 10,
      "source_name": "Microsoft-Windows-Sysmon",
      "channel": "Microsoft-Windows-Sysmon/Operational",
      "level": "4",
      "message": "Process accessed:\r\nRuleName: -\r\nUtcTime: 2020-11-02 09:13:00.008\r\nSourceProcessGUID: {39e4a257-f132-5f8b-1200-000000000700}\r\nSourceProcessId: 404\r\nSourceThreadId: 12880\r\nSourceImage: C:\\windows\\system32\\svchost.exe\r\nTargetProcessGUID: {39e4a257-f132-5f8b-1600-000000000700}\r\nTargetProcessId: 1040\r\nTargetImage: C:\\windows\\System32\\svchost.exe\r\nGrantedAccess: 0x40\r\nCallTrace: C:\\windows\\SYSTEM32\\ntdll.dll+9c584|C:\\windows\\System32\\KERNELBASE.dll+305fe|c:\\windows\\system32\\lsm.dll+1a207|C:\\windows\\System32\\RPCRT4.dll+76a63|C:\\windows\\System32\\RPCRT4.dll+da036|C:\\windows\\System32\\RPCRT4.dll+383b9|C:\\windows\\System32\\combase.dll+a5cff|C:\\windows\\System32\\combase.dll+8d0e3|C:\\windows\\System32\\combase.dll+8ced3|C:\\windows\\System32\\combase.dll+a9556|C:\\windows\\System32\\combase.dll+8a4fa|C:\\windows\\System32\\combase.dll+a47ed|C:\\windows\\System32\\combase.dll+401ac|C:\\windows\\System32\\combase.dll+40a11|C:\\windows\\System32\\combase.dll+421b8|C:\\windows\\System32\\RPCRT4.dll+549f8|C:\\windows\\System32\\RPCRT4.dll+2c9b1|C:\\windows\\System32\\RPCRT4.dll+2c500|C:\\windows\\System32\\RPCRT4.dll+1a71f|C:\\windows\\System32\\RPCRT4.dll+19d7a|C:\\windows\\System32\\RPCRT4.dll+19361|C:\\windows\\System32\\RPCRT4.dll+18dce|C:\\windows\\System32\\RPCRT4.dll+16a05|C:\\windows\\SYSTEM32\\ntdll.dll+333ed",
      "signals": [
        "process_or_command_activity"
      ]
    },
    "evidence_ref": {
      "source_file": "psh_powershell_httplistener_2020-11-0204130683.json",
      "row_id": 27,
      "columns": [
        "Message",
        "EventID",
        "SourceName",
        "Hostname",
        "@timestamp",
        "Channel"
      ]
    }
  },
  {
    "event_id": "END-000028",
    "timestamp": "2020-11-02T04:13:00.014Z",
    "sector": "endpoint",
    "source_dataset": "mordor_endpoint_powershell_httplistener",
    "asset": "WORKSTATION5",
    "event_type": "endpoint_command_execution",
    "severity": "medium",
    "confidence": 0.72,
    "label": "endpoint_event",
    "endpoint": {
      "hostname": "WORKSTATION5",
      "event_id": 10,
      "source_name": "Microsoft-Windows-Sysmon",
      "channel": "Microsoft-Windows-Sysmon/Operational",
      "level": "4",
      "message": "Process accessed:\r\nRuleName: -\r\nUtcTime: 2020-11-02 09:13:00.008\r\nSourceProcessGUID: {39e4a257-f132-5f8b-1200-000000000700}\r\nSourceProcessId: 404\r\nSourceThreadId: 12880\r\nSourceImage: C:\\windows\\system32\\svchost.exe\r\nTargetProcessGUID: {39e4a257-f137-5f8b-4c00-000000000700}\r\nTargetProcessId: 3172\r\nTargetImage: C:\\windows\\System32\\svchost.exe\r\nGrantedAccess: 0x1000\r\nCallTrace: C:\\windows\\SYSTEM32\\ntdll.dll+9c584|C:\\windows\\System32\\KERNELBASE.dll+6af15|c:\\windows\\system32\\lsm.dll+111b6|C:\\windows\\System32\\RPCRT4.dll+76a63|C:\\windows\\System32\\RPCRT4.dll+da036|C:\\windows\\System32\\RPCRT4.dll+37b7c|C:\\windows\\System32\\RPCRT4.dll+549f8|C:\\windows\\System32\\RPCRT4.dll+2c9b1|C:\\windows\\System32\\RPCRT4.dll+2c26b|C:\\windows\\System32\\RPCRT4.dll+1a8cf|C:\\windows\\System32\\RPCRT4.dll+19d7a|C:\\windows\\System32\\RPCRT4.dll+19361|C:\\windows\\System32\\RPCRT4.dll+18dce|C:\\windows\\System32\\RPCRT4.dll+16a05|C:\\windows\\SYSTEM32\\ntdll.dll+333ed|C:\\windows\\SYSTEM32\\ntdll.dll+34142|C:\\windows\\System32\\KERNEL32.DLL+17c24|C:\\windows\\SYSTEM32\\ntdll.dll+6cea1",
      "signals": [
        "process_or_command_activity"
      ]
    },
    "evidence_ref": {
      "source_file": "psh_powershell_httplistener_2020-11-0204130683.json",
      "row_id": 28,
      "columns": [
        "Message",
        "EventID",
        "SourceName",
        "Hostname",
        "@timestamp",
        "Channel"
      ]
    }
  },
  {
    "event_id": "END-000029",
    "timestamp": "2020-11-02T04:13:00.015Z",
    "sector": "endpoint",
    "source_dataset": "mordor_endpoint_powershell_httplistener",
    "asset": "WORKSTATION5",
    "event_type": "endpoint_command_execution",
    "severity": "medium",
    "confidence": 0.72,
    "label": "endpoint_event",
    "endpoint": {
      "hostname": "WORKSTATION5",
      "event_id": 10,
      "source_name": "Microsoft-Windows-Sysmon",
      "channel": "Microsoft-Windows-Sysmon/Operational",
      "level": "4",
      "message": "Process accessed:\r\nRuleName: -\r\nUtcTime: 2020-11-02 09:13:00.008\r\nSourceProcessGUID: {39e4a257-f132-5f8b-1200-000000000700}\r\nSourceProcessId: 404\r\nSourceThreadId: 12880\r\nSourceImage: C:\\windows\\system32\\svchost.exe\r\nTargetProcessGUID: {39e4a257-f137-5f8b-4c00-000000000700}\r\nTargetProcessId: 3172\r\nTargetImage: C:\\windows\\System32\\svchost.exe\r\nGrantedAccess: 0x1000\r\nCallTrace: C:\\windows\\SYSTEM32\\ntdll.dll+9c584|C:\\windows\\System32\\KERNELBASE.dll+6af15|c:\\windows\\system32\\lsm.dll+111b6|C:\\windows\\System32\\RPCRT4.dll+76a63|C:\\windows\\System32\\RPCRT4.dll+da036|C:\\windows\\System32\\RPCRT4.dll+37b7c|C:\\windows\\System32\\RPCRT4.dll+549f8|C:\\windows\\System32\\RPCRT4.dll+2c9b1|C:\\windows\\System32\\RPCRT4.dll+2c26b|C:\\windows\\System32\\RPCRT4.dll+1a8cf|C:\\windows\\System32\\RPCRT4.dll+19d7a|C:\\windows\\System32\\RPCRT4.dll+19361|C:\\windows\\System32\\RPCRT4.dll+18dce|C:\\windows\\System32\\RPCRT4.dll+16a05|C:\\windows\\SYSTEM32\\ntdll.dll+333ed|C:\\windows\\SYSTEM32\\ntdll.dll+34142|C:\\windows\\System32\\KERNEL32.DLL+17c24|C:\\windows\\SYSTEM32\\ntdll.dll+6cea1",
      "signals": [
        "process_or_command_activity"
      ]
    },
    "evidence_ref": {
      "source_file": "psh_powershell_httplistener_2020-11-0204130683.json",
      "row_id": 29,
      "columns": [
        "Message",
        "EventID",
        "SourceName",
        "Hostname",
        "@timestamp",
        "Channel"
      ]
    }
  },
  {
    "event_id": "END-000030",
    "timestamp": "2020-11-02T04:13:00.018Z",
    "sector": "endpoint",
    "source_dataset": "mordor_endpoint_powershell_httplistener",
    "asset": "WORKSTATION5",
    "event_type": "endpoint_command_execution",
    "severity": "medium",
    "confidence": 0.72,
    "label": "endpoint_event",
    "endpoint": {
      "hostname": "WORKSTATION5",
      "event_id": 12,
      "source_name": "Microsoft-Windows-Sysmon",
      "channel": "Microsoft-Windows-Sysmon/Operational",
      "level": "4",
      "message": "Registry object added or deleted:\r\nRuleName: -\r\nEventType: CreateKey\r\nUtcTime: 2020-11-02 09:13:00.008\r\nProcessGuid: {39e4a257-f137-5f8b-4c00-000000000700}\r\nProcessId: 3172\r\nImage: C:\\windows\\System32\\svchost.exe\r\nTargetObject: HKLM\\SOFTWARE\\Microsoft\\Windows\\CurrentVersion\\VFUProvider",
      "signals": [
        "process_or_command_activity"
      ]
    },
    "evidence_ref": {
      "source_file": "psh_powershell_httplistener_2020-11-0204130683.json",
      "row_id": 30,
      "columns": [
        "Message",
        "EventID",
        "SourceName",
        "Hostname",
        "@timestamp",
        "Channel"
      ]
    }
  },
  {
    "event_id": "END-000031",
    "timestamp": "2020-11-02T04:13:00.018Z",
    "sector": "endpoint",
    "source_dataset": "mordor_endpoint_powershell_httplistener",
    "asset": "WORKSTATION5",
    "event_type": "endpoint_command_execution",
    "severity": "medium",
    "confidence": 0.72,
    "label": "endpoint_event",
    "endpoint": {
      "hostname": "WORKSTATION5",
      "event_id": 13,
      "source_name": "Microsoft-Windows-Sysmon",
      "channel": "Microsoft-Windows-Sysmon/Operational",
      "level": "4",
      "message": "Registry value set:\r\nRuleName: -\r\nEventType: SetValue\r\nUtcTime: 2020-11-02 09:13:00.008\r\nProcessGuid: {39e4a257-f137-5f8b-4c00-000000000700}\r\nProcessId: 3172\r\nImage: C:\\windows\\System32\\svchost.exe\r\nTargetObject: HKLM\\SOFTWARE\\Microsoft\\Windows\\CurrentVersion\\VFUProvider\\StartTime\r\nDetails: QWORD (0x01d6b0f8-0x5c400ebe)",
      "signals": [
        "process_or_command_activity"
      ]
    },
    "evidence_ref": {
      "source_file": "psh_powershell_httplistener_2020-11-0204130683.json",
      "row_id": 31,
      "columns": [
        "Message",
        "EventID",
        "SourceName",
        "Hostname",
        "@timestamp",
        "Channel"
      ]
    }
  },
  {
    "event_id": "END-000032",
    "timestamp": "2020-11-02T04:13:00.648Z",
    "sector": "endpoint",
    "source_dataset": "mordor_endpoint_powershell_httplistener",
    "asset": "WORKSTATION5",
    "event_type": "endpoint_command_execution",
    "severity": "medium",
    "confidence": 0.72,
    "label": "endpoint_event",
    "endpoint": {
      "hostname": "WORKSTATION5",
      "event_id": 10,
      "source_name": "Microsoft-Windows-Sysmon",
      "channel": "Microsoft-Windows-Sysmon/Operational",
      "level": "4",
      "message": "Process accessed:\r\nRuleName: -\r\nUtcTime: 2020-11-02 09:13:00.633\r\nSourceProcessGUID: {39e4a257-f132-5f8b-1000-000000000700}\r\nSourceProcessId: 944\r\nSourceThreadId: 11104\r\nSourceImage: C:\\windows\\system32\\svchost.exe\r\nTargetProcessGUID: {39e4a257-f1b3-5f8b-a700-000000000700}\r\nTargetProcessId: 1072\r\nTargetImage: C:\\windows\\Explorer.EXE\r\nGrantedAccess: 0x2000\r\nCallTrace: C:\\windows\\SYSTEM32\\ntdll.dll+9c584|C:\\windows\\SYSTEM32\\psmserviceexthost.dll+310c0|C:\\windows\\SYSTEM32\\psmserviceexthost.dll+30dbf|C:\\windows\\SYSTEM32\\ntdll.dll+6ba5|C:\\windows\\SYSTEM32\\ntdll.dll+67f1|C:\\windows\\SYSTEM32\\ntdll.dll+6650|C:\\windows\\SYSTEM32\\ntdll.dll+3052c|C:\\windows\\SYSTEM32\\ntdll.dll+34142|C:\\windows\\System32\\KERNEL32.DLL+17c24|C:\\windows\\SYSTEM32\\ntdll.dll+6cea1",
      "signals": [
        "process_or_command_activity"
      ]
    },
    "evidence_ref": {
      "source_file": "psh_powershell_httplistener_2020-11-0204130683.json",
      "row_id": 32,
      "columns": [
        "Message",
        "EventID",
        "SourceName",
        "Hostname",
        "@timestamp",
        "Channel"
      ]
    }
  },
  {
    "event_id": "END-000033",
    "timestamp": "2020-11-02T04:13:00.657Z",
    "sector": "endpoint",
    "source_dataset": "mordor_endpoint_powershell_httplistener",
    "asset": "WORKSTATION5",
    "event_type": "endpoint_command_execution",
    "severity": "medium",
    "confidence": 0.72,
    "label": "endpoint_event",
    "endpoint": {
      "hostname": "WORKSTATION5",
      "event_id": 12,
      "source_name": "Microsoft-Windows-Sysmon",
      "channel": "Microsoft-Windows-Sysmon/Operational",
      "level": "4",
      "message": "Registry object added or deleted:\r\nRuleName: -\r\nEventType: CreateKey\r\nUtcTime: 2020-11-02 09:13:00.649\r\nProcessGuid: {39e4a257-f1b1-5f8b-a500-000000000700}\r\nProcessId: 5112\r\nImage: C:\\windows\\system32\\ctfmon.exe\r\nTargetObject: HKU\\S-1-5-21-3940915590-64593676-1414006259-500\\Software\\Microsoft\\Input\\Settings",
      "signals": [
        "process_or_command_activity"
      ]
    },
    "evidence_ref": {
      "source_file": "psh_powershell_httplistener_2020-11-0204130683.json",
      "row_id": 33,
      "columns": [
        "Message",
        "EventID",
        "SourceName",
        "Hostname",
        "@timestamp",
        "Channel"
      ]
    }
  },
  {
    "event_id": "END-000034",
    "timestamp": "2020-11-02T04:13:00.657Z",
    "sector": "endpoint",
    "source_dataset": "mordor_endpoint_powershell_httplistener",
    "asset": "WORKSTATION5",
    "event_type": "endpoint_command_execution",
    "severity": "medium",
    "confidence": 0.72,
    "label": "endpoint_event",
    "endpoint": {
      "hostname": "WORKSTATION5",
      "event_id": 10,
      "source_name": "Microsoft-Windows-Sysmon",
      "channel": "Microsoft-Windows-Sysmon/Operational",
      "level": "4",
      "message": "Process accessed:\r\nRuleName: -\r\nUtcTime: 2020-11-02 09:13:00.649\r\nSourceProcessGUID: {39e4a257-f1b3-5f8b-a700-000000000700}\r\nSourceProcessId: 1072\r\nSourceThreadId: 4688\r\nSourceImage: C:\\windows\\Explorer.EXE\r\nTargetProcessGUID: {39e4a257-f247-5f8b-d300-000000000700}\r\nTargetProcessId: 4368\r\nTargetImage: C:\\Windows\\SystemApps\\InputApp_cw5n1h2txyewy\\WindowsInternal.ComposableShell.Experiences.TextInput.InputApp.exe\r\nGrantedAccess: 0x2000\r\nCallTrace: C:\\windows\\SYSTEM32\\ntdll.dll+9c584|C:\\windows\\System32\\KERNELBASE.dll+305fe|C:\\windows\\system32\\twinui.dll+72a89|C:\\windows\\system32\\twinui.dll+785b2|C:\\windows\\system32\\twinui.dll+1780b|C:\\windows\\system32\\twinui.dll+1734c|C:\\windows\\system32\\twinui.dll+68f7a|C:\\windows\\system32\\twinui.dll+16e09|C:\\windows\\system32\\twinui.dll+16f4b|C:\\windows\\system32\\twinui.dll+16ecd|C:\\windows\\System32\\USER32.dll+15c1d|C:\\windows\\System32\\USER32.dll+15612|C:\\Windows\\System32\\windows.immersiveshell.serviceprovider.dll+45f0|C:\\Windows\\System32\\windows.immersiveshell.serviceprovider.dll+41b9|C:\\Windows\\System32\\windows.immersiveshell.serviceprovider.dll+3e4f|C:\\windows\\System32\\KERNEL32.DLL+17c24|C:\\windows\\SYSTEM32\\ntdll.dll+6cea1",
      "signals": [
        "process_or_command_activity"
      ]
    },
    "evidence_ref": {
      "source_file": "psh_powershell_httplistener_2020-11-0204130683.json",
      "row_id": 34,
      "columns": [
        "Message",
        "EventID",
        "SourceName",
        "Hostname",
        "@timestamp",
        "Channel"
      ]
    }
  },
  {
    "event_id": "END-000035",
    "timestamp": "2020-11-02T04:13:00.657Z",
    "sector": "endpoint",
    "source_dataset": "mordor_endpoint_powershell_httplistener",
    "asset": "WORKSTATION5",
    "event_type": "endpoint_powershell_activity",
    "severity": "medium",
    "confidence": 0.78,
    "label": "endpoint_event",
    "endpoint": {
      "hostname": "WORKSTATION5",
      "event_id": 10,
      "source_name": "Microsoft-Windows-Sysmon",
      "channel": "Microsoft-Windows-Sysmon/Operational",
      "level": "4",
      "message": "Process accessed:\r\nRuleName: -\r\nUtcTime: 2020-11-02 09:13:00.649\r\nSourceProcessGUID: {39e4a257-f1b3-5f8b-a700-000000000700}\r\nSourceProcessId: 1072\r\nSourceThreadId: 4688\r\nSourceImage: C:\\windows\\Explorer.EXE\r\nTargetProcessGUID: {39e4a257-41a0-5f9a-2d36-000000000700}\r\nTargetProcessId: 13264\r\nTargetImage: C:\\Windows\\System32\\WindowsPowerShell\\v1.0\\powershell.exe\r\nGrantedAccess: 0x2000\r\nCallTrace: C:\\windows\\SYSTEM32\\ntdll.dll+9c584|C:\\windows\\System32\\KERNELBASE.dll+305fe|C:\\windows\\system32\\twinui.dll+72a89|C:\\windows\\system32\\twinui.dll+785b2|C:\\windows\\system32\\twinui.dll+1780b|C:\\windows\\system32\\twinui.dll+1734c|C:\\windows\\system32\\twinui.dll+68f7a|C:\\windows\\system32\\twinui.dll+16e09|C:\\windows\\system32\\twinui.dll+16f4b|C:\\windows\\system32\\twinui.dll+16ecd|C:\\windows\\System32\\USER32.dll+15c1d|C:\\windows\\System32\\USER32.dll+15612|C:\\Windows\\System32\\windows.immersiveshell.serviceprovider.dll+45f0|C:\\Windows\\System32\\windows.immersiveshell.serviceprovider.dll+41b9|C:\\Windows\\System32\\windows.immersiveshell.serviceprovider.dll+3e4f|C:\\windows\\System32\\KERNEL32.DLL+17c24|C:\\windows\\SYSTEM32\\ntdll.dll+6cea1",
      "signals": [
        "powershell_activity",
        "process_or_command_activity"
      ]
    },
    "evidence_ref": {
      "source_file": "psh_powershell_httplistener_2020-11-0204130683.json",
      "row_id": 35,
      "columns": [
        "Message",
        "EventID",
        "SourceName",
        "Hostname",
        "@timestamp",
        "Channel"
      ]
    }
  },
  {
    "event_id": "END-000036",
    "timestamp": "2020-11-02T04:13:00.657Z",
    "sector": "endpoint",
    "source_dataset": "mordor_endpoint_powershell_httplistener",
    "asset": "WORKSTATION5",
    "event_type": "endpoint_powershell_activity",
    "severity": "medium",
    "confidence": 0.78,
    "label": "endpoint_event",
    "endpoint": {
      "hostname": "WORKSTATION5",
      "event_id": 10,
      "source_name": "Microsoft-Windows-Sysmon",
      "channel": "Microsoft-Windows-Sysmon/Operational",
      "level": "4",
      "message": "Process accessed:\r\nRuleName: -\r\nUtcTime: 2020-11-02 09:13:00.649\r\nSourceProcessGUID: {39e4a257-f1b3-5f8b-a700-000000000700}\r\nSourceProcessId: 1072\r\nSourceThreadId: 4688\r\nSourceImage: C:\\windows\\Explorer.EXE\r\nTargetProcessGUID: {39e4a257-cd82-5f9f-f949-000000000700}\r\nTargetProcessId: 10668\r\nTargetImage: C:\\Windows\\System32\\WindowsPowerShell\\v1.0\\powershell.exe\r\nGrantedAccess: 0x2000\r\nCallTrace: C:\\windows\\SYSTEM32\\ntdll.dll+9c584|C:\\windows\\System32\\KERNELBASE.dll+305fe|C:\\windows\\system32\\twinui.dll+72a89|C:\\windows\\system32\\twinui.dll+785b2|C:\\windows\\system32\\twinui.dll+1780b|C:\\windows\\system32\\twinui.dll+1734c|C:\\windows\\system32\\twinui.dll+68f7a|C:\\windows\\system32\\twinui.dll+16e09|C:\\windows\\system32\\twinui.dll+16f4b|C:\\windows\\system32\\twinui.dll+16ecd|C:\\windows\\System32\\USER32.dll+15c1d|C:\\windows\\System32\\USER32.dll+15612|C:\\Windows\\System32\\windows.immersiveshell.serviceprovider.dll+45f0|C:\\Windows\\System32\\windows.immersiveshell.serviceprovider.dll+41b9|C:\\Windows\\System32\\windows.immersiveshell.serviceprovider.dll+3e4f|C:\\windows\\System32\\KERNEL32.DLL+17c24|C:\\windows\\SYSTEM32\\ntdll.dll+6cea1",
      "signals": [
        "powershell_activity",
        "process_or_command_activity"
      ]
    },
    "evidence_ref": {
      "source_file": "psh_powershell_httplistener_2020-11-0204130683.json",
      "row_id": 36,
      "columns": [
        "Message",
        "EventID",
        "SourceName",
        "Hostname",
        "@timestamp",
        "Channel"
      ]
    }
  },
  {
    "event_id": "END-000037",
    "timestamp": "2020-11-02T04:13:00.657Z",
    "sector": "endpoint",
    "source_dataset": "mordor_endpoint_powershell_httplistener",
    "asset": "WORKSTATION5",
    "event_type": "endpoint_command_execution",
    "severity": "medium",
    "confidence": 0.72,
    "label": "endpoint_event",
    "endpoint": {
      "hostname": "WORKSTATION5",
      "event_id": 13,
      "source_name": "Microsoft-Windows-Sysmon",
      "channel": "Microsoft-Windows-Sysmon/Operational",
      "level": "4",
      "message": "Registry value set:\r\nRuleName: -\r\nEventType: SetValue\r\nUtcTime: 2020-11-02 09:13:00.649\r\nProcessGuid: {39e4a257-f1b3-5f8b-a700-000000000700}\r\nProcessId: 1072\r\nImage: C:\\windows\\Explorer.EXE\r\nTargetObject: HKU\\S-1-5-21-3940915590-64593676-1414006259-500\\Software\\Microsoft\\Windows\\CurrentVersion\\Explorer\\UserAssist\\{CEBFF5CD-ACE2-4F4F-9178-9926F41749EA}\\Count\\{1NP14R77-02R7-4R5Q-O744-2RO1NR5198O7}\\JvaqbjfCbjreFuryy\\i1.0\\cbjrefuryy.rkr\r\nDetails: Binary Data",
      "signals": [
        "process_or_command_activity"
      ]
    },
    "evidence_ref": {
      "source_file": "psh_powershell_httplistener_2020-11-0204130683.json",
      "row_id": 37,
      "columns": [
        "Message",
        "EventID",
        "SourceName",
        "Hostname",
        "@timestamp",
        "Channel"
      ]
    }
  },
  {
    "event_id": "END-000038",
    "timestamp": "2020-11-02T04:13:00.657Z",
    "sector": "endpoint",
    "source_dataset": "mordor_endpoint_powershell_httplistener",
    "asset": "WORKSTATION5",
    "event_type": "endpoint_command_execution",
    "severity": "medium",
    "confidence": 0.72,
    "label": "endpoint_event",
    "endpoint": {
      "hostname": "WORKSTATION5",
      "event_id": 13,
      "source_name": "Microsoft-Windows-Sysmon",
      "channel": "Microsoft-Windows-Sysmon/Operational",
      "level": "4",
      "message": "Registry value set:\r\nRuleName: -\r\nEventType: SetValue\r\nUtcTime: 2020-11-02 09:13:00.649\r\nProcessGuid: {39e4a257-f1b3-5f8b-a700-000000000700}\r\nProcessId: 1072\r\nImage: C:\\windows\\Explorer.EXE\r\nTargetObject: HKU\\S-1-5-21-3940915590-64593676-1414006259-500\\Software\\Microsoft\\Windows\\CurrentVersion\\Explorer\\UserAssist\\{CEBFF5CD-ACE2-4F4F-9178-9926F41749EA}\\Count\\HRZR_PGYFRFFVBA\r\nDetails: Binary Data",
      "signals": [
        "process_or_command_activity"
      ]
    },
    "evidence_ref": {
      "source_file": "psh_powershell_httplistener_2020-11-0204130683.json",
      "row_id": 38,
      "columns": [
        "Message",
        "EventID",
        "SourceName",
        "Hostname",
        "@timestamp",
        "Channel"
      ]
    }
  },
  {
    "event_id": "END-000039",
    "timestamp": "2020-11-02T04:13:00.668Z",
    "sector": "endpoint",
    "source_dataset": "mordor_endpoint_powershell_httplistener",
    "asset": "WORKSTATION5",
    "event_type": "endpoint_command_execution",
    "severity": "medium",
    "confidence": 0.72,
    "label": "endpoint_event",
    "endpoint": {
      "hostname": "WORKSTATION5",
      "event_id": 13,
      "source_name": "Microsoft-Windows-Sysmon",
      "channel": "Microsoft-Windows-Sysmon/Operational",
      "level": "4",
      "message": "Registry value set:\r\nRuleName: -\r\nEventType: SetValue\r\nUtcTime: 2020-11-02 09:13:00.664\r\nProcessGuid: {39e4a257-f1b3-5f8b-a700-000000000700}\r\nProcessId: 1072\r\nImage: C:\\windows\\Explorer.EXE\r\nTargetObject: HKU\\S-1-5-21-3940915590-64593676-1414006259-500\\Software\\Microsoft\\Windows\\CurrentVersion\\ActivityDataModel\\ReaderRevisionInfo\\A972977C-95EC-9F21-DCC4-595CA3A0E033\r\nDetails: Binary Data",
      "signals": [
        "process_or_command_activity"
      ]
    },
    "evidence_ref": {
      "source_file": "psh_powershell_httplistener_2020-11-0204130683.json",
      "row_id": 39,
      "columns": [
        "Message",
        "EventID",
        "SourceName",
        "Hostname",
        "@timestamp",
        "Channel"
      ]
    }
  },
  {
    "event_id": "END-000040",
    "timestamp": "2020-11-02T04:13:00.671Z",
    "sector": "endpoint",
    "source_dataset": "mordor_endpoint_powershell_httplistener",
    "asset": "WORKSTATION5",
    "event_type": "endpoint_command_execution",
    "severity": "medium",
    "confidence": 0.72,
    "label": "endpoint_event",
    "endpoint": {
      "hostname": "WORKSTATION5",
      "event_id": 13,
      "source_name": "Microsoft-Windows-Sysmon",
      "channel": "Microsoft-Windows-Sysmon/Operational",
      "level": "4",
      "message": "Registry value set:\r\nRuleName: -\r\nEventType: SetValue\r\nUtcTime: 2020-11-02 09:13:00.664\r\nProcessGuid: {39e4a257-f1b3-5f8b-a700-000000000700}\r\nProcessId: 1072\r\nImage: C:\\windows\\Explorer.EXE\r\nTargetObject: HKU\\S-1-5-21-3940915590-64593676-1414006259-500\\Software\\Microsoft\\Windows\\CurrentVersion\\ActivityDataModel\\ReaderRevisionInfo\\A972977C-95EC-9F21-DCC4-595CA3A0E033\r\nDetails: Binary Data",
      "signals": [
        "process_or_command_activity"
      ]
    },
    "evidence_ref": {
      "source_file": "psh_powershell_httplistener_2020-11-0204130683.json",
      "row_id": 40,
      "columns": [
        "Message",
        "EventID",
        "SourceName",
        "Hostname",
        "@timestamp",
        "Channel"
      ]
    }
  },
  {
    "event_id": "END-000041",
    "timestamp": "2020-11-02T04:13:00.979Z",
    "sector": "endpoint",
    "source_dataset": "mordor_endpoint_powershell_httplistener",
    "asset": "WORKSTATION5",
    "event_type": "endpoint_command_execution",
    "severity": "medium",
    "confidence": 0.72,
    "label": "endpoint_event",
    "endpoint": {
      "hostname": "WORKSTATION5",
      "event_id": 10,
      "source_name": "Microsoft-Windows-Sysmon",
      "channel": "Microsoft-Windows-Sysmon/Operational",
      "level": "4",
      "message": "Process accessed:\r\nRuleName: -\r\nUtcTime: 2020-11-02 09:13:00.977\r\nSourceProcessGUID: {39e4a257-f132-5f8b-1000-000000000700}\r\nSourceProcessId: 944\r\nSourceThreadId: 1060\r\nSourceImage: C:\\windows\\system32\\svchost.exe\r\nTargetProcessGUID: {39e4a257-f247-5f8b-d300-000000000700}\r\nTargetProcessId: 4368\r\nTargetImage: C:\\Windows\\SystemApps\\InputApp_cw5n1h2txyewy\\WindowsInternal.ComposableShell.Experiences.TextInput.InputApp.exe\r\nGrantedAccess: 0x1000\r\nCallTrace: C:\\windows\\SYSTEM32\\ntdll.dll+9c584|C:\\windows\\SYSTEM32\\psmserviceexthost.dll+222a3|C:\\windows\\SYSTEM32\\psmserviceexthost.dll+37ea0|C:\\windows\\SYSTEM32\\psmserviceexthost.dll+37929|C:\\windows\\SYSTEM32\\psmserviceexthost.dll+686f8|C:\\windows\\SYSTEM32\\psmserviceexthost.dll+6e84a|C:\\windows\\SYSTEM32\\psmserviceexthost.dll+6f700|C:\\windows\\SYSTEM32\\psmserviceexthost.dll+34be4|C:\\windows\\SYSTEM32\\psmserviceexthost.dll+6f63e|C:\\windows\\SYSTEM32\\psmserviceexthost.dll+713b5|C:\\windows\\SYSTEM32\\psmserviceexthost.dll+50bda|C:\\windows\\SYSTEM32\\psmserviceexthost.dll+4500a|C:\\windows\\System32\\KERNEL32.DLL+17c24|C:\\windows\\SYSTEM32\\ntdll.dll+6cea1",
      "signals": [
        "process_or_command_activity"
      ]
    },
    "evidence_ref": {
      "source_file": "psh_powershell_httplistener_2020-11-0204130683.json",
      "row_id": 41,
      "columns": [
        "Message",
        "EventID",
        "SourceName",
        "Hostname",
        "@timestamp",
        "Channel"
      ]
    }
  },
  {
    "event_id": "END-000042",
    "timestamp": "2020-11-02T04:13:00.979Z",
    "sector": "endpoint",
    "source_dataset": "mordor_endpoint_powershell_httplistener",
    "asset": "WORKSTATION5",
    "event_type": "endpoint_command_execution",
    "severity": "medium",
    "confidence": 0.72,
    "label": "endpoint_event",
    "endpoint": {
      "hostname": "WORKSTATION5",
      "event_id": 10,
      "source_name": "Microsoft-Windows-Sysmon",
      "channel": "Microsoft-Windows-Sysmon/Operational",
      "level": "4",
      "message": "Process accessed:\r\nRuleName: -\r\nUtcTime: 2020-11-02 09:13:00.977\r\nSourceProcessGUID: {39e4a257-f132-5f8b-1000-000000000700}\r\nSourceProcessId: 944\r\nSourceThreadId: 1060\r\nSourceImage: C:\\windows\\system32\\svchost.exe\r\nTargetProcessGUID: {39e4a257-cd84-5f9f-fb49-000000000700}\r\nTargetProcessId: 14064\r\nTargetImage: C:\\windows\\system32\\backgroundTaskHost.exe\r\nGrantedAccess: 0x1000\r\nCallTrace: C:\\windows\\SYSTEM32\\ntdll.dll+9c584|C:\\windows\\SYSTEM32\\psmserviceexthost.dll+222a3|C:\\windows\\SYSTEM32\\psmserviceexthost.dll+37ea0|C:\\windows\\SYSTEM32\\psmserviceexthost.dll+37929|C:\\windows\\SYSTEM32\\psmserviceexthost.dll+686f8|C:\\windows\\SYSTEM32\\psmserviceexthost.dll+6e84a|C:\\windows\\SYSTEM32\\psmserviceexthost.dll+6f700|C:\\windows\\SYSTEM32\\psmserviceexthost.dll+34be4|C:\\windows\\SYSTEM32\\psmserviceexthost.dll+6f63e|C:\\windows\\SYSTEM32\\psmserviceexthost.dll+713b5|C:\\windows\\SYSTEM32\\psmserviceexthost.dll+50bda|C:\\windows\\SYSTEM32\\psmserviceexthost.dll+4500a|C:\\windows\\System32\\KERNEL32.DLL+17c24|C:\\windows\\SYSTEM32\\ntdll.dll+6cea1",
      "signals": [
        "process_or_command_activity"
      ]
    },
    "evidence_ref": {
      "source_file": "psh_powershell_httplistener_2020-11-0204130683.json",
      "row_id": 42,
      "columns": [
        "Message",
        "EventID",
        "SourceName",
        "Hostname",
        "@timestamp",
        "Channel"
      ]
    }
  },
  {
    "event_id": "END-000043",
    "timestamp": "2020-11-02T04:13:01.072Z",
    "sector": "endpoint",
    "source_dataset": "mordor_endpoint_powershell_httplistener",
    "asset": "WORKSTATION5",
    "event_type": "endpoint_command_execution",
    "severity": "medium",
    "confidence": 0.72,
    "label": "endpoint_event",
    "endpoint": {
      "hostname": "WORKSTATION5",
      "event_id": 12,
      "source_name": "Microsoft-Windows-Sysmon",
      "channel": "Microsoft-Windows-Sysmon/Operational",
      "level": "4",
      "message": "Registry object added or deleted:\r\nRuleName: -\r\nEventType: CreateKey\r\nUtcTime: 2020-11-02 09:13:01.071\r\nProcessGuid: {39e4a257-f1b3-5f8b-a700-000000000700}\r\nProcessId: 1072\r\nImage: C:\\windows\\Explorer.EXE\r\nTargetObject: HKU\\S-1-5-21-3940915590-64593676-1414006259-500\\Software\\Microsoft\\Windows\\CurrentVersion\\Explorer\\FeatureUsage\\AppSwitched",
      "signals": [
        "process_or_command_activity"
      ]
    },
    "evidence_ref": {
      "source_file": "psh_powershell_httplistener_2020-11-0204130683.json",
      "row_id": 43,
      "columns": [
        "Message",
        "EventID",
        "SourceName",
        "Hostname",
        "@timestamp",
        "Channel"
      ]
    }
  },
  {
    "event_id": "END-000044",
    "timestamp": "2020-11-02T04:13:01.072Z",
    "sector": "endpoint",
    "source_dataset": "mordor_endpoint_powershell_httplistener",
    "asset": "WORKSTATION5",
    "event_type": "endpoint_powershell_activity",
    "severity": "medium",
    "confidence": 0.78,
    "label": "endpoint_event",
    "endpoint": {
      "hostname": "WORKSTATION5",
      "event_id": 13,
      "source_name": "Microsoft-Windows-Sysmon",
      "channel": "Microsoft-Windows-Sysmon/Operational",
      "level": "4",
      "message": "Registry value set:\r\nRuleName: -\r\nEventType: SetValue\r\nUtcTime: 2020-11-02 09:13:01.071\r\nProcessGuid: {39e4a257-f1b3-5f8b-a700-000000000700}\r\nProcessId: 1072\r\nImage: C:\\windows\\Explorer.EXE\r\nTargetObject: HKU\\S-1-5-21-3940915590-64593676-1414006259-500\\Software\\Microsoft\\Windows\\CurrentVersion\\Explorer\\FeatureUsage\\AppSwitched\\{1AC14E77-02E7-4E5D-B744-2EB1AE5198B7}\\WindowsPowerShell\\v1.0\\powershell.exe\r\nDetails: DWORD (0x000000f8)",
      "signals": [
        "powershell_activity",
        "process_or_command_activity"
      ]
    },
    "evidence_ref": {
      "source_file": "psh_powershell_httplistener_2020-11-0204130683.json",
      "row_id": 44,
      "columns": [
        "Message",
        "EventID",
        "SourceName",
        "Hostname",
        "@timestamp",
        "Channel"
      ]
    }
  },
  {
    "event_id": "END-000045",
    "timestamp": "2020-11-02T04:13:01.084Z",
    "sector": "endpoint",
    "source_dataset": "mordor_endpoint_powershell_httplistener",
    "asset": "WORKSTATION5",
    "event_type": "endpoint_command_execution",
    "severity": "medium",
    "confidence": 0.72,
    "label": "endpoint_event",
    "endpoint": {
      "hostname": "WORKSTATION5",
      "event_id": 10,
      "source_name": "Microsoft-Windows-Sysmon",
      "channel": "Microsoft-Windows-Sysmon/Operational",
      "level": "4",
      "message": "Process accessed:\r\nRuleName: -\r\nUtcTime: 2020-11-02 09:13:01.071\r\nSourceProcessGUID: {39e4a257-f1b3-5f8b-a700-000000000700}\r\nSourceProcessId: 1072\r\nSourceThreadId: 1388\r\nSourceImage: C:\\windows\\Explorer.EXE\r\nTargetProcessGUID: {39e4a257-cd82-5f9f-fa49-000000000700}\r\nTargetProcessId: 12692\r\nTargetImage: C:\\windows\\system32\\conhost.exe\r\nGrantedAccess: 0x1410\r\nCallTrace: C:\\windows\\SYSTEM32\\ntdll.dll+9c584|C:\\windows\\System32\\KERNELBASE.dll+305fe|C:\\windows\\system32\\twinui.pcshell.dll+1d207|C:\\windows\\system32\\twinui.pcshell.dll+fadd0|C:\\windows\\System32\\KERNEL32.DLL+17c24|C:\\windows\\SYSTEM32\\ntdll.dll+6cea1",
      "signals": [
        "process_or_command_activity"
      ]
    },
    "evidence_ref": {
      "source_file": "psh_powershell_httplistener_2020-11-0204130683.json",
      "row_id": 45,
      "columns": [
        "Message",
        "EventID",
        "SourceName",
        "Hostname",
        "@timestamp",
        "Channel"
      ]
    }
  },
  {
    "event_id": "END-000046",
    "timestamp": "2020-11-02T04:13:01.084Z",
    "sector": "endpoint",
    "source_dataset": "mordor_endpoint_powershell_httplistener",
    "asset": "WORKSTATION5",
    "event_type": "endpoint_command_execution",
    "severity": "medium",
    "confidence": 0.72,
    "label": "endpoint_event",
    "endpoint": {
      "hostname": "WORKSTATION5",
      "event_id": 10,
      "source_name": "Microsoft-Windows-Sysmon",
      "channel": "Microsoft-Windows-Sysmon/Operational",
      "level": "4",
      "message": "Process accessed:\r\nRuleName: -\r\nUtcTime: 2020-11-02 09:13:01.071\r\nSourceProcessGUID: {39e4a257-f1b3-5f8b-a700-000000000700}\r\nSourceProcessId: 1072\r\nSourceThreadId: 1388\r\nSourceImage: C:\\windows\\Explorer.EXE\r\nTargetProcessGUID: {39e4a257-cd82-5f9f-fa49-000000000700}\r\nTargetProcessId: 12692\r\nTargetImage: C:\\windows\\system32\\conhost.exe\r\nGrantedAccess: 0x1000\r\nCallTrace: C:\\windows\\SYSTEM32\\ntdll.dll+9c584|C:\\windows\\System32\\KERNELBASE.dll+305fe|C:\\Windows\\System32\\appresolver.dll+221c5|C:\\Windows\\System32\\appresolver.dll+1edcc|C:\\windows\\system32\\twinui.pcshell.dll+1d434|C:\\windows\\system32\\twinui.pcshell.dll+fadd0|C:\\windows\\System32\\KERNEL32.DLL+17c24|C:\\windows\\SYSTEM32\\ntdll.dll+6cea1",
      "signals": [
        "process_or_command_activity"
      ]
    },
    "evidence_ref": {
      "source_file": "psh_powershell_httplistener_2020-11-0204130683.json",
      "row_id": 46,
      "columns": [
        "Message",
        "EventID",
        "SourceName",
        "Hostname",
        "@timestamp",
        "Channel"
      ]
    }
  },
  {
    "event_id": "END-000047",
    "timestamp": "2020-11-02T04:13:01.084Z",
    "sector": "endpoint",
    "source_dataset": "mordor_endpoint_powershell_httplistener",
    "asset": "WORKSTATION5",
    "event_type": "endpoint_command_execution",
    "severity": "medium",
    "confidence": 0.72,
    "label": "endpoint_event",
    "endpoint": {
      "hostname": "WORKSTATION5",
      "event_id": 10,
      "source_name": "Microsoft-Windows-Sysmon",
      "channel": "Microsoft-Windows-Sysmon/Operational",
      "level": "4",
      "message": "Process accessed:\r\nRuleName: -\r\nUtcTime: 2020-11-02 09:13:01.071\r\nSourceProcessGUID: {39e4a257-f1b3-5f8b-a700-000000000700}\r\nSourceProcessId: 1072\r\nSourceThreadId: 1388\r\nSourceImage: C:\\windows\\Explorer.EXE\r\nTargetProcessGUID: {39e4a257-cd82-5f9f-fa49-000000000700}\r\nTargetProcessId: 12692\r\nTargetImage: C:\\windows\\system32\\conhost.exe\r\nGrantedAccess: 0x1000\r\nCallTrace: C:\\windows\\SYSTEM32\\ntdll.dll+9c584|C:\\windows\\System32\\KERNELBASE.dll+305fe|C:\\Windows\\System32\\appresolver.dll+1ee93|C:\\windows\\system32\\twinui.pcshell.dll+1d434|C:\\windows\\system32\\twinui.pcshell.dll+fadd0|C:\\windows\\System32\\KERNEL32.DLL+17c24|C:\\windows\\SYSTEM32\\ntdll.dll+6cea1",
      "signals": [
        "process_or_command_activity"
      ]
    },
    "evidence_ref": {
      "source_file": "psh_powershell_httplistener_2020-11-0204130683.json",
      "row_id": 47,
      "columns": [
        "Message",
        "EventID",
        "SourceName",
        "Hostname",
        "@timestamp",
        "Channel"
      ]
    }
  },
  {
    "event_id": "END-000048",
    "timestamp": "2020-11-02T04:13:01.084Z",
    "sector": "endpoint",
    "source_dataset": "mordor_endpoint_powershell_httplistener",
    "asset": "WORKSTATION5",
    "event_type": "endpoint_command_execution",
    "severity": "medium",
    "confidence": 0.72,
    "label": "endpoint_event",
    "endpoint": {
      "hostname": "WORKSTATION5",
      "event_id": 12,
      "source_name": "Microsoft-Windows-Sysmon",
      "channel": "Microsoft-Windows-Sysmon/Operational",
      "level": "4",
      "message": "Registry object added or deleted:\r\nRuleName: -\r\nEventType: CreateKey\r\nUtcTime: 2020-11-02 09:13:01.071\r\nProcessGuid: {39e4a257-f1b1-5f8b-a500-000000000700}\r\nProcessId: 5112\r\nImage: C:\\windows\\system32\\ctfmon.exe\r\nTargetObject: HKU\\S-1-5-21-3940915590-64593676-1414006259-500\\Software\\Microsoft\\Input\\Settings",
      "signals": [
        "process_or_command_activity"
      ]
    },
    "evidence_ref": {
      "source_file": "psh_powershell_httplistener_2020-11-0204130683.json",
      "row_id": 48,
      "columns": [
        "Message",
        "EventID",
        "SourceName",
        "Hostname",
        "@timestamp",
        "Channel"
      ]
    }
  },
  {
    "event_id": "END-000049",
    "timestamp": "2020-11-02T04:13:01.084Z",
    "sector": "endpoint",
    "source_dataset": "mordor_endpoint_powershell_httplistener",
    "asset": "WORKSTATION5",
    "event_type": "endpoint_command_execution",
    "severity": "medium",
    "confidence": 0.72,
    "label": "endpoint_event",
    "endpoint": {
      "hostname": "WORKSTATION5",
      "event_id": 10,
      "source_name": "Microsoft-Windows-Sysmon",
      "channel": "Microsoft-Windows-Sysmon/Operational",
      "level": "4",
      "message": "Process accessed:\r\nRuleName: -\r\nUtcTime: 2020-11-02 09:13:01.071\r\nSourceProcessGUID: {39e4a257-f1b3-5f8b-a700-000000000700}\r\nSourceProcessId: 1072\r\nSourceThreadId: 1388\r\nSourceImage: C:\\windows\\Explorer.EXE\r\nTargetProcessGUID: {39e4a257-cd82-5f9f-fa49-000000000700}\r\nTargetProcessId: 12692\r\nTargetImage: C:\\windows\\system32\\conhost.exe\r\nGrantedAccess: 0x1410\r\nCallTrace: C:\\windows\\SYSTEM32\\ntdll.dll+9c584|C:\\windows\\System32\\KERNELBASE.dll+305fe|C:\\Windows\\System32\\appresolver.dll+21ee8|C:\\Windows\\System32\\appresolver.dll+1ef46|C:\\windows\\system32\\twinui.pcshell.dll+1d434|C:\\windows\\system32\\twinui.pcshell.dll+fadd0|C:\\windows\\System32\\KERNEL32.DLL+17c24|C:\\windows\\SYSTEM32\\ntdll.dll+6cea1",
      "signals": [
        "process_or_command_activity"
      ]
    },
    "evidence_ref": {
      "source_file": "psh_powershell_httplistener_2020-11-0204130683.json",
      "row_id": 49,
      "columns": [
        "Message",
        "EventID",
        "SourceName",
        "Hostname",
        "@timestamp",
        "Channel"
      ]
    }
  },
  {
    "event_id": "END-000050",
    "timestamp": "2020-11-02T04:13:01.084Z",
    "sector": "endpoint",
    "source_dataset": "mordor_endpoint_powershell_httplistener",
    "asset": "WORKSTATION5",
    "event_type": "endpoint_command_execution",
    "severity": "medium",
    "confidence": 0.72,
    "label": "endpoint_event",
    "endpoint": {
      "hostname": "WORKSTATION5",
      "event_id": 10,
      "source_name": "Microsoft-Windows-Sysmon",
      "channel": "Microsoft-Windows-Sysmon/Operational",
      "level": "4",
      "message": "Process accessed:\r\nRuleName: -\r\nUtcTime: 2020-11-02 09:13:01.071\r\nSourceProcessGUID: {39e4a257-f132-5f8b-1000-000000000700}\r\nSourceProcessId: 944\r\nSourceThreadId: 13268\r\nSourceImage: C:\\windows\\system32\\svchost.exe\r\nTargetProcessGUID: {39e4a257-cd82-5f9f-fa49-000000000700}\r\nTargetProcessId: 12692\r\nTargetImage: C:\\windows\\system32\\conhost.exe\r\nGrantedAccess: 0x2000\r\nCallTrace: C:\\windows\\SYSTEM32\\ntdll.dll+9c584|C:\\windows\\SYSTEM32\\psmserviceexthost.dll+310c0|C:\\windows\\SYSTEM32\\psmserviceexthost.dll+30dbf|C:\\windows\\SYSTEM32\\ntdll.dll+6ba5|C:\\windows\\SYSTEM32\\ntdll.dll+67f1|C:\\windows\\SYSTEM32\\ntdll.dll+6650|C:\\windows\\SYSTEM32\\ntdll.dll+3052c|C:\\windows\\SYSTEM32\\ntdll.dll+34142|C:\\windows\\System32\\KERNEL32.DLL+17c24|C:\\windows\\SYSTEM32\\ntdll.dll+6cea1",
      "signals": [
        "process_or_command_activity"
      ]
    },
    "evidence_ref": {
      "source_file": "psh_powershell_httplistener_2020-11-0204130683.json",
      "row_id": 50,
      "columns": [
        "Message",
        "EventID",
        "SourceName",
        "Hostname",
        "@timestamp",
        "Channel"
      ]
    }
  },
  {
    "event_id": "END-000051",
    "timestamp": "2020-11-02T04:13:01.085Z",
    "sector": "endpoint",
    "source_dataset": "mordor_endpoint_powershell_httplistener",
    "asset": "WORKSTATION5",
    "event_type": "endpoint_powershell_activity",
    "severity": "medium",
    "confidence": 0.78,
    "label": "endpoint_event",
    "endpoint": {
      "hostname": "WORKSTATION5",
      "event_id": 10,
      "source_name": "Microsoft-Windows-Sysmon",
      "channel": "Microsoft-Windows-Sysmon/Operational",
      "level": "4",
      "message": "Process accessed:\r\nRuleName: -\r\nUtcTime: 2020-11-02 09:13:01.071\r\nSourceProcessGUID: {39e4a257-f1b3-5f8b-a700-000000000700}\r\nSourceProcessId: 1072\r\nSourceThreadId: 11428\r\nSourceImage: C:\\windows\\Explorer.EXE\r\nTargetProcessGUID: {39e4a257-cd82-5f9f-f949-000000000700}\r\nTargetProcessId: 10668\r\nTargetImage: C:\\Windows\\System32\\WindowsPowerShell\\v1.0\\powershell.exe\r\nGrantedAccess: 0x1000\r\nCallTrace: C:\\windows\\SYSTEM32\\ntdll.dll+9c584|C:\\windows\\System32\\KERNELBASE.dll+305fe|C:\\Windows\\System32\\appresolver.dll+221c5|C:\\Windows\\System32\\appresolver.dll+1edcc|C:\\Windows\\System32\\appresolver.dll+1ecb7|C:\\windows\\Explorer.EXE+5b1a7|C:\\windows\\Explorer.EXE+5b0a4|C:\\windows\\Explorer.EXE+29a50|C:\\windows\\System32\\windows.storage.dll+16e1c4|C:\\windows\\System32\\windows.storage.dll+16de05|C:\\windows\\System32\\windows.storage.dll+16dce5|C:\\windows\\System32\\shcore.dll+31636|C:\\windows\\SYSTEM32\\ntdll.dll+2f655|C:\\windows\\SYSTEM32\\ntdll.dll+345b4|C:\\windows\\System32\\KERNEL32.DLL+17c24|C:\\windows\\SYSTEM32\\ntdll.dll+6cea1",
      "signals": [
        "powershell_activity",
        "process_or_command_activity"
      ]
    },
    "evidence_ref": {
      "source_file": "psh_powershell_httplistener_2020-11-0204130683.json",
      "row_id": 51,
      "columns": [
        "Message",
        "EventID",
        "SourceName",
        "Hostname",
        "@timestamp",
        "Channel"
      ]
    }
  },
  {
    "event_id": "END-000052",
    "timestamp": "2020-11-02T04:13:01.085Z",
    "sector": "endpoint",
    "source_dataset": "mordor_endpoint_powershell_httplistener",
    "asset": "WORKSTATION5",
    "event_type": "endpoint_powershell_activity",
    "severity": "medium",
    "confidence": 0.78,
    "label": "endpoint_event",
    "endpoint": {
      "hostname": "WORKSTATION5",
      "event_id": 10,
      "source_name": "Microsoft-Windows-Sysmon",
      "channel": "Microsoft-Windows-Sysmon/Operational",
      "level": "4",
      "message": "Process accessed:\r\nRuleName: -\r\nUtcTime: 2020-11-02 09:13:01.071\r\nSourceProcessGUID: {39e4a257-f1b3-5f8b-a700-000000000700}\r\nSourceProcessId: 1072\r\nSourceThreadId: 11428\r\nSourceImage: C:\\windows\\Explorer.EXE\r\nTargetProcessGUID: {39e4a257-cd82-5f9f-f949-000000000700}\r\nTargetProcessId: 10668\r\nTargetImage: C:\\Windows\\System32\\WindowsPowerShell\\v1.0\\powershell.exe\r\nGrantedAccess: 0x1400\r\nCallTrace: C:\\windows\\SYSTEM32\\ntdll.dll+9c584|C:\\windows\\System32\\KERNELBASE.dll+305fe|C:\\Windows\\System32\\appresolver.dll+1c4d6|C:\\Windows\\System32\\appresolver.dll+22383|C:\\Windows\\System32\\appresolver.dll+1edcc|C:\\Windows\\System32\\appresolver.dll+1ecb7|C:\\windows\\Explorer.EXE+5b1a7|C:\\windows\\Explorer.EXE+5b0a4|C:\\windows\\Explorer.EXE+29a50|C:\\windows\\System32\\windows.storage.dll+16e1c4|C:\\windows\\System32\\windows.storage.dll+16de05|C:\\windows\\System32\\windows.storage.dll+16dce5|C:\\windows\\System32\\shcore.dll+31636|C:\\windows\\SYSTEM32\\ntdll.dll+2f655|C:\\windows\\SYSTEM32\\ntdll.dll+345b4|C:\\windows\\System32\\KERNEL32.DLL+17c24|C:\\windows\\SYSTEM32\\ntdll.dll+6cea1",
      "signals": [
        "powershell_activity",
        "process_or_command_activity"
      ]
    },
    "evidence_ref": {
      "source_file": "psh_powershell_httplistener_2020-11-0204130683.json",
      "row_id": 52,
      "columns": [
        "Message",
        "EventID",
        "SourceName",
        "Hostname",
        "@timestamp",
        "Channel"
      ]
    }
  },
  {
    "event_id": "END-000053",
    "timestamp": "2020-11-02T04:13:01.085Z",
    "sector": "endpoint",
    "source_dataset": "mordor_endpoint_powershell_httplistener",
    "asset": "WORKSTATION5",
    "event_type": "endpoint_powershell_activity",
    "severity": "medium",
    "confidence": 0.78,
    "label": "endpoint_event",
    "endpoint": {
      "hostname": "WORKSTATION5",
      "event_id": 10,
      "source_name": "Microsoft-Windows-Sysmon",
      "channel": "Microsoft-Windows-Sysmon/Operational",
      "level": "4",
      "message": "Process accessed:\r\nRuleName: -\r\nUtcTime: 2020-11-02 09:13:01.071\r\nSourceProcessGUID: {39e4a257-f1b3-5f8b-a700-000000000700}\r\nSourceProcessId: 1072\r\nSourceThreadId: 4688\r\nSourceImage: C:\\windows\\Explorer.EXE\r\nTargetProcessGUID: {39e4a257-cd82-5f9f-f949-000000000700}\r\nTargetProcessId: 10668\r\nTargetImage: C:\\Windows\\System32\\WindowsPowerShell\\v1.0\\powershell.exe\r\nGrantedAccess: 0x1000\r\nCallTrace: C:\\windows\\SYSTEM32\\ntdll.dll+9c584|C:\\windows\\System32\\KERNELBASE.dll+305fe|C:\\windows\\SYSTEM32\\TWINAPI.dll+6d4c|C:\\windows\\system32\\twinui.pcshell.dll+20880|C:\\windows\\system32\\twinui.pcshell.dll+20082|C:\\windows\\system32\\twinui.dll+1780b|C:\\windows\\system32\\twinui.dll+1734c|C:\\windows\\system32\\twinui.dll+68f7a|C:\\windows\\system32\\twinui.dll+16e09|C:\\windows\\system32\\twinui.dll+16f4b|C:\\windows\\system32\\twinui.dll+16ecd|C:\\windows\\System32\\USER32.dll+15c1d|C:\\windows\\System32\\USER32.dll+15612|C:\\Windows\\System32\\windows.immersiveshell.serviceprovider.dll+45f0|C:\\Windows\\System32\\windows.immersiveshell.serviceprovider.dll+41b9|C:\\Windows\\System32\\windows.immersiveshell.serviceprovider.dll+3e4f|C:\\windows\\System32\\KERNEL32.DLL+17c24|C:\\windows\\SYSTEM32\\ntdll.dll+6cea1",
      "signals": [
        "powershell_activity",
        "process_or_command_activity"
      ]
    },
    "evidence_ref": {
      "source_file": "psh_powershell_httplistener_2020-11-0204130683.json",
      "row_id": 53,
      "columns": [
        "Message",
        "EventID",
        "SourceName",
        "Hostname",
        "@timestamp",
        "Channel"
      ]
    }
  },
  {
    "event_id": "END-000054",
    "timestamp": "2020-11-02T04:13:01.085Z",
    "sector": "endpoint",
    "source_dataset": "mordor_endpoint_powershell_httplistener",
    "asset": "WORKSTATION5",
    "event_type": "endpoint_powershell_activity",
    "severity": "medium",
    "confidence": 0.78,
    "label": "endpoint_event",
    "endpoint": {
      "hostname": "WORKSTATION5",
      "event_id": 10,
      "source_name": "Microsoft-Windows-Sysmon",
      "channel": "Microsoft-Windows-Sysmon/Operational",
      "level": "4",
      "message": "Process accessed:\r\nRuleName: -\r\nUtcTime: 2020-11-02 09:13:01.071\r\nSourceProcessGUID: {39e4a257-f1b3-5f8b-a700-000000000700}\r\nSourceProcessId: 1072\r\nSourceThreadId: 4688\r\nSourceImage: C:\\windows\\Explorer.EXE\r\nTargetProcessGUID: {39e4a257-cd82-5f9f-f949-000000000700}\r\nTargetProcessId: 10668\r\nTargetImage: C:\\Windows\\System32\\WindowsPowerShell\\v1.0\\powershell.exe\r\nGrantedAccess: 0x2000\r\nCallTrace: C:\\windows\\SYSTEM32\\ntdll.dll+9c584|C:\\windows\\System32\\KERNELBASE.dll+305fe|C:\\windows\\system32\\twinui.dll+783a3|C:\\windows\\system32\\twinui.dll+1780b|C:\\windows\\system32\\twinui.dll+1734c|C:\\windows\\system32\\twinui.dll+68f7a|C:\\windows\\system32\\twinui.dll+16e09|C:\\windows\\system32\\twinui.dll+16f4b|C:\\windows\\system32\\twinui.dll+16ecd|C:\\windows\\System32\\USER32.dll+15c1d|C:\\windows\\System32\\USER32.dll+15612|C:\\Windows\\System32\\windows.immersiveshell.serviceprovider.dll+45f0|C:\\Windows\\System32\\windows.immersiveshell.serviceprovider.dll+41b9|C:\\Windows\\System32\\windows.immersiveshell.serviceprovider.dll+3e4f|C:\\windows\\System32\\KERNEL32.DLL+17c24|C:\\windows\\SYSTEM32\\ntdll.dll+6cea1",
      "signals": [
        "powershell_activity",
        "process_or_command_activity"
      ]
    },
    "evidence_ref": {
      "source_file": "psh_powershell_httplistener_2020-11-0204130683.json",
      "row_id": 54,
      "columns": [
        "Message",
        "EventID",
        "SourceName",
        "Hostname",
        "@timestamp",
        "Channel"
      ]
    }
  },
