  {
    "event_id": "END-000085",
    "timestamp": "2020-11-02T04:13:04.071Z",
    "sector": "endpoint",
    "source_dataset": "mordor_endpoint_powershell_httplistener",
    "asset": "WORKSTATION5",
    "event_type": "endpoint_command_execution",
    "severity": "medium",
    "confidence": 0.72,
    "label": "endpoint_event",
    "endpoint": {
      "hostname": "WORKSTATION5",
      "event_id": 13,
      "source_name": "Microsoft-Windows-Sysmon",
      "channel": "Microsoft-Windows-Sysmon/Operational",
      "level": "4",
      "message": "Registry value set:\r\nRuleName: -\r\nEventType: SetValue\r\nUtcTime: 2020-11-02 09:13:04.071\r\nProcessGuid: {39e4a257-f1b3-5f8b-a700-000000000700}\r\nProcessId: 1072\r\nImage: C:\\windows\\Explorer.EXE\r\nTargetObject: HKU\\S-1-5-21-3940915590-64593676-1414006259-500\\Software\\Microsoft\\Windows\\CurrentVersion\\Explorer\\UserAssist\\{CEBFF5CD-ACE2-4F4F-9178-9926F41749EA}\\Count\\{1NP14R77-02R7-4R5Q-O744-2RO1NR5198O7}\\JvaqbjfCbjreFuryy\\i1.0\\cbjrefuryy.rkr\r\nDetails: Binary Data",
      "signals": [
        "process_or_command_activity"
      ]
    },
    "evidence_ref": {
      "source_file": "psh_powershell_httplistener_2020-11-0204130683.json",
      "row_id": 85,
      "columns": [
        "Message",
        "EventID",
        "SourceName",
        "Hostname",
        "@timestamp",
        "Channel"
      ]
    }
  },
  {
    "event_id": "END-000086",
    "timestamp": "2020-11-02T04:13:04.072Z",
    "sector": "endpoint",
    "source_dataset": "mordor_endpoint_powershell_httplistener",
    "asset": "WORKSTATION5",
    "event_type": "endpoint_command_execution",
    "severity": "medium",
    "confidence": 0.72,
    "label": "endpoint_event",
    "endpoint": {
      "hostname": "WORKSTATION5",
      "event_id": 13,
      "source_name": "Microsoft-Windows-Sysmon",
      "channel": "Microsoft-Windows-Sysmon/Operational",
      "level": "4",
      "message": "Registry value set:\r\nRuleName: -\r\nEventType: SetValue\r\nUtcTime: 2020-11-02 09:13:04.071\r\nProcessGuid: {39e4a257-f1b3-5f8b-a700-000000000700}\r\nProcessId: 1072\r\nImage: C:\\windows\\Explorer.EXE\r\nTargetObject: HKU\\S-1-5-21-3940915590-64593676-1414006259-500\\Software\\Microsoft\\Windows\\CurrentVersion\\Explorer\\UserAssist\\{CEBFF5CD-ACE2-4F4F-9178-9926F41749EA}\\Count\\HRZR_PGYFRFFVBA\r\nDetails: Binary Data",
      "signals": [
        "process_or_command_activity"
      ]
    },
    "evidence_ref": {
      "source_file": "psh_powershell_httplistener_2020-11-0204130683.json",
      "row_id": 86,
      "columns": [
        "Message",
        "EventID",
        "SourceName",
        "Hostname",
        "@timestamp",
        "Channel"
      ]
    }
  },
  {
    "event_id": "END-000087",
    "timestamp": "2020-11-02T04:13:04.995Z",
    "sector": "endpoint",
    "source_dataset": "mordor_endpoint_powershell_httplistener",
    "asset": "WORKSTATION5",
    "event_type": "endpoint_command_execution",
    "severity": "medium",
    "confidence": 0.72,
    "label": "endpoint_event",
    "endpoint": {
      "hostname": "WORKSTATION5",
      "event_id": 10,
      "source_name": "Microsoft-Windows-Sysmon",
      "channel": "Microsoft-Windows-Sysmon/Operational",
      "level": "4",
      "message": "Process accessed:\r\nRuleName: -\r\nUtcTime: 2020-11-02 09:13:04.993\r\nSourceProcessGUID: {39e4a257-f132-5f8b-1000-000000000700}\r\nSourceProcessId: 944\r\nSourceThreadId: 1060\r\nSourceImage: C:\\windows\\system32\\svchost.exe\r\nTargetProcessGUID: {39e4a257-f247-5f8b-d300-000000000700}\r\nTargetProcessId: 4368\r\nTargetImage: C:\\Windows\\SystemApps\\InputApp_cw5n1h2txyewy\\WindowsInternal.ComposableShell.Experiences.TextInput.InputApp.exe\r\nGrantedAccess: 0x1000\r\nCallTrace: C:\\windows\\SYSTEM32\\ntdll.dll+9c584|C:\\windows\\SYSTEM32\\psmserviceexthost.dll+222a3|C:\\windows\\SYSTEM32\\psmserviceexthost.dll+37ea0|C:\\windows\\SYSTEM32\\psmserviceexthost.dll+37929|C:\\windows\\SYSTEM32\\psmserviceexthost.dll+686f8|C:\\windows\\SYSTEM32\\psmserviceexthost.dll+6e84a|C:\\windows\\SYSTEM32\\psmserviceexthost.dll+6f700|C:\\windows\\SYSTEM32\\psmserviceexthost.dll+34be4|C:\\windows\\SYSTEM32\\psmserviceexthost.dll+6f63e|C:\\windows\\SYSTEM32\\psmserviceexthost.dll+713b5|C:\\windows\\SYSTEM32\\psmserviceexthost.dll+50bda|C:\\windows\\SYSTEM32\\psmserviceexthost.dll+4500a|C:\\windows\\System32\\KERNEL32.DLL+17c24|C:\\windows\\SYSTEM32\\ntdll.dll+6cea1",
      "signals": [
        "process_or_command_activity"
      ]
    },
    "evidence_ref": {
      "source_file": "psh_powershell_httplistener_2020-11-0204130683.json",
      "row_id": 87,
      "columns": [
        "Message",
        "EventID",
        "SourceName",
        "Hostname",
        "@timestamp",
        "Channel"
      ]
    }
  },
  {
    "event_id": "END-000088",
    "timestamp": "2020-11-02T04:13:04.996Z",
    "sector": "endpoint",
    "source_dataset": "mordor_endpoint_powershell_httplistener",
    "asset": "WORKSTATION5",
    "event_type": "endpoint_command_execution",
    "severity": "medium",
    "confidence": 0.72,
    "label": "endpoint_event",
    "endpoint": {
      "hostname": "WORKSTATION5",
      "event_id": 10,
      "source_name": "Microsoft-Windows-Sysmon",
      "channel": "Microsoft-Windows-Sysmon/Operational",
      "level": "4",
      "message": "Process accessed:\r\nRuleName: -\r\nUtcTime: 2020-11-02 09:13:04.993\r\nSourceProcessGUID: {39e4a257-f132-5f8b-1000-000000000700}\r\nSourceProcessId: 944\r\nSourceThreadId: 1060\r\nSourceImage: C:\\windows\\system32\\svchost.exe\r\nTargetProcessGUID: {39e4a257-cd84-5f9f-fb49-000000000700}\r\nTargetProcessId: 14064\r\nTargetImage: C:\\windows\\system32\\backgroundTaskHost.exe\r\nGrantedAccess: 0x1000\r\nCallTrace: C:\\windows\\SYSTEM32\\ntdll.dll+9c584|C:\\windows\\SYSTEM32\\psmserviceexthost.dll+222a3|C:\\windows\\SYSTEM32\\psmserviceexthost.dll+37ea0|C:\\windows\\SYSTEM32\\psmserviceexthost.dll+37929|C:\\windows\\SYSTEM32\\psmserviceexthost.dll+686f8|C:\\windows\\SYSTEM32\\psmserviceexthost.dll+6e84a|C:\\windows\\SYSTEM32\\psmserviceexthost.dll+6f700|C:\\windows\\SYSTEM32\\psmserviceexthost.dll+34be4|C:\\windows\\SYSTEM32\\psmserviceexthost.dll+6f63e|C:\\windows\\SYSTEM32\\psmserviceexthost.dll+713b5|C:\\windows\\SYSTEM32\\psmserviceexthost.dll+50bda|C:\\windows\\SYSTEM32\\psmserviceexthost.dll+4500a|C:\\windows\\System32\\KERNEL32.DLL+17c24|C:\\windows\\SYSTEM32\\ntdll.dll+6cea1",
      "signals": [
        "process_or_command_activity"
      ]
    },
    "evidence_ref": {
      "source_file": "psh_powershell_httplistener_2020-11-0204130683.json",
      "row_id": 88,
      "columns": [
        "Message",
        "EventID",
        "SourceName",
        "Hostname",
        "@timestamp",
        "Channel"
      ]
    }
  },
  {
    "event_id": "END-000089",
    "timestamp": "2020-11-02T04:13:05.543Z",
    "sector": "endpoint",
    "source_dataset": "mordor_endpoint_powershell_httplistener",
    "asset": "WORKSTATION5",
    "event_type": "endpoint_command_execution",
    "severity": "medium",
    "confidence": 0.72,
    "label": "endpoint_event",
    "endpoint": {
      "hostname": "WORKSTATION5",
      "event_id": 10,
      "source_name": "Microsoft-Windows-Sysmon",
      "channel": "Microsoft-Windows-Sysmon/Operational",
      "level": "4",
      "message": "Process accessed:\r\nRuleName: -\r\nUtcTime: 2020-11-02 09:13:05.524\r\nSourceProcessGUID: {39e4a257-f1b3-5f8b-a700-000000000700}\r\nSourceProcessId: 1072\r\nSourceThreadId: 1388\r\nSourceImage: C:\\windows\\Explorer.EXE\r\nTargetProcessGUID: {39e4a257-41a0-5f9a-2e36-000000000700}\r\nTargetProcessId: 12832\r\nTargetImage: C:\\windows\\system32\\conhost.exe\r\nGrantedAccess: 0x1410\r\nCallTrace: C:\\windows\\SYSTEM32\\ntdll.dll+9c584|C:\\windows\\System32\\KERNELBASE.dll+305fe|C:\\windows\\system32\\twinui.pcshell.dll+1d207|C:\\windows\\system32\\twinui.pcshell.dll+fadd0|C:\\windows\\System32\\KERNEL32.DLL+17c24|C:\\windows\\SYSTEM32\\ntdll.dll+6cea1",
      "signals": [
        "process_or_command_activity"
      ]
    },
    "evidence_ref": {
      "source_file": "psh_powershell_httplistener_2020-11-0204130683.json",
      "row_id": 89,
      "columns": [
        "Message",
        "EventID",
        "SourceName",
        "Hostname",
        "@timestamp",
        "Channel"
      ]
    }
  },
  {
    "event_id": "END-000090",
    "timestamp": "2020-11-02T04:13:05.543Z",
    "sector": "endpoint",
    "source_dataset": "mordor_endpoint_powershell_httplistener",
    "asset": "WORKSTATION5",
    "event_type": "endpoint_command_execution",
    "severity": "medium",
    "confidence": 0.72,
    "label": "endpoint_event",
    "endpoint": {
      "hostname": "WORKSTATION5",
      "event_id": 10,
      "source_name": "Microsoft-Windows-Sysmon",
      "channel": "Microsoft-Windows-Sysmon/Operational",
      "level": "4",
      "message": "Process accessed:\r\nRuleName: -\r\nUtcTime: 2020-11-02 09:13:05.524\r\nSourceProcessGUID: {39e4a257-f1b3-5f8b-a700-000000000700}\r\nSourceProcessId: 1072\r\nSourceThreadId: 1388\r\nSourceImage: C:\\windows\\Explorer.EXE\r\nTargetProcessGUID: {39e4a257-41a0-5f9a-2e36-000000000700}\r\nTargetProcessId: 12832\r\nTargetImage: C:\\windows\\system32\\conhost.exe\r\nGrantedAccess: 0x1000\r\nCallTrace: C:\\windows\\SYSTEM32\\ntdll.dll+9c584|C:\\windows\\System32\\KERNELBASE.dll+305fe|C:\\Windows\\System32\\appresolver.dll+221c5|C:\\Windows\\System32\\appresolver.dll+1edcc|C:\\windows\\system32\\twinui.pcshell.dll+1d434|C:\\windows\\system32\\twinui.pcshell.dll+fadd0|C:\\windows\\System32\\KERNEL32.DLL+17c24|C:\\windows\\SYSTEM32\\ntdll.dll+6cea1",
      "signals": [
        "process_or_command_activity"
      ]
    },
    "evidence_ref": {
      "source_file": "psh_powershell_httplistener_2020-11-0204130683.json",
      "row_id": 90,
      "columns": [
        "Message",
        "EventID",
        "SourceName",
        "Hostname",
        "@timestamp",
        "Channel"
      ]
    }
  },
  {
    "event_id": "END-000091",
    "timestamp": "2020-11-02T04:13:05.544Z",
    "sector": "endpoint",
    "source_dataset": "mordor_endpoint_powershell_httplistener",
    "asset": "WORKSTATION5",
    "event_type": "endpoint_command_execution",
    "severity": "medium",
    "confidence": 0.72,
    "label": "endpoint_event",
    "endpoint": {
      "hostname": "WORKSTATION5",
      "event_id": 10,
      "source_name": "Microsoft-Windows-Sysmon",
      "channel": "Microsoft-Windows-Sysmon/Operational",
      "level": "4",
      "message": "Process accessed:\r\nRuleName: -\r\nUtcTime: 2020-11-02 09:13:05.524\r\nSourceProcessGUID: {39e4a257-f1b3-5f8b-a700-000000000700}\r\nSourceProcessId: 1072\r\nSourceThreadId: 1388\r\nSourceImage: C:\\windows\\Explorer.EXE\r\nTargetProcessGUID: {39e4a257-41a0-5f9a-2e36-000000000700}\r\nTargetProcessId: 12832\r\nTargetImage: C:\\windows\\system32\\conhost.exe\r\nGrantedAccess: 0x1000\r\nCallTrace: C:\\windows\\SYSTEM32\\ntdll.dll+9c584|C:\\windows\\System32\\KERNELBASE.dll+305fe|C:\\Windows\\System32\\appresolver.dll+1ee93|C:\\windows\\system32\\twinui.pcshell.dll+1d434|C:\\windows\\system32\\twinui.pcshell.dll+fadd0|C:\\windows\\System32\\KERNEL32.DLL+17c24|C:\\windows\\SYSTEM32\\ntdll.dll+6cea1",
      "signals": [
        "process_or_command_activity"
      ]
    },
    "evidence_ref": {
      "source_file": "psh_powershell_httplistener_2020-11-0204130683.json",
      "row_id": 91,
      "columns": [
        "Message",
        "EventID",
        "SourceName",
        "Hostname",
        "@timestamp",
        "Channel"
      ]
    }
  },
  {
    "event_id": "END-000092",
    "timestamp": "2020-11-02T04:13:05.544Z",
    "sector": "endpoint",
    "source_dataset": "mordor_endpoint_powershell_httplistener",
    "asset": "WORKSTATION5",
    "event_type": "endpoint_command_execution",
    "severity": "medium",
    "confidence": 0.72,
    "label": "endpoint_event",
    "endpoint": {
      "hostname": "WORKSTATION5",
      "event_id": 10,
      "source_name": "Microsoft-Windows-Sysmon",
      "channel": "Microsoft-Windows-Sysmon/Operational",
      "level": "4",
      "message": "Process accessed:\r\nRuleName: -\r\nUtcTime: 2020-11-02 09:13:05.524\r\nSourceProcessGUID: {39e4a257-f1b3-5f8b-a700-000000000700}\r\nSourceProcessId: 1072\r\nSourceThreadId: 1388\r\nSourceImage: C:\\windows\\Explorer.EXE\r\nTargetProcessGUID: {39e4a257-41a0-5f9a-2e36-000000000700}\r\nTargetProcessId: 12832\r\nTargetImage: C:\\windows\\system32\\conhost.exe\r\nGrantedAccess: 0x1410\r\nCallTrace: C:\\windows\\SYSTEM32\\ntdll.dll+9c584|C:\\windows\\System32\\KERNELBASE.dll+305fe|C:\\Windows\\System32\\appresolver.dll+21ee8|C:\\Windows\\System32\\appresolver.dll+1ef46|C:\\windows\\system32\\twinui.pcshell.dll+1d434|C:\\windows\\system32\\twinui.pcshell.dll+fadd0|C:\\windows\\System32\\KERNEL32.DLL+17c24|C:\\windows\\SYSTEM32\\ntdll.dll+6cea1",
      "signals": [
        "process_or_command_activity"
      ]
    },
    "evidence_ref": {
      "source_file": "psh_powershell_httplistener_2020-11-0204130683.json",
      "row_id": 92,
      "columns": [
        "Message",
        "EventID",
        "SourceName",
        "Hostname",
        "@timestamp",
        "Channel"
      ]
    }
  },
  {
    "event_id": "END-000093",
    "timestamp": "2020-11-02T04:13:05.544Z",
    "sector": "endpoint",
    "source_dataset": "mordor_endpoint_powershell_httplistener",
    "asset": "WORKSTATION5",
    "event_type": "endpoint_command_execution",
    "severity": "medium",
    "confidence": 0.72,
    "label": "endpoint_event",
    "endpoint": {
      "hostname": "WORKSTATION5",
      "event_id": 10,
      "source_name": "Microsoft-Windows-Sysmon",
      "channel": "Microsoft-Windows-Sysmon/Operational",
      "level": "4",
      "message": "Process accessed:\r\nRuleName: -\r\nUtcTime: 2020-11-02 09:13:05.524\r\nSourceProcessGUID: {39e4a257-f132-5f8b-1000-000000000700}\r\nSourceProcessId: 944\r\nSourceThreadId: 13268\r\nSourceImage: C:\\windows\\system32\\svchost.exe\r\nTargetProcessGUID: {39e4a257-41a0-5f9a-2e36-000000000700}\r\nTargetProcessId: 12832\r\nTargetImage: C:\\windows\\system32\\conhost.exe\r\nGrantedAccess: 0x2000\r\nCallTrace: C:\\windows\\SYSTEM32\\ntdll.dll+9c584|C:\\windows\\SYSTEM32\\psmserviceexthost.dll+310c0|C:\\windows\\SYSTEM32\\psmserviceexthost.dll+30dbf|C:\\windows\\SYSTEM32\\ntdll.dll+6ba5|C:\\windows\\SYSTEM32\\ntdll.dll+67f1|C:\\windows\\SYSTEM32\\ntdll.dll+6650|C:\\windows\\SYSTEM32\\ntdll.dll+3052c|C:\\windows\\SYSTEM32\\ntdll.dll+34142|C:\\windows\\System32\\KERNEL32.DLL+17c24|C:\\windows\\SYSTEM32\\ntdll.dll+6cea1",
      "signals": [
        "process_or_command_activity"
      ]
    },
    "evidence_ref": {
      "source_file": "psh_powershell_httplistener_2020-11-0204130683.json",
      "row_id": 93,
      "columns": [
        "Message",
        "EventID",
        "SourceName",
        "Hostname",
        "@timestamp",
        "Channel"
      ]
    }
  },
  {
    "event_id": "END-000094",
    "timestamp": "2020-11-02T04:13:05.544Z",
    "sector": "endpoint",
    "source_dataset": "mordor_endpoint_powershell_httplistener",
    "asset": "WORKSTATION5",
    "event_type": "endpoint_powershell_activity",
    "severity": "medium",
    "confidence": 0.78,
    "label": "endpoint_event",
    "endpoint": {
      "hostname": "WORKSTATION5",
      "event_id": 10,
      "source_name": "Microsoft-Windows-Sysmon",
      "channel": "Microsoft-Windows-Sysmon/Operational",
      "level": "4",
      "message": "Process accessed:\r\nRuleName: -\r\nUtcTime: 2020-11-02 09:13:05.524\r\nSourceProcessGUID: {39e4a257-f1b3-5f8b-a700-000000000700}\r\nSourceProcessId: 1072\r\nSourceThreadId: 11428\r\nSourceImage: C:\\windows\\Explorer.EXE\r\nTargetProcessGUID: {39e4a257-41a0-5f9a-2d36-000000000700}\r\nTargetProcessId: 13264\r\nTargetImage: C:\\Windows\\System32\\WindowsPowerShell\\v1.0\\powershell.exe\r\nGrantedAccess: 0x1000\r\nCallTrace: C:\\windows\\SYSTEM32\\ntdll.dll+9c584|C:\\windows\\System32\\KERNELBASE.dll+305fe|C:\\Windows\\System32\\appresolver.dll+221c5|C:\\Windows\\System32\\appresolver.dll+1edcc|C:\\Windows\\System32\\appresolver.dll+1ecb7|C:\\windows\\Explorer.EXE+5b1a7|C:\\windows\\Explorer.EXE+5b0a4|C:\\windows\\Explorer.EXE+29a50|C:\\windows\\System32\\windows.storage.dll+16e1c4|C:\\windows\\System32\\windows.storage.dll+16de05|C:\\windows\\System32\\windows.storage.dll+16dce5|C:\\windows\\System32\\shcore.dll+31636|C:\\windows\\SYSTEM32\\ntdll.dll+2f655|C:\\windows\\SYSTEM32\\ntdll.dll+345b4|C:\\windows\\System32\\KERNEL32.DLL+17c24|C:\\windows\\SYSTEM32\\ntdll.dll+6cea1",
      "signals": [
        "powershell_activity",
        "process_or_command_activity"
      ]
    },
    "evidence_ref": {
      "source_file": "psh_powershell_httplistener_2020-11-0204130683.json",
      "row_id": 94,
      "columns": [
        "Message",
        "EventID",
        "SourceName",
        "Hostname",
        "@timestamp",
        "Channel"
      ]
    }
  },
  {
    "event_id": "END-000095",
    "timestamp": "2020-11-02T04:13:05.544Z",
    "sector": "endpoint",
    "source_dataset": "mordor_endpoint_powershell_httplistener",
    "asset": "WORKSTATION5",
    "event_type": "endpoint_powershell_activity",
    "severity": "medium",
    "confidence": 0.78,
    "label": "endpoint_event",
    "endpoint": {
      "hostname": "WORKSTATION5",
      "event_id": 10,
      "source_name": "Microsoft-Windows-Sysmon",
      "channel": "Microsoft-Windows-Sysmon/Operational",
      "level": "4",
      "message": "Process accessed:\r\nRuleName: -\r\nUtcTime: 2020-11-02 09:13:05.524\r\nSourceProcessGUID: {39e4a257-f1b3-5f8b-a700-000000000700}\r\nSourceProcessId: 1072\r\nSourceThreadId: 11428\r\nSourceImage: C:\\windows\\Explorer.EXE\r\nTargetProcessGUID: {39e4a257-41a0-5f9a-2d36-000000000700}\r\nTargetProcessId: 13264\r\nTargetImage: C:\\Windows\\System32\\WindowsPowerShell\\v1.0\\powershell.exe\r\nGrantedAccess: 0x1400\r\nCallTrace: C:\\windows\\SYSTEM32\\ntdll.dll+9c584|C:\\windows\\System32\\KERNELBASE.dll+305fe|C:\\Windows\\System32\\appresolver.dll+1c4d6|C:\\Windows\\System32\\appresolver.dll+22383|C:\\Windows\\System32\\appresolver.dll+1edcc|C:\\Windows\\System32\\appresolver.dll+1ecb7|C:\\windows\\Explorer.EXE+5b1a7|C:\\windows\\Explorer.EXE+5b0a4|C:\\windows\\Explorer.EXE+29a50|C:\\windows\\System32\\windows.storage.dll+16e1c4|C:\\windows\\System32\\windows.storage.dll+16de05|C:\\windows\\System32\\windows.storage.dll+16dce5|C:\\windows\\System32\\shcore.dll+31636|C:\\windows\\SYSTEM32\\ntdll.dll+2f655|C:\\windows\\SYSTEM32\\ntdll.dll+345b4|C:\\windows\\System32\\KERNEL32.DLL+17c24|C:\\windows\\SYSTEM32\\ntdll.dll+6cea1",
      "signals": [
        "powershell_activity",
        "process_or_command_activity"
      ]
    },
    "evidence_ref": {
      "source_file": "psh_powershell_httplistener_2020-11-0204130683.json",
      "row_id": 95,
      "columns": [
        "Message",
        "EventID",
        "SourceName",
        "Hostname",
        "@timestamp",
        "Channel"
      ]
    }
  },
  {
    "event_id": "END-000096",
    "timestamp": "2020-11-02T04:13:05.544Z",
    "sector": "endpoint",
    "source_dataset": "mordor_endpoint_powershell_httplistener",
    "asset": "WORKSTATION5",
    "event_type": "endpoint_command_execution",
    "severity": "medium",
    "confidence": 0.72,
    "label": "endpoint_event",
    "endpoint": {
      "hostname": "WORKSTATION5",
      "event_id": 13,
      "source_name": "Microsoft-Windows-Sysmon",
      "channel": "Microsoft-Windows-Sysmon/Operational",
      "level": "4",
      "message": "Registry value set:\r\nRuleName: -\r\nEventType: SetValue\r\nUtcTime: 2020-11-02 09:13:05.524\r\nProcessGuid: {39e4a257-f1b3-5f8b-a700-000000000700}\r\nProcessId: 1072\r\nImage: C:\\windows\\Explorer.EXE\r\nTargetObject: HKU\\S-1-5-21-3940915590-64593676-1414006259-500\\Software\\Microsoft\\Windows\\CurrentVersion\\Explorer\\UserAssist\\{CEBFF5CD-ACE2-4F4F-9178-9926F41749EA}\\Count\\{1NP14R77-02R7-4R5Q-O744-2RO1NR5198O7}\\JvaqbjfCbjreFuryy\\i1.0\\cbjrefuryy.rkr\r\nDetails: Binary Data",
      "signals": [
        "process_or_command_activity"
      ]
    },
    "evidence_ref": {
      "source_file": "psh_powershell_httplistener_2020-11-0204130683.json",
      "row_id": 96,
      "columns": [
        "Message",
        "EventID",
        "SourceName",
        "Hostname",
        "@timestamp",
        "Channel"
      ]
    }
  },
  {
    "event_id": "END-000097",
    "timestamp": "2020-11-02T04:13:05.544Z",
    "sector": "endpoint",
    "source_dataset": "mordor_endpoint_powershell_httplistener",
    "asset": "WORKSTATION5",
    "event_type": "endpoint_command_execution",
    "severity": "medium",
    "confidence": 0.72,
    "label": "endpoint_event",
    "endpoint": {
      "hostname": "WORKSTATION5",
      "event_id": 13,
      "source_name": "Microsoft-Windows-Sysmon",
      "channel": "Microsoft-Windows-Sysmon/Operational",
      "level": "4",
      "message": "Registry value set:\r\nRuleName: -\r\nEventType: SetValue\r\nUtcTime: 2020-11-02 09:13:05.524\r\nProcessGuid: {39e4a257-f1b3-5f8b-a700-000000000700}\r\nProcessId: 1072\r\nImage: C:\\windows\\Explorer.EXE\r\nTargetObject: HKU\\S-1-5-21-3940915590-64593676-1414006259-500\\Software\\Microsoft\\Windows\\CurrentVersion\\Explorer\\UserAssist\\{CEBFF5CD-ACE2-4F4F-9178-9926F41749EA}\\Count\\HRZR_PGYFRFFVBA\r\nDetails: Binary Data",
      "signals": [
        "process_or_command_activity"
      ]
    },
    "evidence_ref": {
      "source_file": "psh_powershell_httplistener_2020-11-0204130683.json",
      "row_id": 97,
      "columns": [
        "Message",
        "EventID",
        "SourceName",
        "Hostname",
        "@timestamp",
        "Channel"
      ]
    }
  },
  {
    "event_id": "END-000098",
    "timestamp": "2020-11-02T04:13:05.544Z",
    "sector": "endpoint",
    "source_dataset": "mordor_endpoint_powershell_httplistener",
    "asset": "WORKSTATION5",
    "event_type": "endpoint_powershell_activity",
    "severity": "medium",
    "confidence": 0.78,
    "label": "endpoint_event",
    "endpoint": {
      "hostname": "WORKSTATION5",
      "event_id": 10,
      "source_name": "Microsoft-Windows-Sysmon",
      "channel": "Microsoft-Windows-Sysmon/Operational",
      "level": "4",
      "message": "Process accessed:\r\nRuleName: -\r\nUtcTime: 2020-11-02 09:13:05.524\r\nSourceProcessGUID: {39e4a257-f1b3-5f8b-a700-000000000700}\r\nSourceProcessId: 1072\r\nSourceThreadId: 4688\r\nSourceImage: C:\\windows\\Explorer.EXE\r\nTargetProcessGUID: {39e4a257-41a0-5f9a-2d36-000000000700}\r\nTargetProcessId: 13264\r\nTargetImage: C:\\Windows\\System32\\WindowsPowerShell\\v1.0\\powershell.exe\r\nGrantedAccess: 0x1000\r\nCallTrace: C:\\windows\\SYSTEM32\\ntdll.dll+9c584|C:\\windows\\System32\\KERNELBASE.dll+305fe|C:\\windows\\SYSTEM32\\TWINAPI.dll+6d4c|C:\\windows\\system32\\twinui.pcshell.dll+20880|C:\\windows\\system32\\twinui.pcshell.dll+20082|C:\\windows\\system32\\twinui.dll+1780b|C:\\windows\\system32\\twinui.dll+1734c|C:\\windows\\system32\\twinui.dll+68f7a|C:\\windows\\system32\\twinui.dll+16e09|C:\\windows\\system32\\twinui.dll+16f4b|C:\\windows\\system32\\twinui.dll+16ecd|C:\\windows\\System32\\USER32.dll+15c1d|C:\\windows\\System32\\USER32.dll+15612|C:\\Windows\\System32\\windows.immersiveshell.serviceprovider.dll+45f0|C:\\Windows\\System32\\windows.immersiveshell.serviceprovider.dll+41b9|C:\\Windows\\System32\\windows.immersiveshell.serviceprovider.dll+3e4f|C:\\windows\\System32\\KERNEL32.DLL+17c24|C:\\windows\\SYSTEM32\\ntdll.dll+6cea1",
      "signals": [
        "powershell_activity",
        "process_or_command_activity"
      ]
    },
    "evidence_ref": {
      "source_file": "psh_powershell_httplistener_2020-11-0204130683.json",
      "row_id": 98,
      "columns": [
        "Message",
        "EventID",
        "SourceName",
        "Hostname",
        "@timestamp",
        "Channel"
      ]
    }
  },
  {
    "event_id": "END-000099",
    "timestamp": "2020-11-02T04:13:05.544Z",
    "sector": "endpoint",
    "source_dataset": "mordor_endpoint_powershell_httplistener",
    "asset": "WORKSTATION5",
    "event_type": "endpoint_powershell_activity",
    "severity": "medium",
    "confidence": 0.78,
    "label": "endpoint_event",
    "endpoint": {
      "hostname": "WORKSTATION5",
      "event_id": 10,
      "source_name": "Microsoft-Windows-Sysmon",
      "channel": "Microsoft-Windows-Sysmon/Operational",
      "level": "4",
      "message": "Process accessed:\r\nRuleName: -\r\nUtcTime: 2020-11-02 09:13:05.524\r\nSourceProcessGUID: {39e4a257-f1b3-5f8b-a700-000000000700}\r\nSourceProcessId: 1072\r\nSourceThreadId: 4688\r\nSourceImage: C:\\windows\\Explorer.EXE\r\nTargetProcessGUID: {39e4a257-41a0-5f9a-2d36-000000000700}\r\nTargetProcessId: 13264\r\nTargetImage: C:\\Windows\\System32\\WindowsPowerShell\\v1.0\\powershell.exe\r\nGrantedAccess: 0x2000\r\nCallTrace: C:\\windows\\SYSTEM32\\ntdll.dll+9c584|C:\\windows\\System32\\KERNELBASE.dll+305fe|C:\\windows\\system32\\twinui.dll+783a3|C:\\windows\\system32\\twinui.dll+1780b|C:\\windows\\system32\\twinui.dll+1734c|C:\\windows\\system32\\twinui.dll+68f7a|C:\\windows\\system32\\twinui.dll+16e09|C:\\windows\\system32\\twinui.dll+16f4b|C:\\windows\\system32\\twinui.dll+16ecd|C:\\windows\\System32\\USER32.dll+15c1d|C:\\windows\\System32\\USER32.dll+15612|C:\\Windows\\System32\\windows.immersiveshell.serviceprovider.dll+45f0|C:\\Windows\\System32\\windows.immersiveshell.serviceprovider.dll+41b9|C:\\Windows\\System32\\windows.immersiveshell.serviceprovider.dll+3e4f|C:\\windows\\System32\\KERNEL32.DLL+17c24|C:\\windows\\SYSTEM32\\ntdll.dll+6cea1",
      "signals": [
        "powershell_activity",
        "process_or_command_activity"
      ]
    },
    "evidence_ref": {
      "source_file": "psh_powershell_httplistener_2020-11-0204130683.json",
      "row_id": 99,
      "columns": [
        "Message",
        "EventID",
        "SourceName",
        "Hostname",
        "@timestamp",
        "Channel"
      ]
    }
  },
  {
    "event_id": "END-000100",
    "timestamp": "2020-11-02T04:13:05.545Z",
    "sector": "endpoint",
    "source_dataset": "mordor_endpoint_powershell_httplistener",
    "asset": "WORKSTATION5",
    "event_type": "endpoint_command_execution",
    "severity": "medium",
    "confidence": 0.72,
    "label": "endpoint_event",
    "endpoint": {
      "hostname": "WORKSTATION5",
      "event_id": 10,
      "source_name": "Microsoft-Windows-Sysmon",
      "channel": "Microsoft-Windows-Sysmon/Operational",
      "level": "4",
      "message": "Process accessed:\r\nRuleName: -\r\nUtcTime: 2020-11-02 09:13:05.540\r\nSourceProcessGUID: {39e4a257-f1b3-5f8b-a700-000000000700}\r\nSourceProcessId: 1072\r\nSourceThreadId: 4688\r\nSourceImage: C:\\windows\\Explorer.EXE\r\nTargetProcessGUID: {39e4a257-f247-5f8b-d300-000000000700}\r\nTargetProcessId: 4368\r\nTargetImage: C:\\Windows\\SystemApps\\InputApp_cw5n1h2txyewy\\WindowsInternal.ComposableShell.Experiences.TextInput.InputApp.exe\r\nGrantedAccess: 0x2000\r\nCallTrace: C:\\windows\\SYSTEM32\\ntdll.dll+9c584|C:\\windows\\System32\\KERNELBASE.dll+305fe|C:\\windows\\system32\\twinui.dll+72a89|C:\\windows\\system32\\twinui.dll+785b2|C:\\windows\\system32\\twinui.dll+1780b|C:\\windows\\system32\\twinui.dll+1734c|C:\\windows\\system32\\twinui.dll+68f7a|C:\\windows\\system32\\twinui.dll+16e09|C:\\windows\\system32\\twinui.dll+16f4b|C:\\windows\\system32\\twinui.dll+16ecd|C:\\windows\\System32\\USER32.dll+15c1d|C:\\windows\\System32\\USER32.dll+15612|C:\\Windows\\System32\\windows.immersiveshell.serviceprovider.dll+45f0|C:\\Windows\\System32\\windows.immersiveshell.serviceprovider.dll+41b9|C:\\Windows\\System32\\windows.immersiveshell.serviceprovider.dll+3e4f|C:\\windows\\System32\\KERNEL32.DLL+17c24|C:\\windows\\SYSTEM32\\ntdll.dll+6cea1",
      "signals": [
        "process_or_command_activity"
      ]
    },
    "evidence_ref": {
      "source_file": "psh_powershell_httplistener_2020-11-0204130683.json",
      "row_id": 100,
      "columns": [
        "Message",
        "EventID",
        "SourceName",
        "Hostname",
        "@timestamp",
        "Channel"
      ]
    }
  },
  {
    "event_id": "END-000101",
    "timestamp": "2020-11-02T04:13:05.545Z",
    "sector": "endpoint",
    "source_dataset": "mordor_endpoint_powershell_httplistener",
    "asset": "WORKSTATION5",
    "event_type": "endpoint_powershell_activity",
    "severity": "medium",
    "confidence": 0.78,
    "label": "endpoint_event",
    "endpoint": {
      "hostname": "WORKSTATION5",
      "event_id": 10,
      "source_name": "Microsoft-Windows-Sysmon",
      "channel": "Microsoft-Windows-Sysmon/Operational",
      "level": "4",
      "message": "Process accessed:\r\nRuleName: -\r\nUtcTime: 2020-11-02 09:13:05.540\r\nSourceProcessGUID: {39e4a257-f1b3-5f8b-a700-000000000700}\r\nSourceProcessId: 1072\r\nSourceThreadId: 4688\r\nSourceImage: C:\\windows\\Explorer.EXE\r\nTargetProcessGUID: {39e4a257-41a0-5f9a-2d36-000000000700}\r\nTargetProcessId: 13264\r\nTargetImage: C:\\Windows\\System32\\WindowsPowerShell\\v1.0\\powershell.exe\r\nGrantedAccess: 0x2000\r\nCallTrace: C:\\windows\\SYSTEM32\\ntdll.dll+9c584|C:\\windows\\System32\\KERNELBASE.dll+305fe|C:\\windows\\system32\\twinui.dll+72a89|C:\\windows\\system32\\twinui.dll+785b2|C:\\windows\\system32\\twinui.dll+1780b|C:\\windows\\system32\\twinui.dll+1734c|C:\\windows\\system32\\twinui.dll+68f7a|C:\\windows\\system32\\twinui.dll+16e09|C:\\windows\\system32\\twinui.dll+16f4b|C:\\windows\\system32\\twinui.dll+16ecd|C:\\windows\\System32\\USER32.dll+15c1d|C:\\windows\\System32\\USER32.dll+15612|C:\\Windows\\System32\\windows.immersiveshell.serviceprovider.dll+45f0|C:\\Windows\\System32\\windows.immersiveshell.serviceprovider.dll+41b9|C:\\Windows\\System32\\windows.immersiveshell.serviceprovider.dll+3e4f|C:\\windows\\System32\\KERNEL32.DLL+17c24|C:\\windows\\SYSTEM32\\ntdll.dll+6cea1",
      "signals": [
        "powershell_activity",
        "process_or_command_activity"
      ]
    },
    "evidence_ref": {
      "source_file": "psh_powershell_httplistener_2020-11-0204130683.json",
      "row_id": 101,
      "columns": [
        "Message",
        "EventID",
        "SourceName",
        "Hostname",
        "@timestamp",
        "Channel"
      ]
    }
  },
  {
    "event_id": "END-000102",
    "timestamp": "2020-11-02T04:13:05.545Z",
    "sector": "endpoint",
    "source_dataset": "mordor_endpoint_powershell_httplistener",
    "asset": "WORKSTATION5",
    "event_type": "endpoint_powershell_activity",
    "severity": "medium",
    "confidence": 0.78,
    "label": "endpoint_event",
    "endpoint": {
      "hostname": "WORKSTATION5",
      "event_id": 10,
      "source_name": "Microsoft-Windows-Sysmon",
      "channel": "Microsoft-Windows-Sysmon/Operational",
      "level": "4",
      "message": "Process accessed:\r\nRuleName: -\r\nUtcTime: 2020-11-02 09:13:05.540\r\nSourceProcessGUID: {39e4a257-f1b3-5f8b-a700-000000000700}\r\nSourceProcessId: 1072\r\nSourceThreadId: 4688\r\nSourceImage: C:\\windows\\Explorer.EXE\r\nTargetProcessGUID: {39e4a257-cd82-5f9f-f949-000000000700}\r\nTargetProcessId: 10668\r\nTargetImage: C:\\Windows\\System32\\WindowsPowerShell\\v1.0\\powershell.exe\r\nGrantedAccess: 0x2000\r\nCallTrace: C:\\windows\\SYSTEM32\\ntdll.dll+9c584|C:\\windows\\System32\\KERNELBASE.dll+305fe|C:\\windows\\system32\\twinui.dll+72a89|C:\\windows\\system32\\twinui.dll+785b2|C:\\windows\\system32\\twinui.dll+1780b|C:\\windows\\system32\\twinui.dll+1734c|C:\\windows\\system32\\twinui.dll+68f7a|C:\\windows\\system32\\twinui.dll+16e09|C:\\windows\\system32\\twinui.dll+16f4b|C:\\windows\\system32\\twinui.dll+16ecd|C:\\windows\\System32\\USER32.dll+15c1d|C:\\windows\\System32\\USER32.dll+15612|C:\\Windows\\System32\\windows.immersiveshell.serviceprovider.dll+45f0|C:\\Windows\\System32\\windows.immersiveshell.serviceprovider.dll+41b9|C:\\Windows\\System32\\windows.immersiveshell.serviceprovider.dll+3e4f|C:\\windows\\System32\\KERNEL32.DLL+17c24|C:\\windows\\SYSTEM32\\ntdll.dll+6cea1",
      "signals": [
        "powershell_activity",
        "process_or_command_activity"
      ]
    },
    "evidence_ref": {
      "source_file": "psh_powershell_httplistener_2020-11-0204130683.json",
      "row_id": 102,
      "columns": [
        "Message",
        "EventID",
        "SourceName",
        "Hostname",
        "@timestamp",
        "Channel"
      ]
    }
  },
  {
    "event_id": "END-000103",
    "timestamp": "2020-11-02T04:13:05.545Z",
    "sector": "endpoint",
    "source_dataset": "mordor_endpoint_powershell_httplistener",
    "asset": "WORKSTATION5",
    "event_type": "endpoint_powershell_activity",
    "severity": "medium",
    "confidence": 0.78,
    "label": "endpoint_event",
    "endpoint": {
      "hostname": "WORKSTATION5",
      "event_id": 10,
      "source_name": "Microsoft-Windows-Sysmon",
      "channel": "Microsoft-Windows-Sysmon/Operational",
      "level": "4",
      "message": "Process accessed:\r\nRuleName: -\r\nUtcTime: 2020-11-02 09:13:05.540\r\nSourceProcessGUID: {39e4a257-f1b3-5f8b-a700-000000000700}\r\nSourceProcessId: 1072\r\nSourceThreadId: 7496\r\nSourceImage: C:\\windows\\Explorer.EXE\r\nTargetProcessGUID: {39e4a257-41a0-5f9a-2d36-000000000700}\r\nTargetProcessId: 13264\r\nTargetImage: C:\\Windows\\System32\\WindowsPowerShell\\v1.0\\powershell.exe\r\nGrantedAccess: 0x1000\r\nCallTrace: C:\\windows\\SYSTEM32\\ntdll.dll+9c584|C:\\windows\\System32\\KERNELBASE.dll+305fe|C:\\windows\\System32\\NPSMDesktopProvider.dll+1dbfa|C:\\windows\\System32\\NPSMDesktopProvider.dll+139e2|C:\\windows\\System32\\NPSMDesktopProvider.dll+1415b|C:\\windows\\System32\\shcore.dll+c540|C:\\windows\\System32\\shcore.dll+c1c8|C:\\windows\\System32\\shcore.dll+ac61|C:\\windows\\System32\\KERNEL32.DLL+17c24|C:\\windows\\SYSTEM32\\ntdll.dll+6cea1",
      "signals": [
        "powershell_activity",
        "process_or_command_activity"
      ]
    },
    "evidence_ref": {
      "source_file": "psh_powershell_httplistener_2020-11-0204130683.json",
      "row_id": 103,
      "columns": [
        "Message",
        "EventID",
        "SourceName",
        "Hostname",
        "@timestamp",
        "Channel"
      ]
    }
  },
  {
    "event_id": "END-000104",
    "timestamp": "2020-11-02T04:13:05.552Z",
    "sector": "endpoint",
    "source_dataset": "mordor_endpoint_powershell_httplistener",
    "asset": "WORKSTATION5",
    "event_type": "endpoint_powershell_activity",
    "severity": "medium",
    "confidence": 0.78,
    "label": "endpoint_event",
    "endpoint": {
      "hostname": "WORKSTATION5",
      "event_id": 10,
      "source_name": "Microsoft-Windows-Sysmon",
      "channel": "Microsoft-Windows-Sysmon/Operational",
      "level": "4",
      "message": "Process accessed:\r\nRuleName: -\r\nUtcTime: 2020-11-02 09:13:05.540\r\nSourceProcessGUID: {39e4a257-f1b3-5f8b-a700-000000000700}\r\nSourceProcessId: 1072\r\nSourceThreadId: 2480\r\nSourceImage: C:\\windows\\Explorer.EXE\r\nTargetProcessGUID: {39e4a257-41a0-5f9a-2d36-000000000700}\r\nTargetProcessId: 13264\r\nTargetImage: C:\\Windows\\System32\\WindowsPowerShell\\v1.0\\powershell.exe\r\nGrantedAccess: 0x1000\r\nCallTrace: C:\\windows\\SYSTEM32\\ntdll.dll+9c584|C:\\windows\\System32\\KERNELBASE.dll+305fe|C:\\Windows\\System32\\TaskFlowDataEngine.dll+cf160|C:\\Windows\\System32\\TaskFlowDataEngine.dll+9827b|C:\\Windows\\System32\\TaskFlowDataEngine.dll+978ff|C:\\Windows\\System32\\TaskFlowDataEngine.dll+973f9|C:\\Windows\\System32\\TaskFlowDataEngine.dll+96e25|C:\\Windows\\System32\\TaskFlowDataEngine.dll+94c85|C:\\Windows\\System32\\TaskFlowDataEngine.dll+93658|C:\\Windows\\System32\\TaskFlowDataEngine.dll+9dfb1|C:\\windows\\System32\\shcore.dll+c540|C:\\windows\\System32\\shcore.dll+c1c8|C:\\windows\\System32\\shcore.dll+ac61|C:\\windows\\System32\\KERNEL32.DLL+17c24|C:\\windows\\SYSTEM32\\ntdll.dll+6cea1",
      "signals": [
        "powershell_activity",
        "process_or_command_activity"
      ]
    },
    "evidence_ref": {
      "source_file": "psh_powershell_httplistener_2020-11-0204130683.json",
      "row_id": 104,
      "columns": [
        "Message",
        "EventID",
        "SourceName",
        "Hostname",
        "@timestamp",
        "Channel"
      ]
    }
  },
  {
    "event_id": "END-000105",
    "timestamp": "2020-11-02T04:13:05.557Z",
    "sector": "endpoint",
    "source_dataset": "mordor_endpoint_powershell_httplistener",
    "asset": "WORKSTATION5",
    "event_type": "endpoint_command_execution",
    "severity": "medium",
    "confidence": 0.72,
    "label": "endpoint_event",
    "endpoint": {
      "hostname": "WORKSTATION5",
      "event_id": 13,
      "source_name": "Microsoft-Windows-Sysmon",
      "channel": "Microsoft-Windows-Sysmon/Operational",
      "level": "4",
      "message": "Registry value set:\r\nRuleName: -\r\nEventType: SetValue\r\nUtcTime: 2020-11-02 09:13:05.555\r\nProcessGuid: {39e4a257-f1b3-5f8b-a700-000000000700}\r\nProcessId: 1072\r\nImage: C:\\windows\\Explorer.EXE\r\nTargetObject: HKU\\S-1-5-21-3940915590-64593676-1414006259-500\\Software\\Microsoft\\Windows\\CurrentVersion\\ActivityDataModel\\ReaderRevisionInfo\\A972977C-95EC-9F21-DCC4-595CA3A0E033\r\nDetails: Binary Data",
      "signals": [
        "process_or_command_activity"
      ]
    },
    "evidence_ref": {
      "source_file": "psh_powershell_httplistener_2020-11-0204130683.json",
      "row_id": 105,
      "columns": [
        "Message",
        "EventID",
        "SourceName",
        "Hostname",
        "@timestamp",
        "Channel"
      ]
    }
  },
  {
    "event_id": "END-000106",
    "timestamp": "2020-11-02T04:13:05.559Z",
    "sector": "endpoint",
    "source_dataset": "mordor_endpoint_powershell_httplistener",
    "asset": "WORKSTATION5",
    "event_type": "endpoint_command_execution",
    "severity": "medium",
    "confidence": 0.72,
    "label": "endpoint_event",
    "endpoint": {
      "hostname": "WORKSTATION5",
      "event_id": 13,
      "source_name": "Microsoft-Windows-Sysmon",
      "channel": "Microsoft-Windows-Sysmon/Operational",
      "level": "4",
      "message": "Registry value set:\r\nRuleName: -\r\nEventType: SetValue\r\nUtcTime: 2020-11-02 09:13:05.555\r\nProcessGuid: {39e4a257-f1b3-5f8b-a700-000000000700}\r\nProcessId: 1072\r\nImage: C:\\windows\\Explorer.EXE\r\nTargetObject: HKU\\S-1-5-21-3940915590-64593676-1414006259-500\\Software\\Microsoft\\Windows\\CurrentVersion\\ActivityDataModel\\ReaderRevisionInfo\\A972977C-95EC-9F21-DCC4-595CA3A0E033\r\nDetails: Binary Data",
      "signals": [
        "process_or_command_activity"
      ]
    },
    "evidence_ref": {
      "source_file": "psh_powershell_httplistener_2020-11-0204130683.json",
      "row_id": 106,
      "columns": [
        "Message",
        "EventID",
        "SourceName",
        "Hostname",
        "@timestamp",
        "Channel"
      ]
    }
  },
  {
    "event_id": "END-000107",
    "timestamp": "2020-11-02T04:13:05.650Z",
    "sector": "endpoint",
    "source_dataset": "mordor_endpoint_powershell_httplistener",
    "asset": "WORKSTATION5",
    "event_type": "endpoint_command_execution",
    "severity": "medium",
    "confidence": 0.72,
    "label": "endpoint_event",
    "endpoint": {
      "hostname": "WORKSTATION5",
      "event_id": 10,
      "source_name": "Microsoft-Windows-Sysmon",
      "channel": "Microsoft-Windows-Sysmon/Operational",
      "level": "4",
      "message": "Process accessed:\r\nRuleName: -\r\nUtcTime: 2020-11-02 09:13:05.649\r\nSourceProcessGUID: {39e4a257-f1b3-5f8b-a700-000000000700}\r\nSourceProcessId: 1072\r\nSourceThreadId: 5388\r\nSourceImage: C:\\windows\\Explorer.EXE\r\nTargetProcessGUID: {39e4a257-f247-5f8b-d300-000000000700}\r\nTargetProcessId: 4368\r\nTargetImage: C:\\Windows\\SystemApps\\InputApp_cw5n1h2txyewy\\WindowsInternal.ComposableShell.Experiences.TextInput.InputApp.exe\r\nGrantedAccess: 0x2000\r\nCallTrace: C:\\windows\\SYSTEM32\\ntdll.dll+9c584|C:\\windows\\System32\\KERNELBASE.dll+305fe|C:\\windows\\system32\\twinui.dll+72a89|C:\\windows\\SYSTEM32\\ntdll.dll+30729|C:\\windows\\SYSTEM32\\ntdll.dll+345b4|C:\\windows\\System32\\KERNEL32.DLL+17c24|C:\\windows\\SYSTEM32\\ntdll.dll+6cea1",
      "signals": [
        "process_or_command_activity"
      ]
    },
    "evidence_ref": {
      "source_file": "psh_powershell_httplistener_2020-11-0204130683.json",
      "row_id": 107,
      "columns": [
        "Message",
        "EventID",
        "SourceName",
        "Hostname",
        "@timestamp",
        "Channel"
      ]
    }
  },
  {
    "event_id": "END-000108",
    "timestamp": "2020-11-02T04:13:05.650Z",
    "sector": "endpoint",
    "source_dataset": "mordor_endpoint_powershell_httplistener",
    "asset": "WORKSTATION5",
    "event_type": "endpoint_powershell_activity",
    "severity": "medium",
    "confidence": 0.78,
    "label": "endpoint_event",
    "endpoint": {
      "hostname": "WORKSTATION5",
      "event_id": 10,
      "source_name": "Microsoft-Windows-Sysmon",
      "channel": "Microsoft-Windows-Sysmon/Operational",
      "level": "4",
      "message": "Process accessed:\r\nRuleName: -\r\nUtcTime: 2020-11-02 09:13:05.649\r\nSourceProcessGUID: {39e4a257-f1b3-5f8b-a700-000000000700}\r\nSourceProcessId: 1072\r\nSourceThreadId: 5388\r\nSourceImage: C:\\windows\\Explorer.EXE\r\nTargetProcessGUID: {39e4a257-41a0-5f9a-2d36-000000000700}\r\nTargetProcessId: 13264\r\nTargetImage: C:\\Windows\\System32\\WindowsPowerShell\\v1.0\\powershell.exe\r\nGrantedAccess: 0x2000\r\nCallTrace: C:\\windows\\SYSTEM32\\ntdll.dll+9c584|C:\\windows\\System32\\KERNELBASE.dll+305fe|C:\\windows\\system32\\twinui.dll+72a89|C:\\windows\\SYSTEM32\\ntdll.dll+30729|C:\\windows\\SYSTEM32\\ntdll.dll+345b4|C:\\windows\\System32\\KERNEL32.DLL+17c24|C:\\windows\\SYSTEM32\\ntdll.dll+6cea1",
      "signals": [
        "powershell_activity",
        "process_or_command_activity"
      ]
    },
    "evidence_ref": {
      "source_file": "psh_powershell_httplistener_2020-11-0204130683.json",
      "row_id": 108,
      "columns": [
        "Message",
        "EventID",
        "SourceName",
        "Hostname",
        "@timestamp",
        "Channel"
      ]
    }
  },
  {
    "event_id": "END-000109",
    "timestamp": "2020-11-02T04:13:05.650Z",
    "sector": "endpoint",
    "source_dataset": "mordor_endpoint_powershell_httplistener",
    "asset": "WORKSTATION5",
    "event_type": "endpoint_powershell_activity",
    "severity": "medium",
    "confidence": 0.78,
    "label": "endpoint_event",
    "endpoint": {
      "hostname": "WORKSTATION5",
      "event_id": 10,
      "source_name": "Microsoft-Windows-Sysmon",
      "channel": "Microsoft-Windows-Sysmon/Operational",
      "level": "4",
      "message": "Process accessed:\r\nRuleName: -\r\nUtcTime: 2020-11-02 09:13:05.649\r\nSourceProcessGUID: {39e4a257-f1b3-5f8b-a700-000000000700}\r\nSourceProcessId: 1072\r\nSourceThreadId: 5388\r\nSourceImage: C:\\windows\\Explorer.EXE\r\nTargetProcessGUID: {39e4a257-cd82-5f9f-f949-000000000700}\r\nTargetProcessId: 10668\r\nTargetImage: C:\\Windows\\System32\\WindowsPowerShell\\v1.0\\powershell.exe\r\nGrantedAccess: 0x2000\r\nCallTrace: C:\\windows\\SYSTEM32\\ntdll.dll+9c584|C:\\windows\\System32\\KERNELBASE.dll+305fe|C:\\windows\\system32\\twinui.dll+72a89|C:\\windows\\SYSTEM32\\ntdll.dll+30729|C:\\windows\\SYSTEM32\\ntdll.dll+345b4|C:\\windows\\System32\\KERNEL32.DLL+17c24|C:\\windows\\SYSTEM32\\ntdll.dll+6cea1",
      "signals": [
        "powershell_activity",
        "process_or_command_activity"
      ]
    },
    "evidence_ref": {
      "source_file": "psh_powershell_httplistener_2020-11-0204130683.json",
      "row_id": 109,
      "columns": [
        "Message",
        "EventID",
        "SourceName",
        "Hostname",
        "@timestamp",
        "Channel"
      ]
    }
  }
]